2020-12-29 01:08:43.174  INFO [Bunker-Microservice-1,,] 99680 --- [restartedMain] c.b.m.Microservice1Application           : Starting Microservice1Application using Java 1.8.0_241 on ubuntu-server-01 with PID 99680 (/home/lukasz/Documents/workspace/bunker-system/microservice1/target/classes started by lukasz in /home/lukasz/Documents/workspace/bunker-system/microservice1)
2020-12-29 01:08:43.174  INFO [Bunker-Microservice-1,,] 99680 --- [restartedMain] c.b.m.Microservice1Application           : No active profile set, falling back to default profiles: default
2020-12-29 01:08:43.400  INFO [Bunker-Microservice-1,,] 99680 --- [restartedMain] o.s.cloud.context.scope.GenericScope     : BeanFactory id=c2f0e611-dc93-34a6-857c-26266241d082
2020-12-29 01:08:43.480  INFO [Bunker-Microservice-1,,] 99680 --- [restartedMain] o.s.b.w.embedded.tomcat.TomcatWebServer  : Tomcat initialized with port(s): 0 (http)
2020-12-29 01:08:43.480  INFO [Bunker-Microservice-1,,] 99680 --- [restartedMain] o.apache.catalina.core.StandardService   : Starting service [Tomcat]
2020-12-29 01:08:43.480  INFO [Bunker-Microservice-1,,] 99680 --- [restartedMain] org.apache.catalina.core.StandardEngine  : Starting Servlet engine: [Apache Tomcat/9.0.41]
2020-12-29 01:08:43.483  INFO [Bunker-Microservice-1,,] 99680 --- [restartedMain] o.a.c.c.C.[Tomcat].[localhost].[/]       : Initializing Spring embedded WebApplicationContext
2020-12-29 01:08:43.483  INFO [Bunker-Microservice-1,,] 99680 --- [restartedMain] w.s.c.ServletWebServerApplicationContext : Root WebApplicationContext: initialization completed in 307 ms
2020-12-29 01:08:43.925  INFO [Bunker-Microservice-1,,] 99680 --- [restartedMain] .s.s.UserDetailsServiceAutoConfiguration : 

Using generated security password: 9cf27acb-e6bc-41e5-a9db-f9cf1d0341bd

2020-12-29 01:08:43.942  INFO [Bunker-Microservice-1,,] 99680 --- [restartedMain] o.s.s.web.DefaultSecurityFilterChain     : Will secure any request with [org.springframework.security.web.context.request.async.WebAsyncManagerIntegrationFilter@4a35147e, org.springframework.security.web.context.SecurityContextPersistenceFilter@386bdab3, org.springframework.security.web.header.HeaderWriterFilter@2295682e, org.springframework.security.web.csrf.CsrfFilter@38f29c2b, org.springframework.security.web.authentication.logout.LogoutFilter@3978e407, org.springframework.security.web.savedrequest.RequestCacheAwareFilter@f60100c, org.springframework.security.web.servletapi.SecurityContextHolderAwareRequestFilter@50b5a1a3, org.springframework.security.web.authentication.AnonymousAuthenticationFilter@1b0ab00d, org.springframework.security.web.session.SessionManagementFilter@35bd547d, org.springframework.security.web.access.ExceptionTranslationFilter@2eaf4ece, org.springframework.security.web.access.intercept.FilterSecurityInterceptor@5e148a98]
2020-12-29 01:08:44.018  INFO [Bunker-Microservice-1,,] 99680 --- [restartedMain] o.s.s.concurrent.ThreadPoolTaskExecutor  : Initializing ExecutorService 'applicationTaskExecutor'
2020-12-29 01:08:44.133  WARN [Bunker-Microservice-1,,] 99680 --- [restartedMain] o.s.b.d.a.OptionalLiveReloadServer       : Unable to start LiveReload server
2020-12-29 01:08:44.296  INFO [Bunker-Microservice-1,,] 99680 --- [restartedMain] DiscoveryClientOptionalArgsConfiguration : Eureka HTTP Client uses RestTemplate.
2020-12-29 01:08:44.367  WARN [Bunker-Microservice-1,,] 99680 --- [restartedMain] iguration$LoadBalancerCaffeineWarnLogger : Spring Cloud LoadBalancer is currently working with the default cache. You can switch to using Caffeine cache, by adding it to the classpath.
2020-12-29 01:08:44.389  INFO [Bunker-Microservice-1,,] 99680 --- [restartedMain] o.s.b.a.e.web.EndpointLinksResolver      : Exposing 17 endpoint(s) beneath base path '/actuator'
2020-12-29 01:08:44.412  INFO [Bunker-Microservice-1,,] 99680 --- [restartedMain] o.s.b.w.embedded.tomcat.TomcatWebServer  : Tomcat started on port(s): 41873 (http) with context path ''
2020-12-29 01:08:44.412  INFO [Bunker-Microservice-1,,] 99680 --- [restartedMain] .s.c.n.e.s.EurekaAutoServiceRegistration : Updating port to 41873
2020-12-29 01:08:44.413  INFO [Bunker-Microservice-1,,] 99680 --- [restartedMain] o.s.c.n.eureka.InstanceInfoFactory       : Setting initial instance status as: STARTING
2020-12-29 01:08:44.415  INFO [Bunker-Microservice-1,,] 99680 --- [restartedMain] com.netflix.discovery.DiscoveryClient    : Initializing Eureka in region us-east-1
2020-12-29 01:08:44.416  INFO [Bunker-Microservice-1,,] 99680 --- [restartedMain] c.n.d.s.r.aws.ConfigClusterResolver      : Resolving eureka endpoints via configuration
2020-12-29 01:08:44.419  INFO [Bunker-Microservice-1,,] 99680 --- [restartedMain] com.netflix.discovery.DiscoveryClient    : Disable delta property : false
2020-12-29 01:08:44.419  INFO [Bunker-Microservice-1,,] 99680 --- [restartedMain] com.netflix.discovery.DiscoveryClient    : Single vip registry refresh property : null
2020-12-29 01:08:44.419  INFO [Bunker-Microservice-1,,] 99680 --- [restartedMain] com.netflix.discovery.DiscoveryClient    : Force full registry fetch : false
2020-12-29 01:08:44.419  INFO [Bunker-Microservice-1,,] 99680 --- [restartedMain] com.netflix.discovery.DiscoveryClient    : Application is null : false
2020-12-29 01:08:44.419  INFO [Bunker-Microservice-1,,] 99680 --- [restartedMain] com.netflix.discovery.DiscoveryClient    : Registered Applications size is zero : true
2020-12-29 01:08:44.419  INFO [Bunker-Microservice-1,,] 99680 --- [restartedMain] com.netflix.discovery.DiscoveryClient    : Application version is -1: true
2020-12-29 01:08:44.419  INFO [Bunker-Microservice-1,,] 99680 --- [restartedMain] com.netflix.discovery.DiscoveryClient    : Getting all instance registry info from the eureka server
2020-12-29 01:08:44.426  INFO [Bunker-Microservice-1,,] 99680 --- [restartedMain] com.netflix.discovery.DiscoveryClient    : The response status is 200
2020-12-29 01:08:44.427  INFO [Bunker-Microservice-1,,] 99680 --- [restartedMain] com.netflix.discovery.DiscoveryClient    : Starting heartbeat executor: renew interval is: 5
2020-12-29 01:08:44.427  INFO [Bunker-Microservice-1,,] 99680 --- [restartedMain] c.n.discovery.InstanceInfoReplicator     : InstanceInfoReplicator onDemand update allowed rate per min is 4
2020-12-29 01:08:44.427  INFO [Bunker-Microservice-1,,] 99680 --- [restartedMain] com.netflix.discovery.DiscoveryClient    : Discovery Client initialized at timestamp 1609200524427 with initial instances count: 5
2020-12-29 01:08:44.429  INFO [Bunker-Microservice-1,,] 99680 --- [DiscoveryClient-InstanceInfoReplicator-0] com.netflix.discovery.DiscoveryClient    : Saw local status change event StatusChangeEvent [timestamp=1609200524429, current=UP, previous=STARTING]
2020-12-29 01:08:44.430  INFO [Bunker-Microservice-1,,] 99680 --- [DiscoveryClient-InstanceInfoReplicator-0] com.netflix.discovery.DiscoveryClient    : DiscoveryClient_BUNKER-MICROSERVICE-1/192.168.1.103:Bunker-Microservice-1:0: registering service...
2020-12-29 01:08:44.434  INFO [Bunker-Microservice-1,,] 99680 --- [restartedMain] o.s.c.n.e.s.EurekaServiceRegistry        : Registering application BUNKER-MICROSERVICE-1 with eureka with status UP
2020-12-29 01:08:44.435  WARN [Bunker-Microservice-1,,] 99680 --- [restartedMain] c.n.discovery.InstanceInfoReplicator     : Ignoring onDemand update due to rate limiter
2020-12-29 01:08:44.435  INFO [Bunker-Microservice-1,,] 99680 --- [DiscoveryClient-InstanceInfoReplicator-0] com.netflix.discovery.DiscoveryClient    : DiscoveryClient_BUNKER-MICROSERVICE-1/192.168.1.103:Bunker-Microservice-1:0 - registration status: 204
2020-12-29 01:08:44.541  INFO [Bunker-Microservice-1,,] 99680 --- [restartedMain] c.b.m.Microservice1Application           : Started Microservice1Application in 1.538 seconds (JVM running for 12609.152)
2020-12-29 01:08:44.547  INFO [Bunker-Microservice-1,,] 99680 --- [restartedMain] .ConditionEvaluationDeltaLoggingListener : Condition evaluation delta:


==========================
CONDITION EVALUATION DELTA
==========================


Positive matches:
-----------------

   LogFileWebEndpointAutoConfiguration#logFileWebEndpoint matched:
      - Log File found logging.file.name microservice1.log (LogFileWebEndpointAutoConfiguration.LogFileCondition)
      - @ConditionalOnMissingBean (types: org.springframework.boot.actuate.logging.LogFileWebEndpoint; SearchStrategy: all) did not find any beans (OnBeanCondition)


Negative matches:
-----------------

    None


Exclusions:
-----------

    None


Unconditional classes:
----------------------

    None



2020-12-29 01:09:03.170  INFO [Bunker-Microservice-1,,] 99680 --- [http-nio-auto-2-exec-1] o.a.c.c.C.[Tomcat].[localhost].[/]       : Initializing Spring DispatcherServlet 'dispatcherServlet'
2020-12-29 01:09:03.170  INFO [Bunker-Microservice-1,,] 99680 --- [http-nio-auto-2-exec-1] o.s.web.servlet.DispatcherServlet        : Initializing Servlet 'dispatcherServlet'
2020-12-29 01:09:03.172  INFO [Bunker-Microservice-1,,] 99680 --- [http-nio-auto-2-exec-1] o.s.web.servlet.DispatcherServlet        : Completed initialization in 2 ms
2020-12-29 01:09:50.607  INFO [Bunker-Microservice-1,,] 99680 --- [Thread-9] o.s.c.n.e.s.EurekaServiceRegistry        : Unregistering application BUNKER-MICROSERVICE-1 with eureka with status DOWN
2020-12-29 01:09:50.607  INFO [Bunker-Microservice-1,,] 99680 --- [Thread-9] com.netflix.discovery.DiscoveryClient    : Saw local status change event StatusChangeEvent [timestamp=1609200590607, current=DOWN, previous=UP]
2020-12-29 01:09:50.608  INFO [Bunker-Microservice-1,,] 99680 --- [DiscoveryClient-InstanceInfoReplicator-0] com.netflix.discovery.DiscoveryClient    : Saw local status change event StatusChangeEvent [timestamp=1609200590608, current=UP, previous=DOWN]
2020-12-29 01:09:50.608  INFO [Bunker-Microservice-1,,] 99680 --- [DiscoveryClient-InstanceInfoReplicator-0] com.netflix.discovery.DiscoveryClient    : DiscoveryClient_BUNKER-MICROSERVICE-1/192.168.1.103:Bunker-Microservice-1:0: registering service...
2020-12-29 01:09:50.614  INFO [Bunker-Microservice-1,,] 99680 --- [DiscoveryClient-InstanceInfoReplicator-0] com.netflix.discovery.DiscoveryClient    : DiscoveryClient_BUNKER-MICROSERVICE-1/192.168.1.103:Bunker-Microservice-1:0 - registration status: 204
2020-12-29 01:09:50.634  INFO [Bunker-Microservice-1,,] 99680 --- [Thread-9] o.s.s.concurrent.ThreadPoolTaskExecutor  : Shutting down ExecutorService 'applicationTaskExecutor'
2020-12-29 01:09:51.640  INFO [Bunker-Microservice-1,,] 99680 --- [Thread-9] com.netflix.discovery.DiscoveryClient    : Shutting down DiscoveryClient ...
2020-12-29 01:09:54.645  INFO [Bunker-Microservice-1,,] 99680 --- [Thread-9] com.netflix.discovery.DiscoveryClient    : Unregistering ...
2020-12-29 01:09:54.647  INFO [Bunker-Microservice-1,,] 99680 --- [Thread-9] com.netflix.discovery.DiscoveryClient    : DiscoveryClient_BUNKER-MICROSERVICE-1/192.168.1.103:Bunker-Microservice-1:0 - deregister  status: 200
2020-12-29 01:09:54.655  INFO [Bunker-Microservice-1,,] 99680 --- [Thread-9] com.netflix.discovery.DiscoveryClient    : Completed shut down of DiscoveryClient
[2m2020-12-29 01:09:54.920[0;39m [32m INFO[0;39m [35m99680[0;39m [2m---[0;39m [2m[  restartedMain][0;39m [36mc.b.m.Microservice1Application          [0;39m [2m:[0;39m Starting Microservice1Application using Java 1.8.0_241 on ubuntu-server-01 with PID 99680 (/home/lukasz/Documents/workspace/bunker-system/microservice1/target/classes started by lukasz in /home/lukasz/Documents/workspace/bunker-system/microservice1)
[2m2020-12-29 01:09:54.920[0;39m [32m INFO[0;39m [35m99680[0;39m [2m---[0;39m [2m[  restartedMain][0;39m [36mc.b.m.Microservice1Application          [0;39m [2m:[0;39m No active profile set, falling back to default profiles: default
[2m2020-12-29 01:09:55.143[0;39m [32m INFO[0;39m [35m99680[0;39m [2m---[0;39m [2m[  restartedMain][0;39m [36mo.s.cloud.context.scope.GenericScope    [0;39m [2m:[0;39m BeanFactory id=c2f0e611-dc93-34a6-857c-26266241d082
[2m2020-12-29 01:09:55.213[0;39m [32m INFO[0;39m [35m99680[0;39m [2m---[0;39m [2m[  restartedMain][0;39m [36mo.s.b.w.embedded.tomcat.TomcatWebServer [0;39m [2m:[0;39m Tomcat initialized with port(s): 0 (http)
[2m2020-12-29 01:09:55.214[0;39m [32m INFO[0;39m [35m99680[0;39m [2m---[0;39m [2m[  restartedMain][0;39m [36mo.apache.catalina.core.StandardService  [0;39m [2m:[0;39m Starting service [Tomcat]
[2m2020-12-29 01:09:55.214[0;39m [32m INFO[0;39m [35m99680[0;39m [2m---[0;39m [2m[  restartedMain][0;39m [36morg.apache.catalina.core.StandardEngine [0;39m [2m:[0;39m Starting Servlet engine: [Apache Tomcat/9.0.41]
[2m2020-12-29 01:09:55.216[0;39m [32m INFO[0;39m [35m99680[0;39m [2m---[0;39m [2m[  restartedMain][0;39m [36mo.a.c.c.C.[Tomcat].[localhost].[/]      [0;39m [2m:[0;39m Initializing Spring embedded WebApplicationContext
[2m2020-12-29 01:09:55.217[0;39m [32m INFO[0;39m [35m99680[0;39m [2m---[0;39m [2m[  restartedMain][0;39m [36mw.s.c.ServletWebServerApplicationContext[0;39m [2m:[0;39m Root WebApplicationContext: initialization completed in 295 ms
[2m2020-12-29 01:09:55.612[0;39m [32m INFO[0;39m [35m99680[0;39m [2m---[0;39m [2m[  restartedMain][0;39m [36m.s.s.UserDetailsServiceAutoConfiguration[0;39m [2m:[0;39m 

Using generated security password: 6ab5a67c-7962-43a4-b7aa-59cd3c1c59aa

[2m2020-12-29 01:09:55.630[0;39m [32m INFO[0;39m [35m99680[0;39m [2m---[0;39m [2m[  restartedMain][0;39m [36mo.s.s.web.DefaultSecurityFilterChain    [0;39m [2m:[0;39m Will secure any request with [org.springframework.security.web.context.request.async.WebAsyncManagerIntegrationFilter@7d3cabae, org.springframework.security.web.context.SecurityContextPersistenceFilter@7091c8a5, org.springframework.security.web.header.HeaderWriterFilter@1b7eed07, org.springframework.security.web.csrf.CsrfFilter@19f9b3e5, org.springframework.security.web.authentication.logout.LogoutFilter@1f6d7c2a, org.springframework.security.web.savedrequest.RequestCacheAwareFilter@65f23c17, org.springframework.security.web.servletapi.SecurityContextHolderAwareRequestFilter@5e6eccaf, org.springframework.security.web.authentication.AnonymousAuthenticationFilter@2668c3d0, org.springframework.security.web.session.SessionManagementFilter@629ae76d, org.springframework.security.web.access.ExceptionTranslationFilter@4254b359, org.springframework.security.web.access.intercept.FilterSecurityInterceptor@167fc866]
[2m2020-12-29 01:09:55.696[0;39m [32m INFO[0;39m [35m99680[0;39m [2m---[0;39m [2m[  restartedMain][0;39m [36mo.s.s.concurrent.ThreadPoolTaskExecutor [0;39m [2m:[0;39m Initializing ExecutorService 'applicationTaskExecutor'
[2m2020-12-29 01:09:55.799[0;39m [33m WARN[0;39m [35m99680[0;39m [2m---[0;39m [2m[  restartedMain][0;39m [36mo.s.b.d.a.OptionalLiveReloadServer      [0;39m [2m:[0;39m Unable to start LiveReload server
[2m2020-12-29 01:09:55.894[0;39m [32m INFO[0;39m [35m99680[0;39m [2m---[0;39m [2m[  restartedMain][0;39m [36mDiscoveryClientOptionalArgsConfiguration[0;39m [2m:[0;39m Eureka HTTP Client uses RestTemplate.
[2m2020-12-29 01:09:55.957[0;39m [33m WARN[0;39m [35m99680[0;39m [2m---[0;39m [2m[  restartedMain][0;39m [36miguration$LoadBalancerCaffeineWarnLogger[0;39m [2m:[0;39m Spring Cloud LoadBalancer is currently working with the default cache. You can switch to using Caffeine cache, by adding it to the classpath.
[2m2020-12-29 01:09:55.979[0;39m [32m INFO[0;39m [35m99680[0;39m [2m---[0;39m [2m[  restartedMain][0;39m [36mo.s.b.a.e.web.EndpointLinksResolver     [0;39m [2m:[0;39m Exposing 17 endpoint(s) beneath base path '/actuator'
[2m2020-12-29 01:09:55.999[0;39m [32m INFO[0;39m [35m99680[0;39m [2m---[0;39m [2m[  restartedMain][0;39m [36mo.s.b.w.embedded.tomcat.TomcatWebServer [0;39m [2m:[0;39m Tomcat started on port(s): 45267 (http) with context path ''
[2m2020-12-29 01:09:55.999[0;39m [32m INFO[0;39m [35m99680[0;39m [2m---[0;39m [2m[  restartedMain][0;39m [36m.s.c.n.e.s.EurekaAutoServiceRegistration[0;39m [2m:[0;39m Updating port to 45267
[2m2020-12-29 01:09:56.000[0;39m [32m INFO[0;39m [35m99680[0;39m [2m---[0;39m [2m[  restartedMain][0;39m [36mo.s.c.n.eureka.InstanceInfoFactory      [0;39m [2m:[0;39m Setting initial instance status as: STARTING
[2m2020-12-29 01:09:56.002[0;39m [32m INFO[0;39m [35m99680[0;39m [2m---[0;39m [2m[  restartedMain][0;39m [36mcom.netflix.discovery.DiscoveryClient   [0;39m [2m:[0;39m Initializing Eureka in region us-east-1
[2m2020-12-29 01:09:56.002[0;39m [32m INFO[0;39m [35m99680[0;39m [2m---[0;39m [2m[  restartedMain][0;39m [36mc.n.d.s.r.aws.ConfigClusterResolver     [0;39m [2m:[0;39m Resolving eureka endpoints via configuration
[2m2020-12-29 01:09:56.003[0;39m [32m INFO[0;39m [35m99680[0;39m [2m---[0;39m [2m[  restartedMain][0;39m [36mcom.netflix.discovery.DiscoveryClient   [0;39m [2m:[0;39m Disable delta property : false
[2m2020-12-29 01:09:56.003[0;39m [32m INFO[0;39m [35m99680[0;39m [2m---[0;39m [2m[  restartedMain][0;39m [36mcom.netflix.discovery.DiscoveryClient   [0;39m [2m:[0;39m Single vip registry refresh property : null
[2m2020-12-29 01:09:56.003[0;39m [32m INFO[0;39m [35m99680[0;39m [2m---[0;39m [2m[  restartedMain][0;39m [36mcom.netflix.discovery.DiscoveryClient   [0;39m [2m:[0;39m Force full registry fetch : false
[2m2020-12-29 01:09:56.003[0;39m [32m INFO[0;39m [35m99680[0;39m [2m---[0;39m [2m[  restartedMain][0;39m [36mcom.netflix.discovery.DiscoveryClient   [0;39m [2m:[0;39m Application is null : false
[2m2020-12-29 01:09:56.003[0;39m [32m INFO[0;39m [35m99680[0;39m [2m---[0;39m [2m[  restartedMain][0;39m [36mcom.netflix.discovery.DiscoveryClient   [0;39m [2m:[0;39m Registered Applications size is zero : true
[2m2020-12-29 01:09:56.003[0;39m [32m INFO[0;39m [35m99680[0;39m [2m---[0;39m [2m[  restartedMain][0;39m [36mcom.netflix.discovery.DiscoveryClient   [0;39m [2m:[0;39m Application version is -1: true
[2m2020-12-29 01:09:56.003[0;39m [32m INFO[0;39m [35m99680[0;39m [2m---[0;39m [2m[  restartedMain][0;39m [36mcom.netflix.discovery.DiscoveryClient   [0;39m [2m:[0;39m Getting all instance registry info from the eureka server
[2m2020-12-29 01:09:56.009[0;39m [32m INFO[0;39m [35m99680[0;39m [2m---[0;39m [2m[  restartedMain][0;39m [36mcom.netflix.discovery.DiscoveryClient   [0;39m [2m:[0;39m The response status is 200
[2m2020-12-29 01:09:56.010[0;39m [32m INFO[0;39m [35m99680[0;39m [2m---[0;39m [2m[  restartedMain][0;39m [36mcom.netflix.discovery.DiscoveryClient   [0;39m [2m:[0;39m Starting heartbeat executor: renew interval is: 5
[2m2020-12-29 01:09:56.010[0;39m [32m INFO[0;39m [35m99680[0;39m [2m---[0;39m [2m[  restartedMain][0;39m [36mc.n.discovery.InstanceInfoReplicator    [0;39m [2m:[0;39m InstanceInfoReplicator onDemand update allowed rate per min is 4
[2m2020-12-29 01:09:56.011[0;39m [32m INFO[0;39m [35m99680[0;39m [2m---[0;39m [2m[  restartedMain][0;39m [36mcom.netflix.discovery.DiscoveryClient   [0;39m [2m:[0;39m Discovery Client initialized at timestamp 1609200596011 with initial instances count: 5
[2m2020-12-29 01:09:56.012[0;39m [32m INFO[0;39m [35m99680[0;39m [2m---[0;39m [2m[nfoReplicator-0][0;39m [36mcom.netflix.discovery.DiscoveryClient   [0;39m [2m:[0;39m Saw local status change event StatusChangeEvent [timestamp=1609200596012, current=UP, previous=STARTING]
[2m2020-12-29 01:09:56.013[0;39m [32m INFO[0;39m [35m99680[0;39m [2m---[0;39m [2m[nfoReplicator-0][0;39m [36mcom.netflix.discovery.DiscoveryClient   [0;39m [2m:[0;39m DiscoveryClient_BUNKER-MICROSERVICE-1/192.168.1.103:Bunker-Microservice-1:0: registering service...
[2m2020-12-29 01:09:56.017[0;39m [32m INFO[0;39m [35m99680[0;39m [2m---[0;39m [2m[  restartedMain][0;39m [36mo.s.c.n.e.s.EurekaServiceRegistry       [0;39m [2m:[0;39m Registering application BUNKER-MICROSERVICE-1 with eureka with status UP
[2m2020-12-29 01:09:56.017[0;39m [33m WARN[0;39m [35m99680[0;39m [2m---[0;39m [2m[  restartedMain][0;39m [36mc.n.discovery.InstanceInfoReplicator    [0;39m [2m:[0;39m Ignoring onDemand update due to rate limiter
[2m2020-12-29 01:09:56.018[0;39m [32m INFO[0;39m [35m99680[0;39m [2m---[0;39m [2m[nfoReplicator-0][0;39m [36mcom.netflix.discovery.DiscoveryClient   [0;39m [2m:[0;39m DiscoveryClient_BUNKER-MICROSERVICE-1/192.168.1.103:Bunker-Microservice-1:0 - registration status: 204
[2m2020-12-29 01:09:56.160[0;39m [32m INFO[0;39m [35m99680[0;39m [2m---[0;39m [2m[  restartedMain][0;39m [36mc.b.m.Microservice1Application          [0;39m [2m:[0;39m Started Microservice1Application in 1.318 seconds (JVM running for 12680.771)
[2m2020-12-29 01:09:56.164[0;39m [32m INFO[0;39m [35m99680[0;39m [2m---[0;39m [2m[  restartedMain][0;39m [36m.ConditionEvaluationDeltaLoggingListener[0;39m [2m:[0;39m Condition evaluation unchanged
[2m2020-12-29 01:10:03.224[0;39m [32m INFO[0;39m [35m99680[0;39m [2m---[0;39m [2m[o-auto-3-exec-1][0;39m [36mo.a.c.c.C.[Tomcat].[localhost].[/]      [0;39m [2m:[0;39m Initializing Spring DispatcherServlet 'dispatcherServlet'
[2m2020-12-29 01:10:03.224[0;39m [32m INFO[0;39m [35m99680[0;39m [2m---[0;39m [2m[o-auto-3-exec-1][0;39m [36mo.s.web.servlet.DispatcherServlet       [0;39m [2m:[0;39m Initializing Servlet 'dispatcherServlet'
[2m2020-12-29 01:10:03.225[0;39m [32m INFO[0;39m [35m99680[0;39m [2m---[0;39m [2m[o-auto-3-exec-1][0;39m [36mo.s.web.servlet.DispatcherServlet       [0;39m [2m:[0;39m Completed initialization in 1 ms
[2m2020-12-29 01:11:01.078[0;39m [32m INFO[0;39m [35m99680[0;39m [2m---[0;39m [2m[extShutdownHook][0;39m [36mo.s.c.n.e.s.EurekaServiceRegistry       [0;39m [2m:[0;39m Unregistering application BUNKER-MICROSERVICE-1 with eureka with status DOWN
[2m2020-12-29 01:11:01.079[0;39m [32m INFO[0;39m [35m99680[0;39m [2m---[0;39m [2m[extShutdownHook][0;39m [36mcom.netflix.discovery.DiscoveryClient   [0;39m [2m:[0;39m Saw local status change event StatusChangeEvent [timestamp=1609200661079, current=DOWN, previous=UP]
[2m2020-12-29 01:11:01.080[0;39m [32m INFO[0;39m [35m99680[0;39m [2m---[0;39m [2m[nfoReplicator-0][0;39m [36mcom.netflix.discovery.DiscoveryClient   [0;39m [2m:[0;39m Saw local status change event StatusChangeEvent [timestamp=1609200661080, current=UP, previous=DOWN]
[2m2020-12-29 01:11:01.080[0;39m [32m INFO[0;39m [35m99680[0;39m [2m---[0;39m [2m[nfoReplicator-0][0;39m [36mcom.netflix.discovery.DiscoveryClient   [0;39m [2m:[0;39m DiscoveryClient_BUNKER-MICROSERVICE-1/192.168.1.103:Bunker-Microservice-1:0: registering service...
[2m2020-12-29 01:11:01.085[0;39m [32m INFO[0;39m [35m99680[0;39m [2m---[0;39m [2m[nfoReplicator-0][0;39m [36mcom.netflix.discovery.DiscoveryClient   [0;39m [2m:[0;39m DiscoveryClient_BUNKER-MICROSERVICE-1/192.168.1.103:Bunker-Microservice-1:0 - registration status: 204
[2m2020-12-29 01:11:01.114[0;39m [32m INFO[0;39m [35m99680[0;39m [2m---[0;39m [2m[extShutdownHook][0;39m [36mo.s.s.concurrent.ThreadPoolTaskExecutor [0;39m [2m:[0;39m Shutting down ExecutorService 'applicationTaskExecutor'
[2m2020-12-29 01:11:02.123[0;39m [32m INFO[0;39m [35m99680[0;39m [2m---[0;39m [2m[extShutdownHook][0;39m [36mcom.netflix.discovery.DiscoveryClient   [0;39m [2m:[0;39m Shutting down DiscoveryClient ...
[2m2020-12-29 01:11:05.127[0;39m [32m INFO[0;39m [35m99680[0;39m [2m---[0;39m [2m[extShutdownHook][0;39m [36mcom.netflix.discovery.DiscoveryClient   [0;39m [2m:[0;39m Unregistering ...
[2m2020-12-29 01:11:05.129[0;39m [32m INFO[0;39m [35m99680[0;39m [2m---[0;39m [2m[extShutdownHook][0;39m [36mcom.netflix.discovery.DiscoveryClient   [0;39m [2m:[0;39m DiscoveryClient_BUNKER-MICROSERVICE-1/192.168.1.103:Bunker-Microservice-1:0 - deregister  status: 200
[2m2020-12-29 01:11:05.137[0;39m [32m INFO[0;39m [35m99680[0;39m [2m---[0;39m [2m[extShutdownHook][0;39m [36mcom.netflix.discovery.DiscoveryClient   [0;39m [2m:[0;39m Completed shut down of DiscoveryClient
2020-12-29 01:11:39.542  INFO 114008 --- [           main] c.b.m.Microservice1ApplicationTest       : Starting Microservice1ApplicationTest using Java 1.8.0_241 on ubuntu-server-01 with PID 114008 (started by lukasz in /home/lukasz/Documents/workspace/bunker-system/microservice1)
2020-12-29 01:11:39.543  INFO 114008 --- [           main] c.b.m.Microservice1ApplicationTest       : No active profile set, falling back to default profiles: default
2020-12-29 01:11:40.383  INFO 114008 --- [           main] o.s.cloud.context.scope.GenericScope     : BeanFactory id=a08d8201-e883-3c6c-80f2-d5ef54dbb75e
2020-12-29 01:11:40.954  INFO 114008 --- [           main] .s.s.UserDetailsServiceAutoConfiguration : 

Using generated security password: 38734680-fa43-4a6b-ac89-20522292dfb5

2020-12-29 01:11:41.095  INFO 114008 --- [           main] o.s.s.web.DefaultSecurityFilterChain     : Will secure any request with [org.springframework.security.web.context.request.async.WebAsyncManagerIntegrationFilter@9687f55, org.springframework.security.web.context.SecurityContextPersistenceFilter@377874b4, org.springframework.security.web.header.HeaderWriterFilter@7e15f4d4, org.springframework.security.web.csrf.CsrfFilter@461c3709, org.springframework.security.web.authentication.logout.LogoutFilter@4bc59b27, org.springframework.security.web.savedrequest.RequestCacheAwareFilter@4751e8b9, org.springframework.security.web.servletapi.SecurityContextHolderAwareRequestFilter@66c9b52f, org.springframework.security.web.authentication.AnonymousAuthenticationFilter@5700c9db, org.springframework.security.web.session.SessionManagementFilter@45e6d1e0, org.springframework.security.web.access.ExceptionTranslationFilter@423a0e1d, org.springframework.security.web.access.intercept.FilterSecurityInterceptor@66fbc5e7]
2020-12-29 01:11:41.499  INFO 114008 --- [           main] o.s.s.concurrent.ThreadPoolTaskExecutor  : Initializing ExecutorService 'applicationTaskExecutor'
2020-12-29 01:11:42.417  INFO 114008 --- [           main] DiscoveryClientOptionalArgsConfiguration : Eureka HTTP Client uses RestTemplate.
2020-12-29 01:11:42.803  WARN 114008 --- [           main] iguration$LoadBalancerCaffeineWarnLogger : Spring Cloud LoadBalancer is currently working with the default cache. You can switch to using Caffeine cache, by adding it to the classpath.
2020-12-29 01:11:42.867  INFO 114008 --- [           main] o.s.b.a.e.web.EndpointLinksResolver      : Exposing 17 endpoint(s) beneath base path '/actuator'
2020-12-29 01:11:42.935  INFO 114008 --- [           main] c.b.m.Microservice1ApplicationTest       : Started Microservice1ApplicationTest in 3.864 seconds (JVM running for 4.502)
2020-12-29 01:11:43.085  INFO 114008 --- [extShutdownHook] o.s.c.n.eureka.InstanceInfoFactory       : Setting initial instance status as: STARTING
2020-12-29 01:11:43.088  INFO 114008 --- [extShutdownHook] o.s.c.n.e.s.EurekaServiceRegistry        : Unregistering application BUNKER-MICROSERVICE-1 with eureka with status DOWN
2020-12-29 01:11:44.102  INFO 114008 --- [extShutdownHook] o.s.s.concurrent.ThreadPoolTaskExecutor  : Shutting down ExecutorService 'applicationTaskExecutor'
[2m2020-12-29 01:14:16.725[0;39m [32m INFO[0;39m [35m114944[0;39m [2m---[0;39m [2m[  restartedMain][0;39m [36mc.b.m.Microservice1Application          [0;39m [2m:[0;39m Starting Microservice1Application using Java 1.8.0_241 on ubuntu-server-01 with PID 114944 (/home/lukasz/Documents/workspace/bunker-system/microservice1/target/classes started by lukasz in /home/lukasz/Documents/workspace/bunker-system/microservice1)
[2m2020-12-29 01:14:16.726[0;39m [32m INFO[0;39m [35m114944[0;39m [2m---[0;39m [2m[  restartedMain][0;39m [36mc.b.m.Microservice1Application          [0;39m [2m:[0;39m No active profile set, falling back to default profiles: default
[2m2020-12-29 01:14:16.752[0;39m [32m INFO[0;39m [35m114944[0;39m [2m---[0;39m [2m[  restartedMain][0;39m [36m.e.DevToolsPropertyDefaultsPostProcessor[0;39m [2m:[0;39m Devtools property defaults active! Set 'spring.devtools.add-properties' to 'false' to disable
[2m2020-12-29 01:14:16.752[0;39m [32m INFO[0;39m [35m114944[0;39m [2m---[0;39m [2m[  restartedMain][0;39m [36m.e.DevToolsPropertyDefaultsPostProcessor[0;39m [2m:[0;39m For additional web related logging consider setting the 'logging.level.web' property to 'DEBUG'
[2m2020-12-29 01:14:17.402[0;39m [32m INFO[0;39m [35m114944[0;39m [2m---[0;39m [2m[  restartedMain][0;39m [36mo.s.cloud.context.scope.GenericScope    [0;39m [2m:[0;39m BeanFactory id=c2f0e611-dc93-34a6-857c-26266241d082
[2m2020-12-29 01:14:17.888[0;39m [32m INFO[0;39m [35m114944[0;39m [2m---[0;39m [2m[  restartedMain][0;39m [36mo.s.b.w.embedded.tomcat.TomcatWebServer [0;39m [2m:[0;39m Tomcat initialized with port(s): 0 (http)
[2m2020-12-29 01:14:17.894[0;39m [32m INFO[0;39m [35m114944[0;39m [2m---[0;39m [2m[  restartedMain][0;39m [36mo.apache.catalina.core.StandardService  [0;39m [2m:[0;39m Starting service [Tomcat]
[2m2020-12-29 01:14:17.894[0;39m [32m INFO[0;39m [35m114944[0;39m [2m---[0;39m [2m[  restartedMain][0;39m [36morg.apache.catalina.core.StandardEngine [0;39m [2m:[0;39m Starting Servlet engine: [Apache Tomcat/9.0.41]
[2m2020-12-29 01:14:17.931[0;39m [32m INFO[0;39m [35m114944[0;39m [2m---[0;39m [2m[  restartedMain][0;39m [36mo.a.c.c.C.[Tomcat].[localhost].[/]      [0;39m [2m:[0;39m Initializing Spring embedded WebApplicationContext
[2m2020-12-29 01:14:17.931[0;39m [32m INFO[0;39m [35m114944[0;39m [2m---[0;39m [2m[  restartedMain][0;39m [36mw.s.c.ServletWebServerApplicationContext[0;39m [2m:[0;39m Root WebApplicationContext: initialization completed in 1178 ms
[2m2020-12-29 01:14:18.894[0;39m [32m INFO[0;39m [35m114944[0;39m [2m---[0;39m [2m[  restartedMain][0;39m [36m.s.s.UserDetailsServiceAutoConfiguration[0;39m [2m:[0;39m 

Using generated security password: 814ce82d-6d70-4303-a59b-98390e000ef3

[2m2020-12-29 01:14:18.973[0;39m [32m INFO[0;39m [35m114944[0;39m [2m---[0;39m [2m[  restartedMain][0;39m [36mo.s.s.web.DefaultSecurityFilterChain    [0;39m [2m:[0;39m Will secure any request with [org.springframework.security.web.context.request.async.WebAsyncManagerIntegrationFilter@4e0057c9, org.springframework.security.web.context.SecurityContextPersistenceFilter@1118749d, org.springframework.security.web.header.HeaderWriterFilter@47cf1b30, org.springframework.security.web.csrf.CsrfFilter@1e28f40f, org.springframework.security.web.authentication.logout.LogoutFilter@263dc000, org.springframework.security.web.savedrequest.RequestCacheAwareFilter@3cbba42e, org.springframework.security.web.servletapi.SecurityContextHolderAwareRequestFilter@15edb3f4, org.springframework.security.web.authentication.AnonymousAuthenticationFilter@5275ab14, org.springframework.security.web.session.SessionManagementFilter@11497b83, org.springframework.security.web.access.ExceptionTranslationFilter@1c8baaf6, org.springframework.security.web.access.intercept.FilterSecurityInterceptor@5b863c8a]
[2m2020-12-29 01:14:19.118[0;39m [32m INFO[0;39m [35m114944[0;39m [2m---[0;39m [2m[  restartedMain][0;39m [36mo.s.s.concurrent.ThreadPoolTaskExecutor [0;39m [2m:[0;39m Initializing ExecutorService 'applicationTaskExecutor'
[2m2020-12-29 01:14:19.321[0;39m [33m WARN[0;39m [35m114944[0;39m [2m---[0;39m [2m[  restartedMain][0;39m [36mo.s.b.d.a.OptionalLiveReloadServer      [0;39m [2m:[0;39m Unable to start LiveReload server
[2m2020-12-29 01:14:19.424[0;39m [32m INFO[0;39m [35m114944[0;39m [2m---[0;39m [2m[  restartedMain][0;39m [36mDiscoveryClientOptionalArgsConfiguration[0;39m [2m:[0;39m Eureka HTTP Client uses RestTemplate.
[2m2020-12-29 01:14:19.516[0;39m [33m WARN[0;39m [35m114944[0;39m [2m---[0;39m [2m[  restartedMain][0;39m [36miguration$LoadBalancerCaffeineWarnLogger[0;39m [2m:[0;39m Spring Cloud LoadBalancer is currently working with the default cache. You can switch to using Caffeine cache, by adding it to the classpath.
[2m2020-12-29 01:14:19.550[0;39m [32m INFO[0;39m [35m114944[0;39m [2m---[0;39m [2m[  restartedMain][0;39m [36mo.s.b.a.e.web.EndpointLinksResolver     [0;39m [2m:[0;39m Exposing 17 endpoint(s) beneath base path '/actuator'
[2m2020-12-29 01:14:19.592[0;39m [32m INFO[0;39m [35m114944[0;39m [2m---[0;39m [2m[  restartedMain][0;39m [36mo.s.b.w.embedded.tomcat.TomcatWebServer [0;39m [2m:[0;39m Tomcat started on port(s): 34285 (http) with context path ''
[2m2020-12-29 01:14:19.593[0;39m [32m INFO[0;39m [35m114944[0;39m [2m---[0;39m [2m[  restartedMain][0;39m [36m.s.c.n.e.s.EurekaAutoServiceRegistration[0;39m [2m:[0;39m Updating port to 34285
[2m2020-12-29 01:14:19.596[0;39m [32m INFO[0;39m [35m114944[0;39m [2m---[0;39m [2m[  restartedMain][0;39m [36mo.s.c.n.eureka.InstanceInfoFactory      [0;39m [2m:[0;39m Setting initial instance status as: STARTING
[2m2020-12-29 01:14:19.633[0;39m [32m INFO[0;39m [35m114944[0;39m [2m---[0;39m [2m[  restartedMain][0;39m [36mcom.netflix.discovery.DiscoveryClient   [0;39m [2m:[0;39m Initializing Eureka in region us-east-1
[2m2020-12-29 01:14:19.636[0;39m [32m INFO[0;39m [35m114944[0;39m [2m---[0;39m [2m[  restartedMain][0;39m [36mc.n.d.s.r.aws.ConfigClusterResolver     [0;39m [2m:[0;39m Resolving eureka endpoints via configuration
[2m2020-12-29 01:14:19.650[0;39m [32m INFO[0;39m [35m114944[0;39m [2m---[0;39m [2m[  restartedMain][0;39m [36mcom.netflix.discovery.DiscoveryClient   [0;39m [2m:[0;39m Disable delta property : false
[2m2020-12-29 01:14:19.650[0;39m [32m INFO[0;39m [35m114944[0;39m [2m---[0;39m [2m[  restartedMain][0;39m [36mcom.netflix.discovery.DiscoveryClient   [0;39m [2m:[0;39m Single vip registry refresh property : null
[2m2020-12-29 01:14:19.651[0;39m [32m INFO[0;39m [35m114944[0;39m [2m---[0;39m [2m[  restartedMain][0;39m [36mcom.netflix.discovery.DiscoveryClient   [0;39m [2m:[0;39m Force full registry fetch : false
[2m2020-12-29 01:14:19.651[0;39m [32m INFO[0;39m [35m114944[0;39m [2m---[0;39m [2m[  restartedMain][0;39m [36mcom.netflix.discovery.DiscoveryClient   [0;39m [2m:[0;39m Application is null : false
[2m2020-12-29 01:14:19.651[0;39m [32m INFO[0;39m [35m114944[0;39m [2m---[0;39m [2m[  restartedMain][0;39m [36mcom.netflix.discovery.DiscoveryClient   [0;39m [2m:[0;39m Registered Applications size is zero : true
[2m2020-12-29 01:14:19.651[0;39m [32m INFO[0;39m [35m114944[0;39m [2m---[0;39m [2m[  restartedMain][0;39m [36mcom.netflix.discovery.DiscoveryClient   [0;39m [2m:[0;39m Application version is -1: true
[2m2020-12-29 01:14:19.651[0;39m [32m INFO[0;39m [35m114944[0;39m [2m---[0;39m [2m[  restartedMain][0;39m [36mcom.netflix.discovery.DiscoveryClient   [0;39m [2m:[0;39m Getting all instance registry info from the eureka server
[2m2020-12-29 01:14:19.733[0;39m [32m INFO[0;39m [35m114944[0;39m [2m---[0;39m [2m[  restartedMain][0;39m [36mcom.netflix.discovery.DiscoveryClient   [0;39m [2m:[0;39m The response status is 200
[2m2020-12-29 01:14:19.735[0;39m [32m INFO[0;39m [35m114944[0;39m [2m---[0;39m [2m[  restartedMain][0;39m [36mcom.netflix.discovery.DiscoveryClient   [0;39m [2m:[0;39m Starting heartbeat executor: renew interval is: 5
[2m2020-12-29 01:14:19.737[0;39m [32m INFO[0;39m [35m114944[0;39m [2m---[0;39m [2m[  restartedMain][0;39m [36mc.n.discovery.InstanceInfoReplicator    [0;39m [2m:[0;39m InstanceInfoReplicator onDemand update allowed rate per min is 4
[2m2020-12-29 01:14:19.742[0;39m [32m INFO[0;39m [35m114944[0;39m [2m---[0;39m [2m[  restartedMain][0;39m [36mcom.netflix.discovery.DiscoveryClient   [0;39m [2m:[0;39m Discovery Client initialized at timestamp 1609200859741 with initial instances count: 1
[2m2020-12-29 01:14:19.745[0;39m [32m INFO[0;39m [35m114944[0;39m [2m---[0;39m [2m[nfoReplicator-0][0;39m [36mcom.netflix.discovery.DiscoveryClient   [0;39m [2m:[0;39m Saw local status change event StatusChangeEvent [timestamp=1609200859745, current=UP, previous=STARTING]
[2m2020-12-29 01:14:19.746[0;39m [32m INFO[0;39m [35m114944[0;39m [2m---[0;39m [2m[nfoReplicator-0][0;39m [36mcom.netflix.discovery.DiscoveryClient   [0;39m [2m:[0;39m DiscoveryClient_BUNKER-MICROSERVICE-1/192.168.1.103:Bunker-Microservice-1:0: registering service...
[2m2020-12-29 01:14:19.749[0;39m [32m INFO[0;39m [35m114944[0;39m [2m---[0;39m [2m[  restartedMain][0;39m [36mo.s.c.n.e.s.EurekaServiceRegistry       [0;39m [2m:[0;39m Registering application BUNKER-MICROSERVICE-1 with eureka with status UP
[2m2020-12-29 01:14:19.749[0;39m [33m WARN[0;39m [35m114944[0;39m [2m---[0;39m [2m[  restartedMain][0;39m [36mc.n.discovery.InstanceInfoReplicator    [0;39m [2m:[0;39m Ignoring onDemand update due to rate limiter
[2m2020-12-29 01:14:19.769[0;39m [32m INFO[0;39m [35m114944[0;39m [2m---[0;39m [2m[nfoReplicator-0][0;39m [36mcom.netflix.discovery.DiscoveryClient   [0;39m [2m:[0;39m DiscoveryClient_BUNKER-MICROSERVICE-1/192.168.1.103:Bunker-Microservice-1:0 - registration status: 204
[2m2020-12-29 01:14:19.836[0;39m [32m INFO[0;39m [35m114944[0;39m [2m---[0;39m [2m[  restartedMain][0;39m [36mc.b.m.Microservice1Application          [0;39m [2m:[0;39m Started Microservice1Application in 3.484 seconds (JVM running for 3.748)
[2m2020-12-29 01:14:34.178[0;39m [32m INFO[0;39m [35m114944[0;39m [2m---[0;39m [2m[o-auto-1-exec-1][0;39m [36mo.a.c.c.C.[Tomcat].[localhost].[/]      [0;39m [2m:[0;39m Initializing Spring DispatcherServlet 'dispatcherServlet'
[2m2020-12-29 01:14:34.179[0;39m [32m INFO[0;39m [35m114944[0;39m [2m---[0;39m [2m[o-auto-1-exec-1][0;39m [36mo.s.web.servlet.DispatcherServlet       [0;39m [2m:[0;39m Initializing Servlet 'dispatcherServlet'
[2m2020-12-29 01:14:34.180[0;39m [32m INFO[0;39m [35m114944[0;39m [2m---[0;39m [2m[o-auto-1-exec-1][0;39m [36mo.s.web.servlet.DispatcherServlet       [0;39m [2m:[0;39m Completed initialization in 1 ms
[2m2020-12-29 01:19:19.653[0;39m [32m INFO[0;39m [35m114944[0;39m [2m---[0;39m [2m[trap-executor-0][0;39m [36mc.n.d.s.r.aws.ConfigClusterResolver     [0;39m [2m:[0;39m Resolving eureka endpoints via configuration
[2m2020-12-29 01:24:19.654[0;39m [32m INFO[0;39m [35m114944[0;39m [2m---[0;39m [2m[trap-executor-0][0;39m [36mc.n.d.s.r.aws.ConfigClusterResolver     [0;39m [2m:[0;39m Resolving eureka endpoints via configuration
[2m2020-12-29 01:29:19.655[0;39m [32m INFO[0;39m [35m114944[0;39m [2m---[0;39m [2m[trap-executor-0][0;39m [36mc.n.d.s.r.aws.ConfigClusterResolver     [0;39m [2m:[0;39m Resolving eureka endpoints via configuration
[2m2020-12-29 01:34:19.656[0;39m [32m INFO[0;39m [35m114944[0;39m [2m---[0;39m [2m[trap-executor-0][0;39m [36mc.n.d.s.r.aws.ConfigClusterResolver     [0;39m [2m:[0;39m Resolving eureka endpoints via configuration
[2m2020-12-29 01:39:19.657[0;39m [32m INFO[0;39m [35m114944[0;39m [2m---[0;39m [2m[trap-executor-0][0;39m [36mc.n.d.s.r.aws.ConfigClusterResolver     [0;39m [2m:[0;39m Resolving eureka endpoints via configuration
[2m2020-12-29 01:44:19.658[0;39m [32m INFO[0;39m [35m114944[0;39m [2m---[0;39m [2m[trap-executor-0][0;39m [36mc.n.d.s.r.aws.ConfigClusterResolver     [0;39m [2m:[0;39m Resolving eureka endpoints via configuration
[2m2020-12-29 01:44:30.157[0;39m [32m INFO[0;39m [35m114944[0;39m [2m---[0;39m [2m[-auto-1-exec-10][0;39m [36mc.b.m.c.r.Microservice1RestController   [0;39m [2m:[0;39m Method /msg called.
[2m2020-12-29 01:44:31.168[0;39m [33m WARN[0;39m [35m114944[0;39m [2m---[0;39m [2m[/api/v2/spans}}][0;39m [36mz.r.AsyncReporter$BoundedAsyncReporter  [0;39m [2m:[0;39m Spans were dropped due to exceptions. All subsequent errors will be logged at FINE level.
[2m2020-12-29 01:44:31.176[0;39m [33m WARN[0;39m [35m114944[0;39m [2m---[0;39m [2m[/api/v2/spans}}][0;39m [36mz.r.AsyncReporter$BoundedAsyncReporter  [0;39m [2m:[0;39m Dropped 1 spans due to ResourceAccessException(I/O error on POST request for "http://localhost:9411/api/v2/spans": Połączenie odrzucone (Connection refused); nested exception is java.net.ConnectException: Połączenie odrzucone (Connection refused))

org.springframework.web.client.ResourceAccessException: I/O error on POST request for "http://localhost:9411/api/v2/spans": Połączenie odrzucone (Connection refused); nested exception is java.net.ConnectException: Połączenie odrzucone (Connection refused)
	at org.springframework.web.client.RestTemplate.doExecute(RestTemplate.java:784) ~[spring-web-5.3.2.jar:5.3.2]
	at org.springframework.cloud.sleuth.zipkin2.ZipkinRestTemplateWrapper.doExecute(ZipkinRestTemplateWrapper.java:69) ~[spring-cloud-sleuth-zipkin-3.0.0.jar:3.0.0]
	at org.springframework.web.client.RestTemplate.exchange(RestTemplate.java:659) ~[spring-web-5.3.2.jar:5.3.2]
	at org.springframework.cloud.sleuth.zipkin2.RestTemplateSender.post(RestTemplateSender.java:132) ~[spring-cloud-sleuth-zipkin-3.0.0.jar:3.0.0]
	at org.springframework.cloud.sleuth.zipkin2.RestTemplateSender$HttpPostCall.doExecute(RestTemplateSender.java:150) ~[spring-cloud-sleuth-zipkin-3.0.0.jar:3.0.0]
	at org.springframework.cloud.sleuth.zipkin2.RestTemplateSender$HttpPostCall.doExecute(RestTemplateSender.java:140) ~[spring-cloud-sleuth-zipkin-3.0.0.jar:3.0.0]
	at zipkin2.Call$Base.execute(Call.java:391) ~[zipkin-2.23.0.jar:na]
	at zipkin2.reporter.AsyncReporter$BoundedAsyncReporter.flush(AsyncReporter.java:299) ~[zipkin-reporter-2.16.1.jar:na]
	at zipkin2.reporter.AsyncReporter$Flusher.run(AsyncReporter.java:378) [zipkin-reporter-2.16.1.jar:na]
	at java.lang.Thread.run(Thread.java:748) [na:1.8.0_241]
Caused by: java.net.ConnectException: Połączenie odrzucone (Connection refused)
	at java.net.PlainSocketImpl.socketConnect(Native Method) ~[na:1.8.0_241]
	at java.net.AbstractPlainSocketImpl.doConnect(AbstractPlainSocketImpl.java:350) ~[na:1.8.0_241]
	at java.net.AbstractPlainSocketImpl.connectToAddress(AbstractPlainSocketImpl.java:206) ~[na:1.8.0_241]
	at java.net.AbstractPlainSocketImpl.connect(AbstractPlainSocketImpl.java:188) ~[na:1.8.0_241]
	at java.net.SocksSocketImpl.connect(SocksSocketImpl.java:392) ~[na:1.8.0_241]
	at java.net.Socket.connect(Socket.java:606) ~[na:1.8.0_241]
	at sun.net.NetworkClient.doConnect(NetworkClient.java:175) ~[na:1.8.0_241]
	at sun.net.www.http.HttpClient.openServer(HttpClient.java:463) ~[na:1.8.0_241]
	at sun.net.www.http.HttpClient.openServer(HttpClient.java:558) ~[na:1.8.0_241]
	at sun.net.www.http.HttpClient.<init>(HttpClient.java:242) ~[na:1.8.0_241]
	at sun.net.www.http.HttpClient.New(HttpClient.java:339) ~[na:1.8.0_241]
	at sun.net.www.http.HttpClient.New(HttpClient.java:357) ~[na:1.8.0_241]
	at sun.net.www.protocol.http.HttpURLConnection.getNewHttpClient(HttpURLConnection.java:1226) ~[na:1.8.0_241]
	at sun.net.www.protocol.http.HttpURLConnection.plainConnect0(HttpURLConnection.java:1162) ~[na:1.8.0_241]
	at sun.net.www.protocol.http.HttpURLConnection.plainConnect(HttpURLConnection.java:1056) ~[na:1.8.0_241]
	at sun.net.www.protocol.http.HttpURLConnection.connect(HttpURLConnection.java:990) ~[na:1.8.0_241]
	at org.springframework.http.client.SimpleBufferingClientHttpRequest.executeInternal(SimpleBufferingClientHttpRequest.java:76) ~[spring-web-5.3.2.jar:5.3.2]
	at org.springframework.http.client.AbstractBufferingClientHttpRequest.executeInternal(AbstractBufferingClientHttpRequest.java:48) ~[spring-web-5.3.2.jar:5.3.2]
	at org.springframework.http.client.AbstractClientHttpRequest.execute(AbstractClientHttpRequest.java:66) ~[spring-web-5.3.2.jar:5.3.2]
	at org.springframework.web.client.RestTemplate.doExecute(RestTemplate.java:775) ~[spring-web-5.3.2.jar:5.3.2]
	... 9 common frames omitted

[2m2020-12-29 01:49:19.659[0;39m [32m INFO[0;39m [35m114944[0;39m [2m---[0;39m [2m[trap-executor-0][0;39m [36mc.n.d.s.r.aws.ConfigClusterResolver     [0;39m [2m:[0;39m Resolving eureka endpoints via configuration
[2m2020-12-29 01:53:14.176[0;39m [32m INFO[0;39m [35m114944[0;39m [2m---[0;39m [2m[       Thread-1][0;39m [36mo.s.c.n.e.s.EurekaServiceRegistry       [0;39m [2m:[0;39m Unregistering application BUNKER-MICROSERVICE-1 with eureka with status DOWN
[2m2020-12-29 01:53:14.176[0;39m [32m INFO[0;39m [35m114944[0;39m [2m---[0;39m [2m[       Thread-1][0;39m [36mcom.netflix.discovery.DiscoveryClient   [0;39m [2m:[0;39m Saw local status change event StatusChangeEvent [timestamp=1609203194176, current=DOWN, previous=UP]
[2m2020-12-29 01:53:14.176[0;39m [32m INFO[0;39m [35m114944[0;39m [2m---[0;39m [2m[nfoReplicator-0][0;39m [36mcom.netflix.discovery.DiscoveryClient   [0;39m [2m:[0;39m Saw local status change event StatusChangeEvent [timestamp=1609203194176, current=UP, previous=DOWN]
[2m2020-12-29 01:53:14.176[0;39m [32m INFO[0;39m [35m114944[0;39m [2m---[0;39m [2m[nfoReplicator-0][0;39m [36mcom.netflix.discovery.DiscoveryClient   [0;39m [2m:[0;39m DiscoveryClient_BUNKER-MICROSERVICE-1/192.168.1.103:Bunker-Microservice-1:0: registering service...
[2m2020-12-29 01:53:14.181[0;39m [32m INFO[0;39m [35m114944[0;39m [2m---[0;39m [2m[nfoReplicator-0][0;39m [36mcom.netflix.discovery.DiscoveryClient   [0;39m [2m:[0;39m DiscoveryClient_BUNKER-MICROSERVICE-1/192.168.1.103:Bunker-Microservice-1:0 - registration status: 204
[2m2020-12-29 01:53:14.189[0;39m [32m INFO[0;39m [35m114944[0;39m [2m---[0;39m [2m[       Thread-1][0;39m [36mo.s.s.concurrent.ThreadPoolTaskExecutor [0;39m [2m:[0;39m Shutting down ExecutorService 'applicationTaskExecutor'
[2m2020-12-29 01:53:14.264[0;39m [32m INFO[0;39m [35m114944[0;39m [2m---[0;39m [2m[       Thread-1][0;39m [36mcom.netflix.discovery.DiscoveryClient   [0;39m [2m:[0;39m Shutting down DiscoveryClient ...
[2m2020-12-29 01:53:17.266[0;39m [32m INFO[0;39m [35m114944[0;39m [2m---[0;39m [2m[       Thread-1][0;39m [36mcom.netflix.discovery.DiscoveryClient   [0;39m [2m:[0;39m Unregistering ...
[2m2020-12-29 01:53:17.267[0;39m [32m INFO[0;39m [35m114944[0;39m [2m---[0;39m [2m[       Thread-1][0;39m [36mcom.netflix.discovery.DiscoveryClient   [0;39m [2m:[0;39m DiscoveryClient_BUNKER-MICROSERVICE-1/192.168.1.103:Bunker-Microservice-1:0 - deregister  status: 200
[2m2020-12-29 01:53:17.272[0;39m [32m INFO[0;39m [35m114944[0;39m [2m---[0;39m [2m[       Thread-1][0;39m [36mcom.netflix.discovery.DiscoveryClient   [0;39m [2m:[0;39m Completed shut down of DiscoveryClient
[2m2020-12-29 01:53:17.576[0;39m [32m INFO[0;39m [35m114944[0;39m [2m---[0;39m [2m[  restartedMain][0;39m [36mc.b.m.Microservice1Application          [0;39m [2m:[0;39m Starting Microservice1Application using Java 1.8.0_241 on ubuntu-server-01 with PID 114944 (/home/lukasz/Documents/workspace/bunker-system/microservice1/target/classes started by lukasz in /home/lukasz/Documents/workspace/bunker-system/microservice1)
[2m2020-12-29 01:53:17.576[0;39m [32m INFO[0;39m [35m114944[0;39m [2m---[0;39m [2m[  restartedMain][0;39m [36mc.b.m.Microservice1Application          [0;39m [2m:[0;39m No active profile set, falling back to default profiles: default
[2m2020-12-29 01:53:17.817[0;39m [32m INFO[0;39m [35m114944[0;39m [2m---[0;39m [2m[  restartedMain][0;39m [36mo.s.cloud.context.scope.GenericScope    [0;39m [2m:[0;39m BeanFactory id=c2f0e611-dc93-34a6-857c-26266241d082
[2m2020-12-29 01:53:17.894[0;39m [32m INFO[0;39m [35m114944[0;39m [2m---[0;39m [2m[  restartedMain][0;39m [36mo.s.b.w.embedded.tomcat.TomcatWebServer [0;39m [2m:[0;39m Tomcat initialized with port(s): 0 (http)
[2m2020-12-29 01:53:17.895[0;39m [32m INFO[0;39m [35m114944[0;39m [2m---[0;39m [2m[  restartedMain][0;39m [36mo.apache.catalina.core.StandardService  [0;39m [2m:[0;39m Starting service [Tomcat]
[2m2020-12-29 01:53:17.895[0;39m [32m INFO[0;39m [35m114944[0;39m [2m---[0;39m [2m[  restartedMain][0;39m [36morg.apache.catalina.core.StandardEngine [0;39m [2m:[0;39m Starting Servlet engine: [Apache Tomcat/9.0.41]
[2m2020-12-29 01:53:17.897[0;39m [32m INFO[0;39m [35m114944[0;39m [2m---[0;39m [2m[  restartedMain][0;39m [36mo.a.c.c.C.[Tomcat].[localhost].[/]      [0;39m [2m:[0;39m Initializing Spring embedded WebApplicationContext
[2m2020-12-29 01:53:17.897[0;39m [32m INFO[0;39m [35m114944[0;39m [2m---[0;39m [2m[  restartedMain][0;39m [36mw.s.c.ServletWebServerApplicationContext[0;39m [2m:[0;39m Root WebApplicationContext: initialization completed in 319 ms
[2m2020-12-29 01:53:18.028[0;39m [33m WARN[0;39m [35m114944[0;39m [2m---[0;39m [2m[  restartedMain][0;39m [36mo.s.c.s.a.z.ZipkinAutoConfiguration     [0;39m [2m:[0;39m Check result of the [RestTemplateSender{http://localhost:9411/api/v2/spans}] contains an error [CheckResult{ok=false, error=org.springframework.web.client.ResourceAccessException: I/O error on POST request for "http://localhost:9411/api/v2/spans": Połączenie odrzucone (Connection refused); nested exception is java.net.ConnectException: Połączenie odrzucone (Connection refused)}]
[2m2020-12-29 01:53:18.325[0;39m [32m INFO[0;39m [35m114944[0;39m [2m---[0;39m [2m[  restartedMain][0;39m [36m.s.s.UserDetailsServiceAutoConfiguration[0;39m [2m:[0;39m 

Using generated security password: 1cc566fd-60ca-4374-8e88-7e1c04910e55

[2m2020-12-29 01:53:18.342[0;39m [32m INFO[0;39m [35m114944[0;39m [2m---[0;39m [2m[  restartedMain][0;39m [36mo.s.s.web.DefaultSecurityFilterChain    [0;39m [2m:[0;39m Will secure any request with [org.springframework.security.web.context.request.async.WebAsyncManagerIntegrationFilter@1e9a687b, org.springframework.security.web.context.SecurityContextPersistenceFilter@dd57473, org.springframework.security.web.header.HeaderWriterFilter@18f8b6bc, org.springframework.security.web.csrf.CsrfFilter@5f993e5, org.springframework.security.web.authentication.logout.LogoutFilter@7bd605d1, org.springframework.security.web.savedrequest.RequestCacheAwareFilter@ad2b0ce, org.springframework.security.web.servletapi.SecurityContextHolderAwareRequestFilter@1891fd50, org.springframework.security.web.authentication.AnonymousAuthenticationFilter@5c26fbcd, org.springframework.security.web.session.SessionManagementFilter@e78faa9, org.springframework.security.web.access.ExceptionTranslationFilter@441b8bf2, org.springframework.security.web.access.intercept.FilterSecurityInterceptor@4ef742ff]
[2m2020-12-29 01:53:18.417[0;39m [32m INFO[0;39m [35m114944[0;39m [2m---[0;39m [2m[  restartedMain][0;39m [36mo.s.s.concurrent.ThreadPoolTaskExecutor [0;39m [2m:[0;39m Initializing ExecutorService 'applicationTaskExecutor'
[2m2020-12-29 01:53:18.539[0;39m [33m WARN[0;39m [35m114944[0;39m [2m---[0;39m [2m[  restartedMain][0;39m [36mo.s.b.d.a.OptionalLiveReloadServer      [0;39m [2m:[0;39m Unable to start LiveReload server
[2m2020-12-29 01:53:18.670[0;39m [32m INFO[0;39m [35m114944[0;39m [2m---[0;39m [2m[  restartedMain][0;39m [36mDiscoveryClientOptionalArgsConfiguration[0;39m [2m:[0;39m Eureka HTTP Client uses RestTemplate.
[2m2020-12-29 01:53:18.740[0;39m [33m WARN[0;39m [35m114944[0;39m [2m---[0;39m [2m[  restartedMain][0;39m [36miguration$LoadBalancerCaffeineWarnLogger[0;39m [2m:[0;39m Spring Cloud LoadBalancer is currently working with the default cache. You can switch to using Caffeine cache, by adding it to the classpath.
[2m2020-12-29 01:53:18.764[0;39m [32m INFO[0;39m [35m114944[0;39m [2m---[0;39m [2m[  restartedMain][0;39m [36mo.s.b.a.e.web.EndpointLinksResolver     [0;39m [2m:[0;39m Exposing 17 endpoint(s) beneath base path '/actuator'
[2m2020-12-29 01:53:18.784[0;39m [32m INFO[0;39m [35m114944[0;39m [2m---[0;39m [2m[  restartedMain][0;39m [36mo.s.b.w.embedded.tomcat.TomcatWebServer [0;39m [2m:[0;39m Tomcat started on port(s): 44005 (http) with context path ''
[2m2020-12-29 01:53:18.784[0;39m [32m INFO[0;39m [35m114944[0;39m [2m---[0;39m [2m[  restartedMain][0;39m [36m.s.c.n.e.s.EurekaAutoServiceRegistration[0;39m [2m:[0;39m Updating port to 44005
[2m2020-12-29 01:53:18.785[0;39m [32m INFO[0;39m [35m114944[0;39m [2m---[0;39m [2m[  restartedMain][0;39m [36mo.s.c.n.eureka.InstanceInfoFactory      [0;39m [2m:[0;39m Setting initial instance status as: STARTING
[2m2020-12-29 01:53:18.788[0;39m [32m INFO[0;39m [35m114944[0;39m [2m---[0;39m [2m[  restartedMain][0;39m [36mcom.netflix.discovery.DiscoveryClient   [0;39m [2m:[0;39m Initializing Eureka in region us-east-1
[2m2020-12-29 01:53:18.788[0;39m [32m INFO[0;39m [35m114944[0;39m [2m---[0;39m [2m[  restartedMain][0;39m [36mc.n.d.s.r.aws.ConfigClusterResolver     [0;39m [2m:[0;39m Resolving eureka endpoints via configuration
[2m2020-12-29 01:53:18.791[0;39m [32m INFO[0;39m [35m114944[0;39m [2m---[0;39m [2m[  restartedMain][0;39m [36mcom.netflix.discovery.DiscoveryClient   [0;39m [2m:[0;39m Disable delta property : false
[2m2020-12-29 01:53:18.792[0;39m [32m INFO[0;39m [35m114944[0;39m [2m---[0;39m [2m[  restartedMain][0;39m [36mcom.netflix.discovery.DiscoveryClient   [0;39m [2m:[0;39m Single vip registry refresh property : null
[2m2020-12-29 01:53:18.792[0;39m [32m INFO[0;39m [35m114944[0;39m [2m---[0;39m [2m[  restartedMain][0;39m [36mcom.netflix.discovery.DiscoveryClient   [0;39m [2m:[0;39m Force full registry fetch : false
[2m2020-12-29 01:53:18.792[0;39m [32m INFO[0;39m [35m114944[0;39m [2m---[0;39m [2m[  restartedMain][0;39m [36mcom.netflix.discovery.DiscoveryClient   [0;39m [2m:[0;39m Application is null : false
[2m2020-12-29 01:53:18.792[0;39m [32m INFO[0;39m [35m114944[0;39m [2m---[0;39m [2m[  restartedMain][0;39m [36mcom.netflix.discovery.DiscoveryClient   [0;39m [2m:[0;39m Registered Applications size is zero : true
[2m2020-12-29 01:53:18.792[0;39m [32m INFO[0;39m [35m114944[0;39m [2m---[0;39m [2m[  restartedMain][0;39m [36mcom.netflix.discovery.DiscoveryClient   [0;39m [2m:[0;39m Application version is -1: true
[2m2020-12-29 01:53:18.792[0;39m [32m INFO[0;39m [35m114944[0;39m [2m---[0;39m [2m[  restartedMain][0;39m [36mcom.netflix.discovery.DiscoveryClient   [0;39m [2m:[0;39m Getting all instance registry info from the eureka server
[2m2020-12-29 01:53:18.802[0;39m [32m INFO[0;39m [35m114944[0;39m [2m---[0;39m [2m[  restartedMain][0;39m [36mcom.netflix.discovery.DiscoveryClient   [0;39m [2m:[0;39m The response status is 200
[2m2020-12-29 01:53:18.803[0;39m [32m INFO[0;39m [35m114944[0;39m [2m---[0;39m [2m[  restartedMain][0;39m [36mcom.netflix.discovery.DiscoveryClient   [0;39m [2m:[0;39m Starting heartbeat executor: renew interval is: 5
[2m2020-12-29 01:53:18.803[0;39m [32m INFO[0;39m [35m114944[0;39m [2m---[0;39m [2m[  restartedMain][0;39m [36mc.n.discovery.InstanceInfoReplicator    [0;39m [2m:[0;39m InstanceInfoReplicator onDemand update allowed rate per min is 4
[2m2020-12-29 01:53:18.804[0;39m [32m INFO[0;39m [35m114944[0;39m [2m---[0;39m [2m[  restartedMain][0;39m [36mcom.netflix.discovery.DiscoveryClient   [0;39m [2m:[0;39m Discovery Client initialized at timestamp 1609203198804 with initial instances count: 5
[2m2020-12-29 01:53:18.805[0;39m [32m INFO[0;39m [35m114944[0;39m [2m---[0;39m [2m[nfoReplicator-0][0;39m [36mcom.netflix.discovery.DiscoveryClient   [0;39m [2m:[0;39m Saw local status change event StatusChangeEvent [timestamp=1609203198805, current=UP, previous=STARTING]
[2m2020-12-29 01:53:18.805[0;39m [32m INFO[0;39m [35m114944[0;39m [2m---[0;39m [2m[nfoReplicator-0][0;39m [36mcom.netflix.discovery.DiscoveryClient   [0;39m [2m:[0;39m DiscoveryClient_BUNKER-MICROSERVICE-1/192.168.1.103:Bunker-Microservice-1:0: registering service...
[2m2020-12-29 01:53:18.811[0;39m [32m INFO[0;39m [35m114944[0;39m [2m---[0;39m [2m[  restartedMain][0;39m [36mo.s.c.n.e.s.EurekaServiceRegistry       [0;39m [2m:[0;39m Registering application BUNKER-MICROSERVICE-1 with eureka with status UP
[2m2020-12-29 01:53:18.811[0;39m [33m WARN[0;39m [35m114944[0;39m [2m---[0;39m [2m[  restartedMain][0;39m [36mc.n.discovery.InstanceInfoReplicator    [0;39m [2m:[0;39m Ignoring onDemand update due to rate limiter
[2m2020-12-29 01:53:18.814[0;39m [32m INFO[0;39m [35m114944[0;39m [2m---[0;39m [2m[nfoReplicator-0][0;39m [36mcom.netflix.discovery.DiscoveryClient   [0;39m [2m:[0;39m DiscoveryClient_BUNKER-MICROSERVICE-1/192.168.1.103:Bunker-Microservice-1:0 - registration status: 204
[2m2020-12-29 01:53:18.907[0;39m [32m INFO[0;39m [35m114944[0;39m [2m---[0;39m [2m[  restartedMain][0;39m [36mc.b.m.Microservice1Application          [0;39m [2m:[0;39m Started Microservice1Application in 1.549 seconds (JVM running for 2342.818)
[2m2020-12-29 01:53:18.911[0;39m [32m INFO[0;39m [35m114944[0;39m [2m---[0;39m [2m[  restartedMain][0;39m [36m.ConditionEvaluationDeltaLoggingListener[0;39m [2m:[0;39m Condition evaluation unchanged
[2m2020-12-29 01:53:31.129[0;39m [32m INFO[0;39m [35m114944[0;39m [2m---[0;39m [2m[o-auto-2-exec-1][0;39m [36mo.a.c.c.C.[Tomcat].[localhost].[/]      [0;39m [2m:[0;39m Initializing Spring DispatcherServlet 'dispatcherServlet'
[2m2020-12-29 01:53:31.130[0;39m [32m INFO[0;39m [35m114944[0;39m [2m---[0;39m [2m[o-auto-2-exec-1][0;39m [36mo.s.web.servlet.DispatcherServlet       [0;39m [2m:[0;39m Initializing Servlet 'dispatcherServlet'
[2m2020-12-29 01:53:31.131[0;39m [32m INFO[0;39m [35m114944[0;39m [2m---[0;39m [2m[o-auto-2-exec-1][0;39m [36mo.s.web.servlet.DispatcherServlet       [0;39m [2m:[0;39m Completed initialization in 1 ms
[2m2020-12-29 01:53:56.966[0;39m [32m INFO[0;39m [35m114944[0;39m [2m---[0;39m [2m[       Thread-9][0;39m [36mo.s.c.n.e.s.EurekaServiceRegistry       [0;39m [2m:[0;39m Unregistering application BUNKER-MICROSERVICE-1 with eureka with status DOWN
[2m2020-12-29 01:53:56.967[0;39m [32m INFO[0;39m [35m114944[0;39m [2m---[0;39m [2m[       Thread-9][0;39m [36mcom.netflix.discovery.DiscoveryClient   [0;39m [2m:[0;39m Saw local status change event StatusChangeEvent [timestamp=1609203236967, current=DOWN, previous=UP]
[2m2020-12-29 01:53:56.967[0;39m [32m INFO[0;39m [35m114944[0;39m [2m---[0;39m [2m[nfoReplicator-0][0;39m [36mcom.netflix.discovery.DiscoveryClient   [0;39m [2m:[0;39m Saw local status change event StatusChangeEvent [timestamp=1609203236967, current=UP, previous=DOWN]
[2m2020-12-29 01:53:56.967[0;39m [32m INFO[0;39m [35m114944[0;39m [2m---[0;39m [2m[nfoReplicator-0][0;39m [36mcom.netflix.discovery.DiscoveryClient   [0;39m [2m:[0;39m DiscoveryClient_BUNKER-MICROSERVICE-1/192.168.1.103:Bunker-Microservice-1:0: registering service...
[2m2020-12-29 01:53:56.972[0;39m [32m INFO[0;39m [35m114944[0;39m [2m---[0;39m [2m[nfoReplicator-0][0;39m [36mcom.netflix.discovery.DiscoveryClient   [0;39m [2m:[0;39m DiscoveryClient_BUNKER-MICROSERVICE-1/192.168.1.103:Bunker-Microservice-1:0 - registration status: 204
[2m2020-12-29 01:53:56.988[0;39m [32m INFO[0;39m [35m114944[0;39m [2m---[0;39m [2m[       Thread-9][0;39m [36mo.s.s.concurrent.ThreadPoolTaskExecutor [0;39m [2m:[0;39m Shutting down ExecutorService 'applicationTaskExecutor'
[2m2020-12-29 01:53:57.993[0;39m [32m INFO[0;39m [35m114944[0;39m [2m---[0;39m [2m[       Thread-9][0;39m [36mcom.netflix.discovery.DiscoveryClient   [0;39m [2m:[0;39m Shutting down DiscoveryClient ...
[2m2020-12-29 01:54:00.996[0;39m [32m INFO[0;39m [35m114944[0;39m [2m---[0;39m [2m[       Thread-9][0;39m [36mcom.netflix.discovery.DiscoveryClient   [0;39m [2m:[0;39m Unregistering ...
[2m2020-12-29 01:54:00.999[0;39m [32m INFO[0;39m [35m114944[0;39m [2m---[0;39m [2m[       Thread-9][0;39m [36mcom.netflix.discovery.DiscoveryClient   [0;39m [2m:[0;39m DiscoveryClient_BUNKER-MICROSERVICE-1/192.168.1.103:Bunker-Microservice-1:0 - deregister  status: 200
[2m2020-12-29 01:54:01.007[0;39m [32m INFO[0;39m [35m114944[0;39m [2m---[0;39m [2m[       Thread-9][0;39m [36mcom.netflix.discovery.DiscoveryClient   [0;39m [2m:[0;39m Completed shut down of DiscoveryClient
[2m2020-12-29 01:54:01.344[0;39m [32m INFO[0;39m [35m114944[0;39m [2m---[0;39m [2m[  restartedMain][0;39m [36mc.b.m.Microservice1Application          [0;39m [2m:[0;39m Starting Microservice1Application using Java 1.8.0_241 on ubuntu-server-01 with PID 114944 (/home/lukasz/Documents/workspace/bunker-system/microservice1/target/classes started by lukasz in /home/lukasz/Documents/workspace/bunker-system/microservice1)
[2m2020-12-29 01:54:01.344[0;39m [32m INFO[0;39m [35m114944[0;39m [2m---[0;39m [2m[  restartedMain][0;39m [36mc.b.m.Microservice1Application          [0;39m [2m:[0;39m No active profile set, falling back to default profiles: default
[2m2020-12-29 01:54:01.555[0;39m [32m INFO[0;39m [35m114944[0;39m [2m---[0;39m [2m[  restartedMain][0;39m [36mo.s.cloud.context.scope.GenericScope    [0;39m [2m:[0;39m BeanFactory id=f11a82d9-50a5-33ba-9d28-85f458c1a74f
[2m2020-12-29 01:54:01.631[0;39m [32m INFO[0;39m [35m114944[0;39m [2m---[0;39m [2m[  restartedMain][0;39m [36mo.s.b.w.embedded.tomcat.TomcatWebServer [0;39m [2m:[0;39m Tomcat initialized with port(s): 0 (http)
[2m2020-12-29 01:54:01.632[0;39m [32m INFO[0;39m [35m114944[0;39m [2m---[0;39m [2m[  restartedMain][0;39m [36mo.apache.catalina.core.StandardService  [0;39m [2m:[0;39m Starting service [Tomcat]
[2m2020-12-29 01:54:01.632[0;39m [32m INFO[0;39m [35m114944[0;39m [2m---[0;39m [2m[  restartedMain][0;39m [36morg.apache.catalina.core.StandardEngine [0;39m [2m:[0;39m Starting Servlet engine: [Apache Tomcat/9.0.41]
[2m2020-12-29 01:54:01.634[0;39m [32m INFO[0;39m [35m114944[0;39m [2m---[0;39m [2m[  restartedMain][0;39m [36mo.a.c.c.C.[Tomcat].[localhost].[/]      [0;39m [2m:[0;39m Initializing Spring embedded WebApplicationContext
[2m2020-12-29 01:54:01.634[0;39m [32m INFO[0;39m [35m114944[0;39m [2m---[0;39m [2m[  restartedMain][0;39m [36mw.s.c.ServletWebServerApplicationContext[0;39m [2m:[0;39m Root WebApplicationContext: initialization completed in 289 ms
[2m2020-12-29 01:54:01.753[0;39m [33m WARN[0;39m [35m114944[0;39m [2m---[0;39m [2m[  restartedMain][0;39m [36mo.s.c.s.a.z.ZipkinAutoConfiguration     [0;39m [2m:[0;39m Check result of the [RestTemplateSender{http://localhost:9411/api/v2/spans}] contains an error [CheckResult{ok=false, error=org.springframework.web.client.ResourceAccessException: I/O error on POST request for "http://localhost:9411/api/v2/spans": Połączenie odrzucone (Connection refused); nested exception is java.net.ConnectException: Połączenie odrzucone (Connection refused)}]
[2m2020-12-29 01:54:02.078[0;39m [32m INFO[0;39m [35m114944[0;39m [2m---[0;39m [2m[  restartedMain][0;39m [36m.s.s.UserDetailsServiceAutoConfiguration[0;39m [2m:[0;39m 

Using generated security password: d8e3b088-6891-43d8-8b19-51438d99429c

[2m2020-12-29 01:54:02.094[0;39m [32m INFO[0;39m [35m114944[0;39m [2m---[0;39m [2m[  restartedMain][0;39m [36mo.s.s.web.DefaultSecurityFilterChain    [0;39m [2m:[0;39m Will secure any request with [org.springframework.security.web.context.request.async.WebAsyncManagerIntegrationFilter@5b749308, org.springframework.security.web.context.SecurityContextPersistenceFilter@21b2b5ab, org.springframework.security.web.header.HeaderWriterFilter@62b4b42b, org.springframework.security.web.csrf.CsrfFilter@63f06df5, org.springframework.security.web.authentication.logout.LogoutFilter@293726a7, org.springframework.security.web.savedrequest.RequestCacheAwareFilter@13820ca7, org.springframework.security.web.servletapi.SecurityContextHolderAwareRequestFilter@7673d7e7, org.springframework.security.web.authentication.AnonymousAuthenticationFilter@2849986e, org.springframework.security.web.session.SessionManagementFilter@34291a0e, org.springframework.security.web.access.ExceptionTranslationFilter@6002186c, org.springframework.security.web.access.intercept.FilterSecurityInterceptor@42fceb83]
[2m2020-12-29 01:54:02.163[0;39m [32m INFO[0;39m [35m114944[0;39m [2m---[0;39m [2m[  restartedMain][0;39m [36mo.s.s.concurrent.ThreadPoolTaskExecutor [0;39m [2m:[0;39m Initializing ExecutorService 'applicationTaskExecutor'
[2m2020-12-29 01:54:02.286[0;39m [33m WARN[0;39m [35m114944[0;39m [2m---[0;39m [2m[  restartedMain][0;39m [36mo.s.b.d.a.OptionalLiveReloadServer      [0;39m [2m:[0;39m Unable to start LiveReload server
[2m2020-12-29 01:54:02.376[0;39m [32m INFO[0;39m [35m114944[0;39m [2m---[0;39m [2m[  restartedMain][0;39m [36mDiscoveryClientOptionalArgsConfiguration[0;39m [2m:[0;39m Eureka HTTP Client uses RestTemplate.
[2m2020-12-29 01:54:02.435[0;39m [33m WARN[0;39m [35m114944[0;39m [2m---[0;39m [2m[  restartedMain][0;39m [36miguration$LoadBalancerCaffeineWarnLogger[0;39m [2m:[0;39m Spring Cloud LoadBalancer is currently working with the default cache. You can switch to using Caffeine cache, by adding it to the classpath.
[2m2020-12-29 01:54:02.459[0;39m [32m INFO[0;39m [35m114944[0;39m [2m---[0;39m [2m[  restartedMain][0;39m [36mo.s.b.a.e.web.EndpointLinksResolver     [0;39m [2m:[0;39m Exposing 17 endpoint(s) beneath base path '/actuator'
[2m2020-12-29 01:54:02.479[0;39m [32m INFO[0;39m [35m114944[0;39m [2m---[0;39m [2m[  restartedMain][0;39m [36mo.s.b.w.embedded.tomcat.TomcatWebServer [0;39m [2m:[0;39m Tomcat started on port(s): 39683 (http) with context path ''
[2m2020-12-29 01:54:02.479[0;39m [32m INFO[0;39m [35m114944[0;39m [2m---[0;39m [2m[  restartedMain][0;39m [36m.s.c.n.e.s.EurekaAutoServiceRegistration[0;39m [2m:[0;39m Updating port to 39683
[2m2020-12-29 01:54:02.480[0;39m [32m INFO[0;39m [35m114944[0;39m [2m---[0;39m [2m[  restartedMain][0;39m [36mo.s.c.n.eureka.InstanceInfoFactory      [0;39m [2m:[0;39m Setting initial instance status as: STARTING
[2m2020-12-29 01:54:02.482[0;39m [32m INFO[0;39m [35m114944[0;39m [2m---[0;39m [2m[  restartedMain][0;39m [36mcom.netflix.discovery.DiscoveryClient   [0;39m [2m:[0;39m Initializing Eureka in region us-east-1
[2m2020-12-29 01:54:02.483[0;39m [32m INFO[0;39m [35m114944[0;39m [2m---[0;39m [2m[  restartedMain][0;39m [36mc.n.d.s.r.aws.ConfigClusterResolver     [0;39m [2m:[0;39m Resolving eureka endpoints via configuration
[2m2020-12-29 01:54:02.483[0;39m [32m INFO[0;39m [35m114944[0;39m [2m---[0;39m [2m[  restartedMain][0;39m [36mcom.netflix.discovery.DiscoveryClient   [0;39m [2m:[0;39m Disable delta property : false
[2m2020-12-29 01:54:02.483[0;39m [32m INFO[0;39m [35m114944[0;39m [2m---[0;39m [2m[  restartedMain][0;39m [36mcom.netflix.discovery.DiscoveryClient   [0;39m [2m:[0;39m Single vip registry refresh property : null
[2m2020-12-29 01:54:02.484[0;39m [32m INFO[0;39m [35m114944[0;39m [2m---[0;39m [2m[  restartedMain][0;39m [36mcom.netflix.discovery.DiscoveryClient   [0;39m [2m:[0;39m Force full registry fetch : false
[2m2020-12-29 01:54:02.484[0;39m [32m INFO[0;39m [35m114944[0;39m [2m---[0;39m [2m[  restartedMain][0;39m [36mcom.netflix.discovery.DiscoveryClient   [0;39m [2m:[0;39m Application is null : false
[2m2020-12-29 01:54:02.484[0;39m [32m INFO[0;39m [35m114944[0;39m [2m---[0;39m [2m[  restartedMain][0;39m [36mcom.netflix.discovery.DiscoveryClient   [0;39m [2m:[0;39m Registered Applications size is zero : true
[2m2020-12-29 01:54:02.484[0;39m [32m INFO[0;39m [35m114944[0;39m [2m---[0;39m [2m[  restartedMain][0;39m [36mcom.netflix.discovery.DiscoveryClient   [0;39m [2m:[0;39m Application version is -1: true
[2m2020-12-29 01:54:02.484[0;39m [32m INFO[0;39m [35m114944[0;39m [2m---[0;39m [2m[  restartedMain][0;39m [36mcom.netflix.discovery.DiscoveryClient   [0;39m [2m:[0;39m Getting all instance registry info from the eureka server
[2m2020-12-29 01:54:02.494[0;39m [32m INFO[0;39m [35m114944[0;39m [2m---[0;39m [2m[  restartedMain][0;39m [36mcom.netflix.discovery.DiscoveryClient   [0;39m [2m:[0;39m The response status is 200
[2m2020-12-29 01:54:02.494[0;39m [32m INFO[0;39m [35m114944[0;39m [2m---[0;39m [2m[  restartedMain][0;39m [36mcom.netflix.discovery.DiscoveryClient   [0;39m [2m:[0;39m Starting heartbeat executor: renew interval is: 5
[2m2020-12-29 01:54:02.495[0;39m [32m INFO[0;39m [35m114944[0;39m [2m---[0;39m [2m[  restartedMain][0;39m [36mc.n.discovery.InstanceInfoReplicator    [0;39m [2m:[0;39m InstanceInfoReplicator onDemand update allowed rate per min is 4
[2m2020-12-29 01:54:02.495[0;39m [32m INFO[0;39m [35m114944[0;39m [2m---[0;39m [2m[  restartedMain][0;39m [36mcom.netflix.discovery.DiscoveryClient   [0;39m [2m:[0;39m Discovery Client initialized at timestamp 1609203242495 with initial instances count: 5
[2m2020-12-29 01:54:02.496[0;39m [32m INFO[0;39m [35m114944[0;39m [2m---[0;39m [2m[nfoReplicator-0][0;39m [36mcom.netflix.discovery.DiscoveryClient   [0;39m [2m:[0;39m Saw local status change event StatusChangeEvent [timestamp=1609203242496, current=UP, previous=STARTING]
[2m2020-12-29 01:54:02.497[0;39m [32m INFO[0;39m [35m114944[0;39m [2m---[0;39m [2m[nfoReplicator-0][0;39m [36mcom.netflix.discovery.DiscoveryClient   [0;39m [2m:[0;39m DiscoveryClient_BUNKER-MICROSERVICE-1/192.168.1.103:Bunker-Microservice-1:0: registering service...
[2m2020-12-29 01:54:02.502[0;39m [32m INFO[0;39m [35m114944[0;39m [2m---[0;39m [2m[  restartedMain][0;39m [36mo.s.c.n.e.s.EurekaServiceRegistry       [0;39m [2m:[0;39m Registering application BUNKER-MICROSERVICE-1 with eureka with status UP
[2m2020-12-29 01:54:02.502[0;39m [33m WARN[0;39m [35m114944[0;39m [2m---[0;39m [2m[  restartedMain][0;39m [36mc.n.discovery.InstanceInfoReplicator    [0;39m [2m:[0;39m Ignoring onDemand update due to rate limiter
[2m2020-12-29 01:54:02.503[0;39m [32m INFO[0;39m [35m114944[0;39m [2m---[0;39m [2m[nfoReplicator-0][0;39m [36mcom.netflix.discovery.DiscoveryClient   [0;39m [2m:[0;39m DiscoveryClient_BUNKER-MICROSERVICE-1/192.168.1.103:Bunker-Microservice-1:0 - registration status: 204
[2m2020-12-29 01:54:02.592[0;39m [32m INFO[0;39m [35m114944[0;39m [2m---[0;39m [2m[  restartedMain][0;39m [36mc.b.m.Microservice1Application          [0;39m [2m:[0;39m Started Microservice1Application in 1.402 seconds (JVM running for 2386.504)
[2m2020-12-29 01:54:02.596[0;39m [32m INFO[0;39m [35m114944[0;39m [2m---[0;39m [2m[  restartedMain][0;39m [36m.ConditionEvaluationDeltaLoggingListener[0;39m [2m:[0;39m Condition evaluation unchanged
[2m2020-12-29 01:54:28.704[0;39m [32m INFO[0;39m [35m114944[0;39m [2m---[0;39m [2m[      Thread-16][0;39m [36mo.s.c.n.e.s.EurekaServiceRegistry       [0;39m [2m:[0;39m Unregistering application BUNKER-MICROSERVICE-1 with eureka with status DOWN
[2m2020-12-29 01:54:28.704[0;39m [32m INFO[0;39m [35m114944[0;39m [2m---[0;39m [2m[      Thread-16][0;39m [36mcom.netflix.discovery.DiscoveryClient   [0;39m [2m:[0;39m Saw local status change event StatusChangeEvent [timestamp=1609203268704, current=DOWN, previous=UP]
[2m2020-12-29 01:54:28.704[0;39m [32m INFO[0;39m [35m114944[0;39m [2m---[0;39m [2m[nfoReplicator-0][0;39m [36mcom.netflix.discovery.DiscoveryClient   [0;39m [2m:[0;39m Saw local status change event StatusChangeEvent [timestamp=1609203268704, current=UP, previous=DOWN]
[2m2020-12-29 01:54:28.704[0;39m [33m WARN[0;39m [35m114944[0;39m [2m---[0;39m [2m[nfoReplicator-0][0;39m [36mc.n.discovery.InstanceInfoReplicator    [0;39m [2m:[0;39m Ignoring onDemand update due to rate limiter
[2m2020-12-29 01:54:28.704[0;39m [32m INFO[0;39m [35m114944[0;39m [2m---[0;39m [2m[nfoReplicator-0][0;39m [36mcom.netflix.discovery.DiscoveryClient   [0;39m [2m:[0;39m DiscoveryClient_BUNKER-MICROSERVICE-1/192.168.1.103:Bunker-Microservice-1:0: registering service...
[2m2020-12-29 01:54:28.708[0;39m [32m INFO[0;39m [35m114944[0;39m [2m---[0;39m [2m[nfoReplicator-0][0;39m [36mcom.netflix.discovery.DiscoveryClient   [0;39m [2m:[0;39m DiscoveryClient_BUNKER-MICROSERVICE-1/192.168.1.103:Bunker-Microservice-1:0 - registration status: 204
[2m2020-12-29 01:54:28.716[0;39m [32m INFO[0;39m [35m114944[0;39m [2m---[0;39m [2m[      Thread-16][0;39m [36mo.s.s.concurrent.ThreadPoolTaskExecutor [0;39m [2m:[0;39m Shutting down ExecutorService 'applicationTaskExecutor'
[2m2020-12-29 01:54:29.720[0;39m [32m INFO[0;39m [35m114944[0;39m [2m---[0;39m [2m[      Thread-16][0;39m [36mcom.netflix.discovery.DiscoveryClient   [0;39m [2m:[0;39m Shutting down DiscoveryClient ...
[2m2020-12-29 01:54:32.721[0;39m [33m WARN[0;39m [35m114944[0;39m [2m---[0;39m [2m[scoveryClient-1][0;39m [36mc.netflix.discovery.TimedSupervisorTask [0;39m [2m:[0;39m task supervisor shutting down, can't accept the task
[2m2020-12-29 01:54:32.722[0;39m [32m INFO[0;39m [35m114944[0;39m [2m---[0;39m [2m[      Thread-16][0;39m [36mcom.netflix.discovery.DiscoveryClient   [0;39m [2m:[0;39m Unregistering ...
[2m2020-12-29 01:54:32.723[0;39m [32m INFO[0;39m [35m114944[0;39m [2m---[0;39m [2m[      Thread-16][0;39m [36mcom.netflix.discovery.DiscoveryClient   [0;39m [2m:[0;39m DiscoveryClient_BUNKER-MICROSERVICE-1/192.168.1.103:Bunker-Microservice-1:0 - deregister  status: 200
[2m2020-12-29 01:54:32.726[0;39m [32m INFO[0;39m [35m114944[0;39m [2m---[0;39m [2m[      Thread-16][0;39m [36mcom.netflix.discovery.DiscoveryClient   [0;39m [2m:[0;39m Completed shut down of DiscoveryClient
[2m2020-12-29 01:54:32.980[0;39m [32m INFO[0;39m [35m114944[0;39m [2m---[0;39m [2m[  restartedMain][0;39m [36mc.b.m.Microservice1Application          [0;39m [2m:[0;39m Starting Microservice1Application using Java 1.8.0_241 on ubuntu-server-01 with PID 114944 (/home/lukasz/Documents/workspace/bunker-system/microservice1/target/classes started by lukasz in /home/lukasz/Documents/workspace/bunker-system/microservice1)
[2m2020-12-29 01:54:32.980[0;39m [32m INFO[0;39m [35m114944[0;39m [2m---[0;39m [2m[  restartedMain][0;39m [36mc.b.m.Microservice1Application          [0;39m [2m:[0;39m No active profile set, falling back to default profiles: default
[2m2020-12-29 01:54:33.202[0;39m [32m INFO[0;39m [35m114944[0;39m [2m---[0;39m [2m[  restartedMain][0;39m [36mo.s.cloud.context.scope.GenericScope    [0;39m [2m:[0;39m BeanFactory id=f11a82d9-50a5-33ba-9d28-85f458c1a74f
[2m2020-12-29 01:54:33.274[0;39m [32m INFO[0;39m [35m114944[0;39m [2m---[0;39m [2m[  restartedMain][0;39m [36mo.s.b.w.embedded.tomcat.TomcatWebServer [0;39m [2m:[0;39m Tomcat initialized with port(s): 0 (http)
[2m2020-12-29 01:54:33.274[0;39m [32m INFO[0;39m [35m114944[0;39m [2m---[0;39m [2m[  restartedMain][0;39m [36mo.apache.catalina.core.StandardService  [0;39m [2m:[0;39m Starting service [Tomcat]
[2m2020-12-29 01:54:33.274[0;39m [32m INFO[0;39m [35m114944[0;39m [2m---[0;39m [2m[  restartedMain][0;39m [36morg.apache.catalina.core.StandardEngine [0;39m [2m:[0;39m Starting Servlet engine: [Apache Tomcat/9.0.41]
[2m2020-12-29 01:54:33.276[0;39m [32m INFO[0;39m [35m114944[0;39m [2m---[0;39m [2m[  restartedMain][0;39m [36mo.a.c.c.C.[Tomcat].[localhost].[/]      [0;39m [2m:[0;39m Initializing Spring embedded WebApplicationContext
[2m2020-12-29 01:54:33.276[0;39m [32m INFO[0;39m [35m114944[0;39m [2m---[0;39m [2m[  restartedMain][0;39m [36mw.s.c.ServletWebServerApplicationContext[0;39m [2m:[0;39m Root WebApplicationContext: initialization completed in 295 ms
[2m2020-12-29 01:54:33.394[0;39m [33m WARN[0;39m [35m114944[0;39m [2m---[0;39m [2m[  restartedMain][0;39m [36mo.s.c.s.a.z.ZipkinAutoConfiguration     [0;39m [2m:[0;39m Check result of the [RestTemplateSender{http://localhost:9411/api/v2/spans}] contains an error [CheckResult{ok=false, error=org.springframework.web.client.ResourceAccessException: I/O error on POST request for "http://localhost:9411/api/v2/spans": Połączenie odrzucone (Connection refused); nested exception is java.net.ConnectException: Połączenie odrzucone (Connection refused)}]
[2m2020-12-29 01:54:33.686[0;39m [32m INFO[0;39m [35m114944[0;39m [2m---[0;39m [2m[  restartedMain][0;39m [36m.s.s.UserDetailsServiceAutoConfiguration[0;39m [2m:[0;39m 

Using generated security password: 6ab66387-1e59-4bcc-a343-d93cacae6a01

[2m2020-12-29 01:54:33.708[0;39m [32m INFO[0;39m [35m114944[0;39m [2m---[0;39m [2m[  restartedMain][0;39m [36mo.s.s.web.DefaultSecurityFilterChain    [0;39m [2m:[0;39m Will secure any request with [org.springframework.security.web.context.request.async.WebAsyncManagerIntegrationFilter@3c87c973, org.springframework.security.web.context.SecurityContextPersistenceFilter@7f90730b, org.springframework.security.web.header.HeaderWriterFilter@37457032, org.springframework.security.web.csrf.CsrfFilter@335e8984, org.springframework.security.web.authentication.logout.LogoutFilter@90e37f3, org.springframework.security.web.savedrequest.RequestCacheAwareFilter@735e6511, org.springframework.security.web.servletapi.SecurityContextHolderAwareRequestFilter@73e4945d, org.springframework.security.web.authentication.AnonymousAuthenticationFilter@35573a29, org.springframework.security.web.session.SessionManagementFilter@56f1a6c7, org.springframework.security.web.access.ExceptionTranslationFilter@76a73ca2, org.springframework.security.web.access.intercept.FilterSecurityInterceptor@df8431b]
[2m2020-12-29 01:54:33.789[0;39m [32m INFO[0;39m [35m114944[0;39m [2m---[0;39m [2m[  restartedMain][0;39m [36mo.s.s.concurrent.ThreadPoolTaskExecutor [0;39m [2m:[0;39m Initializing ExecutorService 'applicationTaskExecutor'
[2m2020-12-29 01:54:33.923[0;39m [33m WARN[0;39m [35m114944[0;39m [2m---[0;39m [2m[  restartedMain][0;39m [36mo.s.b.d.a.OptionalLiveReloadServer      [0;39m [2m:[0;39m Unable to start LiveReload server
[2m2020-12-29 01:54:34.005[0;39m [32m INFO[0;39m [35m114944[0;39m [2m---[0;39m [2m[  restartedMain][0;39m [36mDiscoveryClientOptionalArgsConfiguration[0;39m [2m:[0;39m Eureka HTTP Client uses RestTemplate.
[2m2020-12-29 01:54:34.066[0;39m [33m WARN[0;39m [35m114944[0;39m [2m---[0;39m [2m[  restartedMain][0;39m [36miguration$LoadBalancerCaffeineWarnLogger[0;39m [2m:[0;39m Spring Cloud LoadBalancer is currently working with the default cache. You can switch to using Caffeine cache, by adding it to the classpath.
[2m2020-12-29 01:54:34.088[0;39m [32m INFO[0;39m [35m114944[0;39m [2m---[0;39m [2m[  restartedMain][0;39m [36mo.s.b.a.e.web.EndpointLinksResolver     [0;39m [2m:[0;39m Exposing 17 endpoint(s) beneath base path '/actuator'
[2m2020-12-29 01:54:34.109[0;39m [32m INFO[0;39m [35m114944[0;39m [2m---[0;39m [2m[  restartedMain][0;39m [36mo.s.b.w.embedded.tomcat.TomcatWebServer [0;39m [2m:[0;39m Tomcat started on port(s): 42297 (http) with context path ''
[2m2020-12-29 01:54:34.109[0;39m [32m INFO[0;39m [35m114944[0;39m [2m---[0;39m [2m[  restartedMain][0;39m [36m.s.c.n.e.s.EurekaAutoServiceRegistration[0;39m [2m:[0;39m Updating port to 42297
[2m2020-12-29 01:54:34.110[0;39m [32m INFO[0;39m [35m114944[0;39m [2m---[0;39m [2m[  restartedMain][0;39m [36mo.s.c.n.eureka.InstanceInfoFactory      [0;39m [2m:[0;39m Setting initial instance status as: STARTING
[2m2020-12-29 01:54:34.112[0;39m [32m INFO[0;39m [35m114944[0;39m [2m---[0;39m [2m[  restartedMain][0;39m [36mcom.netflix.discovery.DiscoveryClient   [0;39m [2m:[0;39m Initializing Eureka in region us-east-1
[2m2020-12-29 01:54:34.112[0;39m [32m INFO[0;39m [35m114944[0;39m [2m---[0;39m [2m[  restartedMain][0;39m [36mc.n.d.s.r.aws.ConfigClusterResolver     [0;39m [2m:[0;39m Resolving eureka endpoints via configuration
[2m2020-12-29 01:54:34.113[0;39m [32m INFO[0;39m [35m114944[0;39m [2m---[0;39m [2m[  restartedMain][0;39m [36mcom.netflix.discovery.DiscoveryClient   [0;39m [2m:[0;39m Disable delta property : false
[2m2020-12-29 01:54:34.113[0;39m [32m INFO[0;39m [35m114944[0;39m [2m---[0;39m [2m[  restartedMain][0;39m [36mcom.netflix.discovery.DiscoveryClient   [0;39m [2m:[0;39m Single vip registry refresh property : null
[2m2020-12-29 01:54:34.113[0;39m [32m INFO[0;39m [35m114944[0;39m [2m---[0;39m [2m[  restartedMain][0;39m [36mcom.netflix.discovery.DiscoveryClient   [0;39m [2m:[0;39m Force full registry fetch : false
[2m2020-12-29 01:54:34.113[0;39m [32m INFO[0;39m [35m114944[0;39m [2m---[0;39m [2m[  restartedMain][0;39m [36mcom.netflix.discovery.DiscoveryClient   [0;39m [2m:[0;39m Application is null : false
[2m2020-12-29 01:54:34.113[0;39m [32m INFO[0;39m [35m114944[0;39m [2m---[0;39m [2m[  restartedMain][0;39m [36mcom.netflix.discovery.DiscoveryClient   [0;39m [2m:[0;39m Registered Applications size is zero : true
[2m2020-12-29 01:54:34.113[0;39m [32m INFO[0;39m [35m114944[0;39m [2m---[0;39m [2m[  restartedMain][0;39m [36mcom.netflix.discovery.DiscoveryClient   [0;39m [2m:[0;39m Application version is -1: true
[2m2020-12-29 01:54:34.113[0;39m [32m INFO[0;39m [35m114944[0;39m [2m---[0;39m [2m[  restartedMain][0;39m [36mcom.netflix.discovery.DiscoveryClient   [0;39m [2m:[0;39m Getting all instance registry info from the eureka server
[2m2020-12-29 01:54:34.124[0;39m [32m INFO[0;39m [35m114944[0;39m [2m---[0;39m [2m[  restartedMain][0;39m [36mcom.netflix.discovery.DiscoveryClient   [0;39m [2m:[0;39m The response status is 200
[2m2020-12-29 01:54:34.125[0;39m [32m INFO[0;39m [35m114944[0;39m [2m---[0;39m [2m[  restartedMain][0;39m [36mcom.netflix.discovery.DiscoveryClient   [0;39m [2m:[0;39m Starting heartbeat executor: renew interval is: 5
[2m2020-12-29 01:54:34.125[0;39m [32m INFO[0;39m [35m114944[0;39m [2m---[0;39m [2m[  restartedMain][0;39m [36mc.n.discovery.InstanceInfoReplicator    [0;39m [2m:[0;39m InstanceInfoReplicator onDemand update allowed rate per min is 4
[2m2020-12-29 01:54:34.125[0;39m [32m INFO[0;39m [35m114944[0;39m [2m---[0;39m [2m[  restartedMain][0;39m [36mcom.netflix.discovery.DiscoveryClient   [0;39m [2m:[0;39m Discovery Client initialized at timestamp 1609203274125 with initial instances count: 5
[2m2020-12-29 01:54:34.126[0;39m [32m INFO[0;39m [35m114944[0;39m [2m---[0;39m [2m[nfoReplicator-0][0;39m [36mcom.netflix.discovery.DiscoveryClient   [0;39m [2m:[0;39m Saw local status change event StatusChangeEvent [timestamp=1609203274126, current=UP, previous=STARTING]
[2m2020-12-29 01:54:34.127[0;39m [32m INFO[0;39m [35m114944[0;39m [2m---[0;39m [2m[nfoReplicator-0][0;39m [36mcom.netflix.discovery.DiscoveryClient   [0;39m [2m:[0;39m DiscoveryClient_BUNKER-MICROSERVICE-1/192.168.1.103:Bunker-Microservice-1:0: registering service...
[2m2020-12-29 01:54:34.132[0;39m [32m INFO[0;39m [35m114944[0;39m [2m---[0;39m [2m[  restartedMain][0;39m [36mo.s.c.n.e.s.EurekaServiceRegistry       [0;39m [2m:[0;39m Registering application BUNKER-MICROSERVICE-1 with eureka with status UP
[2m2020-12-29 01:54:34.133[0;39m [32m INFO[0;39m [35m114944[0;39m [2m---[0;39m [2m[nfoReplicator-0][0;39m [36mcom.netflix.discovery.DiscoveryClient   [0;39m [2m:[0;39m DiscoveryClient_BUNKER-MICROSERVICE-1/192.168.1.103:Bunker-Microservice-1:0 - registration status: 204
[2m2020-12-29 01:54:34.133[0;39m [33m WARN[0;39m [35m114944[0;39m [2m---[0;39m [2m[  restartedMain][0;39m [36mc.n.discovery.InstanceInfoReplicator    [0;39m [2m:[0;39m Ignoring onDemand update due to rate limiter
[2m2020-12-29 01:54:34.210[0;39m [32m INFO[0;39m [35m114944[0;39m [2m---[0;39m [2m[  restartedMain][0;39m [36mc.b.m.Microservice1Application          [0;39m [2m:[0;39m Started Microservice1Application in 1.344 seconds (JVM running for 2418.122)
[2m2020-12-29 01:54:34.214[0;39m [32m INFO[0;39m [35m114944[0;39m [2m---[0;39m [2m[  restartedMain][0;39m [36m.ConditionEvaluationDeltaLoggingListener[0;39m [2m:[0;39m Condition evaluation unchanged
[2m2020-12-29 01:55:01.190[0;39m [32m INFO[0;39m [35m114944[0;39m [2m---[0;39m [2m[o-auto-4-exec-1][0;39m [36mo.a.c.c.C.[Tomcat].[localhost].[/]      [0;39m [2m:[0;39m Initializing Spring DispatcherServlet 'dispatcherServlet'
[2m2020-12-29 01:55:01.190[0;39m [32m INFO[0;39m [35m114944[0;39m [2m---[0;39m [2m[o-auto-4-exec-1][0;39m [36mo.s.web.servlet.DispatcherServlet       [0;39m [2m:[0;39m Initializing Servlet 'dispatcherServlet'
[2m2020-12-29 01:55:01.193[0;39m [32m INFO[0;39m [35m114944[0;39m [2m---[0;39m [2m[o-auto-4-exec-1][0;39m [36mo.s.web.servlet.DispatcherServlet       [0;39m [2m:[0;39m Completed initialization in 3 ms
[2m2020-12-29 01:55:58.527[0;39m [32m INFO[0;39m [35m114944[0;39m [2m---[0;39m [2m[extShutdownHook][0;39m [36mo.s.c.n.e.s.EurekaServiceRegistry       [0;39m [2m:[0;39m Unregistering application BUNKER-MICROSERVICE-1 with eureka with status DOWN
[2m2020-12-29 01:55:58.527[0;39m [32m INFO[0;39m [35m114944[0;39m [2m---[0;39m [2m[extShutdownHook][0;39m [36mcom.netflix.discovery.DiscoveryClient   [0;39m [2m:[0;39m Saw local status change event StatusChangeEvent [timestamp=1609203358527, current=DOWN, previous=UP]
[2m2020-12-29 01:55:58.527[0;39m [32m INFO[0;39m [35m114944[0;39m [2m---[0;39m [2m[nfoReplicator-0][0;39m [36mcom.netflix.discovery.DiscoveryClient   [0;39m [2m:[0;39m Saw local status change event StatusChangeEvent [timestamp=1609203358527, current=UP, previous=DOWN]
[2m2020-12-29 01:55:58.527[0;39m [32m INFO[0;39m [35m114944[0;39m [2m---[0;39m [2m[nfoReplicator-0][0;39m [36mcom.netflix.discovery.DiscoveryClient   [0;39m [2m:[0;39m DiscoveryClient_BUNKER-MICROSERVICE-1/192.168.1.103:Bunker-Microservice-1:0: registering service...
[2m2020-12-29 01:55:58.530[0;39m [32m INFO[0;39m [35m114944[0;39m [2m---[0;39m [2m[nfoReplicator-0][0;39m [36mcom.netflix.discovery.DiscoveryClient   [0;39m [2m:[0;39m DiscoveryClient_BUNKER-MICROSERVICE-1/192.168.1.103:Bunker-Microservice-1:0 - registration status: 204
[2m2020-12-29 01:55:58.545[0;39m [32m INFO[0;39m [35m114944[0;39m [2m---[0;39m [2m[extShutdownHook][0;39m [36mo.s.s.concurrent.ThreadPoolTaskExecutor [0;39m [2m:[0;39m Shutting down ExecutorService 'applicationTaskExecutor'
[2m2020-12-29 01:55:59.548[0;39m [32m INFO[0;39m [35m114944[0;39m [2m---[0;39m [2m[extShutdownHook][0;39m [36mcom.netflix.discovery.DiscoveryClient   [0;39m [2m:[0;39m Shutting down DiscoveryClient ...
[2m2020-12-29 01:56:02.549[0;39m [32m INFO[0;39m [35m114944[0;39m [2m---[0;39m [2m[extShutdownHook][0;39m [36mcom.netflix.discovery.DiscoveryClient   [0;39m [2m:[0;39m Unregistering ...
[2m2020-12-29 01:56:02.551[0;39m [32m INFO[0;39m [35m114944[0;39m [2m---[0;39m [2m[extShutdownHook][0;39m [36mcom.netflix.discovery.DiscoveryClient   [0;39m [2m:[0;39m DiscoveryClient_BUNKER-MICROSERVICE-1/192.168.1.103:Bunker-Microservice-1:0 - deregister  status: 200
[2m2020-12-29 01:56:02.556[0;39m [32m INFO[0;39m [35m114944[0;39m [2m---[0;39m [2m[extShutdownHook][0;39m [36mcom.netflix.discovery.DiscoveryClient   [0;39m [2m:[0;39m Completed shut down of DiscoveryClient
2020-12-29 01:56:35.907  INFO 117486 --- [           main] c.b.m.Microservice1ApplicationTest       : Starting Microservice1ApplicationTest using Java 1.8.0_241 on ubuntu-server-01 with PID 117486 (started by lukasz in /home/lukasz/Documents/workspace/bunker-system/microservice1)
2020-12-29 01:56:35.909  INFO 117486 --- [           main] c.b.m.Microservice1ApplicationTest       : No active profile set, falling back to default profiles: default
2020-12-29 01:56:36.829  INFO 117486 --- [           main] o.s.cloud.context.scope.GenericScope     : BeanFactory id=2afecaa2-6fd0-345a-8c53-be1fdeb890cd
2020-12-29 01:56:37.480  INFO 117486 --- [           main] .s.s.UserDetailsServiceAutoConfiguration : 

Using generated security password: bd74deab-a4c6-4da9-9840-f53108ca67b1

2020-12-29 01:56:37.637  INFO 117486 --- [           main] o.s.s.web.DefaultSecurityFilterChain     : Will secure any request with [org.springframework.security.web.context.request.async.WebAsyncManagerIntegrationFilter@6a15b73, org.springframework.security.web.context.SecurityContextPersistenceFilter@68ddd415, org.springframework.security.web.header.HeaderWriterFilter@51efb731, org.springframework.security.web.csrf.CsrfFilter@d7bbf12, org.springframework.security.web.authentication.logout.LogoutFilter@83bb0f, org.springframework.security.web.savedrequest.RequestCacheAwareFilter@4b515eab, org.springframework.security.web.servletapi.SecurityContextHolderAwareRequestFilter@574059d5, org.springframework.security.web.authentication.AnonymousAuthenticationFilter@44dc7b7d, org.springframework.security.web.session.SessionManagementFilter@2a02e34b, org.springframework.security.web.access.ExceptionTranslationFilter@5a058be5, org.springframework.security.web.access.intercept.FilterSecurityInterceptor@6436e181]
2020-12-29 01:56:38.084  INFO 117486 --- [           main] o.s.s.concurrent.ThreadPoolTaskExecutor  : Initializing ExecutorService 'applicationTaskExecutor'
2020-12-29 01:56:39.082  INFO 117486 --- [           main] DiscoveryClientOptionalArgsConfiguration : Eureka HTTP Client uses RestTemplate.
2020-12-29 01:56:39.225  WARN 117486 --- [           main] o.s.c.s.a.z.ZipkinAutoConfiguration      : Check result of the [RestTemplateSender{http://localhost:9411/api/v2/spans}] contains an error [CheckResult{ok=false, error=org.springframework.web.client.ResourceAccessException: I/O error on POST request for "http://localhost:9411/api/v2/spans": Połączenie odrzucone (Connection refused); nested exception is java.net.ConnectException: Połączenie odrzucone (Connection refused)}]
2020-12-29 01:56:39.474  WARN 117486 --- [           main] iguration$LoadBalancerCaffeineWarnLogger : Spring Cloud LoadBalancer is currently working with the default cache. You can switch to using Caffeine cache, by adding it to the classpath.
2020-12-29 01:56:39.542  INFO 117486 --- [           main] o.s.b.a.e.web.EndpointLinksResolver      : Exposing 17 endpoint(s) beneath base path '/actuator'
2020-12-29 01:56:39.618  INFO 117486 --- [           main] c.b.m.Microservice1ApplicationTest       : Started Microservice1ApplicationTest in 4.229 seconds (JVM running for 4.883)
2020-12-29 01:56:39.780  INFO 117486 --- [extShutdownHook] o.s.c.n.eureka.InstanceInfoFactory       : Setting initial instance status as: STARTING
2020-12-29 01:56:39.783  INFO 117486 --- [extShutdownHook] o.s.c.n.e.s.EurekaServiceRegistry        : Unregistering application BUNKER-MICROSERVICE-1 with eureka with status DOWN
2020-12-29 01:56:40.794  INFO 117486 --- [extShutdownHook] o.s.s.concurrent.ThreadPoolTaskExecutor  : Shutting down ExecutorService 'applicationTaskExecutor'
