2020-12-29 01:08:11.516  INFO [Bunker-Microservice-2,,] 100812 --- [restartedMain] c.b.m.Microservice2Application           : Starting Microservice2Application using Java 1.8.0_241 on ubuntu-server-01 with PID 100812 (/home/lukasz/Documents/workspace/bunker-system/microservice2/target/classes started by lukasz in /home/lukasz/Documents/workspace/bunker-system/microservice2)
2020-12-29 01:08:11.517  INFO [Bunker-Microservice-2,,] 100812 --- [restartedMain] c.b.m.Microservice2Application           : No active profile set, falling back to default profiles: default
2020-12-29 01:08:11.749  INFO [Bunker-Microservice-2,,] 100812 --- [restartedMain] o.s.cloud.context.scope.GenericScope     : BeanFactory id=7e2bab2a-1bdb-3c56-9fa8-99720926e1ef
2020-12-29 01:08:11.828  INFO [Bunker-Microservice-2,,] 100812 --- [restartedMain] o.s.b.w.embedded.tomcat.TomcatWebServer  : Tomcat initialized with port(s): 0 (http)
2020-12-29 01:08:11.829  INFO [Bunker-Microservice-2,,] 100812 --- [restartedMain] o.apache.catalina.core.StandardService   : Starting service [Tomcat]
2020-12-29 01:08:11.829  INFO [Bunker-Microservice-2,,] 100812 --- [restartedMain] org.apache.catalina.core.StandardEngine  : Starting Servlet engine: [Apache Tomcat/9.0.41]
2020-12-29 01:08:11.832  INFO [Bunker-Microservice-2,,] 100812 --- [restartedMain] o.a.c.c.C.[Tomcat].[localhost].[/]       : Initializing Spring embedded WebApplicationContext
2020-12-29 01:08:11.832  INFO [Bunker-Microservice-2,,] 100812 --- [restartedMain] w.s.c.ServletWebServerApplicationContext : Root WebApplicationContext: initialization completed in 314 ms
2020-12-29 01:08:12.241  INFO [Bunker-Microservice-2,,] 100812 --- [restartedMain] .s.s.UserDetailsServiceAutoConfiguration : 

Using generated security password: 2d6bdb2f-95d7-4b36-9316-8ff62cd0c143

2020-12-29 01:08:12.258  INFO [Bunker-Microservice-2,,] 100812 --- [restartedMain] o.s.s.web.DefaultSecurityFilterChain     : Will secure any request with [org.springframework.security.web.context.request.async.WebAsyncManagerIntegrationFilter@6772ed34, org.springframework.security.web.context.SecurityContextPersistenceFilter@77ef10d8, org.springframework.security.web.header.HeaderWriterFilter@116b8ea8, org.springframework.security.web.csrf.CsrfFilter@43d6a08c, org.springframework.security.web.authentication.logout.LogoutFilter@52d7876d, org.springframework.security.web.savedrequest.RequestCacheAwareFilter@b64308d, org.springframework.security.web.servletapi.SecurityContextHolderAwareRequestFilter@7078b286, org.springframework.security.web.authentication.AnonymousAuthenticationFilter@789540b9, org.springframework.security.web.session.SessionManagementFilter@7ed551c9, org.springframework.security.web.access.ExceptionTranslationFilter@7c72683b, org.springframework.security.web.access.intercept.FilterSecurityInterceptor@7143b29]
2020-12-29 01:08:12.333  INFO [Bunker-Microservice-2,,] 100812 --- [restartedMain] o.s.s.concurrent.ThreadPoolTaskExecutor  : Initializing ExecutorService 'applicationTaskExecutor'
2020-12-29 01:08:12.442  WARN [Bunker-Microservice-2,,] 100812 --- [restartedMain] o.s.b.d.a.OptionalLiveReloadServer       : Unable to start LiveReload server
2020-12-29 01:08:12.552  INFO [Bunker-Microservice-2,,] 100812 --- [restartedMain] DiscoveryClientOptionalArgsConfiguration : Eureka HTTP Client uses RestTemplate.
2020-12-29 01:08:12.619  WARN [Bunker-Microservice-2,,] 100812 --- [restartedMain] iguration$LoadBalancerCaffeineWarnLogger : Spring Cloud LoadBalancer is currently working with the default cache. You can switch to using Caffeine cache, by adding it to the classpath.
2020-12-29 01:08:12.640  INFO [Bunker-Microservice-2,,] 100812 --- [restartedMain] o.s.b.a.e.web.EndpointLinksResolver      : Exposing 17 endpoint(s) beneath base path '/actuator'
2020-12-29 01:08:12.660  INFO [Bunker-Microservice-2,,] 100812 --- [restartedMain] o.s.b.w.embedded.tomcat.TomcatWebServer  : Tomcat started on port(s): 37407 (http) with context path ''
2020-12-29 01:08:12.661  INFO [Bunker-Microservice-2,,] 100812 --- [restartedMain] .s.c.n.e.s.EurekaAutoServiceRegistration : Updating port to 37407
2020-12-29 01:08:12.661  INFO [Bunker-Microservice-2,,] 100812 --- [restartedMain] o.s.c.n.eureka.InstanceInfoFactory       : Setting initial instance status as: STARTING
2020-12-29 01:08:12.664  INFO [Bunker-Microservice-2,,] 100812 --- [restartedMain] com.netflix.discovery.DiscoveryClient    : Initializing Eureka in region us-east-1
2020-12-29 01:08:12.664  INFO [Bunker-Microservice-2,,] 100812 --- [restartedMain] c.n.d.s.r.aws.ConfigClusterResolver      : Resolving eureka endpoints via configuration
2020-12-29 01:08:12.667  INFO [Bunker-Microservice-2,,] 100812 --- [restartedMain] com.netflix.discovery.DiscoveryClient    : Disable delta property : false
2020-12-29 01:08:12.667  INFO [Bunker-Microservice-2,,] 100812 --- [restartedMain] com.netflix.discovery.DiscoveryClient    : Single vip registry refresh property : null
2020-12-29 01:08:12.667  INFO [Bunker-Microservice-2,,] 100812 --- [restartedMain] com.netflix.discovery.DiscoveryClient    : Force full registry fetch : false
2020-12-29 01:08:12.668  INFO [Bunker-Microservice-2,,] 100812 --- [restartedMain] com.netflix.discovery.DiscoveryClient    : Application is null : false
2020-12-29 01:08:12.668  INFO [Bunker-Microservice-2,,] 100812 --- [restartedMain] com.netflix.discovery.DiscoveryClient    : Registered Applications size is zero : true
2020-12-29 01:08:12.668  INFO [Bunker-Microservice-2,,] 100812 --- [restartedMain] com.netflix.discovery.DiscoveryClient    : Application version is -1: true
2020-12-29 01:08:12.668  INFO [Bunker-Microservice-2,,] 100812 --- [restartedMain] com.netflix.discovery.DiscoveryClient    : Getting all instance registry info from the eureka server
2020-12-29 01:08:12.675  INFO [Bunker-Microservice-2,,] 100812 --- [restartedMain] com.netflix.discovery.DiscoveryClient    : The response status is 200
2020-12-29 01:08:12.676  INFO [Bunker-Microservice-2,,] 100812 --- [restartedMain] com.netflix.discovery.DiscoveryClient    : Starting heartbeat executor: renew interval is: 5
2020-12-29 01:08:12.676  INFO [Bunker-Microservice-2,,] 100812 --- [restartedMain] c.n.discovery.InstanceInfoReplicator     : InstanceInfoReplicator onDemand update allowed rate per min is 4
2020-12-29 01:08:12.677  INFO [Bunker-Microservice-2,,] 100812 --- [restartedMain] com.netflix.discovery.DiscoveryClient    : Discovery Client initialized at timestamp 1609200492677 with initial instances count: 5
2020-12-29 01:08:12.678  INFO [Bunker-Microservice-2,,] 100812 --- [DiscoveryClient-InstanceInfoReplicator-0] com.netflix.discovery.DiscoveryClient    : Saw local status change event StatusChangeEvent [timestamp=1609200492678, current=UP, previous=STARTING]
2020-12-29 01:08:12.680  INFO [Bunker-Microservice-2,,] 100812 --- [DiscoveryClient-InstanceInfoReplicator-0] com.netflix.discovery.DiscoveryClient    : DiscoveryClient_BUNKER-MICROSERVICE-2/192.168.1.103:Bunker-Microservice-2:0: registering service...
2020-12-29 01:08:12.682  INFO [Bunker-Microservice-2,,] 100812 --- [restartedMain] o.s.c.n.e.s.EurekaServiceRegistry        : Registering application BUNKER-MICROSERVICE-2 with eureka with status UP
2020-12-29 01:08:12.683  WARN [Bunker-Microservice-2,,] 100812 --- [restartedMain] c.n.discovery.InstanceInfoReplicator     : Ignoring onDemand update due to rate limiter
2020-12-29 01:08:12.685  INFO [Bunker-Microservice-2,,] 100812 --- [DiscoveryClient-InstanceInfoReplicator-0] com.netflix.discovery.DiscoveryClient    : DiscoveryClient_BUNKER-MICROSERVICE-2/192.168.1.103:Bunker-Microservice-2:0 - registration status: 204
2020-12-29 01:08:12.774  INFO [Bunker-Microservice-2,,] 100812 --- [restartedMain] c.b.m.Microservice2Application           : Started Microservice2Application in 1.558 seconds (JVM running for 11710.668)
2020-12-29 01:08:12.779  INFO [Bunker-Microservice-2,,] 100812 --- [restartedMain] .ConditionEvaluationDeltaLoggingListener : Condition evaluation delta:


==========================
CONDITION EVALUATION DELTA
==========================


Positive matches:
-----------------

   LogFileWebEndpointAutoConfiguration#logFileWebEndpoint matched:
      - Log File found logging.file.name microservice1.log (LogFileWebEndpointAutoConfiguration.LogFileCondition)
      - @ConditionalOnMissingBean (types: org.springframework.boot.actuate.logging.LogFileWebEndpoint; SearchStrategy: all) did not find any beans (OnBeanCondition)


Negative matches:
-----------------

    None


Exclusions:
-----------

    None


Unconditional classes:
----------------------

    None



2020-12-29 01:08:17.686  INFO [Bunker-Microservice-2,,] 100812 --- [DiscoveryClient-HeartbeatExecutor-0] com.netflix.discovery.DiscoveryClient    : DiscoveryClient_BUNKER-MICROSERVICE-2/192.168.1.103:Bunker-Microservice-2:0 - Re-registering apps/BUNKER-MICROSERVICE-2
2020-12-29 01:08:17.686  INFO [Bunker-Microservice-2,,] 100812 --- [DiscoveryClient-HeartbeatExecutor-0] com.netflix.discovery.DiscoveryClient    : DiscoveryClient_BUNKER-MICROSERVICE-2/192.168.1.103:Bunker-Microservice-2:0: registering service...
2020-12-29 01:08:17.690  INFO [Bunker-Microservice-2,,] 100812 --- [DiscoveryClient-HeartbeatExecutor-0] com.netflix.discovery.DiscoveryClient    : DiscoveryClient_BUNKER-MICROSERVICE-2/192.168.1.103:Bunker-Microservice-2:0 - registration status: 204
2020-12-29 01:08:18.854  INFO [Bunker-Microservice-2,,] 100812 --- [Thread-9] o.s.c.n.e.s.EurekaServiceRegistry        : Unregistering application BUNKER-MICROSERVICE-2 with eureka with status DOWN
2020-12-29 01:08:18.854  INFO [Bunker-Microservice-2,,] 100812 --- [Thread-9] com.netflix.discovery.DiscoveryClient    : Saw local status change event StatusChangeEvent [timestamp=1609200498854, current=DOWN, previous=UP]
2020-12-29 01:08:18.854  WARN [Bunker-Microservice-2,,] 100812 --- [Thread-9] c.n.discovery.InstanceInfoReplicator     : Ignoring onDemand update due to rate limiter
2020-12-29 01:08:18.865  INFO [Bunker-Microservice-2,,] 100812 --- [Thread-9] o.s.s.concurrent.ThreadPoolTaskExecutor  : Shutting down ExecutorService 'applicationTaskExecutor'
2020-12-29 01:08:19.870  INFO [Bunker-Microservice-2,,] 100812 --- [Thread-9] com.netflix.discovery.DiscoveryClient    : Shutting down DiscoveryClient ...
2020-12-29 01:08:22.693  INFO [Bunker-Microservice-2,,] 100812 --- [DiscoveryClient-HeartbeatExecutor-0] com.netflix.discovery.DiscoveryClient    : DiscoveryClient_BUNKER-MICROSERVICE-2/192.168.1.103:Bunker-Microservice-2:0 - Re-registering apps/BUNKER-MICROSERVICE-2
2020-12-29 01:08:22.694  INFO [Bunker-Microservice-2,,] 100812 --- [DiscoveryClient-HeartbeatExecutor-0] com.netflix.discovery.DiscoveryClient    : DiscoveryClient_BUNKER-MICROSERVICE-2/192.168.1.103:Bunker-Microservice-2:0: registering service...
2020-12-29 01:08:22.698  INFO [Bunker-Microservice-2,,] 100812 --- [DiscoveryClient-HeartbeatExecutor-0] com.netflix.discovery.DiscoveryClient    : DiscoveryClient_BUNKER-MICROSERVICE-2/192.168.1.103:Bunker-Microservice-2:0 - registration status: 204
2020-12-29 01:08:22.874  INFO [Bunker-Microservice-2,,] 100812 --- [Thread-9] com.netflix.discovery.DiscoveryClient    : Unregistering ...
2020-12-29 01:08:22.877  INFO [Bunker-Microservice-2,,] 100812 --- [Thread-9] com.netflix.discovery.DiscoveryClient    : DiscoveryClient_BUNKER-MICROSERVICE-2/192.168.1.103:Bunker-Microservice-2:0 - deregister  status: 200
2020-12-29 01:08:22.883  INFO [Bunker-Microservice-2,,] 100812 --- [Thread-9] com.netflix.discovery.DiscoveryClient    : Completed shut down of DiscoveryClient
