2020-12-29 01:08:23.179  INFO [Bunker-Microservice-2,,] 100812 --- [restartedMain] c.b.m.Microservice2Application           : Starting Microservice2Application using Java 1.8.0_241 on ubuntu-server-01 with PID 100812 (/home/lukasz/Documents/workspace/bunker-system/microservice2/target/classes started by lukasz in /home/lukasz/Documents/workspace/bunker-system/microservice2)
2020-12-29 01:08:23.179  INFO [Bunker-Microservice-2,,] 100812 --- [restartedMain] c.b.m.Microservice2Application           : No active profile set, falling back to default profiles: default
2020-12-29 01:08:23.409  INFO [Bunker-Microservice-2,,] 100812 --- [restartedMain] o.s.cloud.context.scope.GenericScope     : BeanFactory id=7e2bab2a-1bdb-3c56-9fa8-99720926e1ef
2020-12-29 01:08:23.482  INFO [Bunker-Microservice-2,,] 100812 --- [restartedMain] o.s.b.w.embedded.tomcat.TomcatWebServer  : Tomcat initialized with port(s): 0 (http)
2020-12-29 01:08:23.482  INFO [Bunker-Microservice-2,,] 100812 --- [restartedMain] o.apache.catalina.core.StandardService   : Starting service [Tomcat]
2020-12-29 01:08:23.482  INFO [Bunker-Microservice-2,,] 100812 --- [restartedMain] org.apache.catalina.core.StandardEngine  : Starting Servlet engine: [Apache Tomcat/9.0.41]
2020-12-29 01:08:23.484  INFO [Bunker-Microservice-2,,] 100812 --- [restartedMain] o.a.c.c.C.[Tomcat].[localhost].[/]       : Initializing Spring embedded WebApplicationContext
2020-12-29 01:08:23.484  INFO [Bunker-Microservice-2,,] 100812 --- [restartedMain] w.s.c.ServletWebServerApplicationContext : Root WebApplicationContext: initialization completed in 303 ms
2020-12-29 01:08:23.874  INFO [Bunker-Microservice-2,,] 100812 --- [restartedMain] .s.s.UserDetailsServiceAutoConfiguration : 

Using generated security password: 50067fb9-9966-4fdc-9e0f-6178948257e7

2020-12-29 01:08:23.889  INFO [Bunker-Microservice-2,,] 100812 --- [restartedMain] o.s.s.web.DefaultSecurityFilterChain     : Will secure any request with [org.springframework.security.web.context.request.async.WebAsyncManagerIntegrationFilter@54028cfd, org.springframework.security.web.context.SecurityContextPersistenceFilter@2488e334, org.springframework.security.web.header.HeaderWriterFilter@41456171, org.springframework.security.web.csrf.CsrfFilter@494cba19, org.springframework.security.web.authentication.logout.LogoutFilter@5a7fc248, org.springframework.security.web.savedrequest.RequestCacheAwareFilter@7870606c, org.springframework.security.web.servletapi.SecurityContextHolderAwareRequestFilter@6d20155d, org.springframework.security.web.authentication.AnonymousAuthenticationFilter@45e3773b, org.springframework.security.web.session.SessionManagementFilter@7a8a1c24, org.springframework.security.web.access.ExceptionTranslationFilter@3b044e2b, org.springframework.security.web.access.intercept.FilterSecurityInterceptor@7ad601e]
2020-12-29 01:08:23.958  INFO [Bunker-Microservice-2,,] 100812 --- [restartedMain] o.s.s.concurrent.ThreadPoolTaskExecutor  : Initializing ExecutorService 'applicationTaskExecutor'
2020-12-29 01:08:24.063  WARN [Bunker-Microservice-2,,] 100812 --- [restartedMain] o.s.b.d.a.OptionalLiveReloadServer       : Unable to start LiveReload server
2020-12-29 01:08:24.167  INFO [Bunker-Microservice-2,,] 100812 --- [restartedMain] DiscoveryClientOptionalArgsConfiguration : Eureka HTTP Client uses RestTemplate.
2020-12-29 01:08:24.223  WARN [Bunker-Microservice-2,,] 100812 --- [restartedMain] iguration$LoadBalancerCaffeineWarnLogger : Spring Cloud LoadBalancer is currently working with the default cache. You can switch to using Caffeine cache, by adding it to the classpath.
2020-12-29 01:08:24.244  INFO [Bunker-Microservice-2,,] 100812 --- [restartedMain] o.s.b.a.e.web.EndpointLinksResolver      : Exposing 17 endpoint(s) beneath base path '/actuator'
2020-12-29 01:08:24.263  INFO [Bunker-Microservice-2,,] 100812 --- [restartedMain] o.s.b.w.embedded.tomcat.TomcatWebServer  : Tomcat started on port(s): 45181 (http) with context path ''
2020-12-29 01:08:24.264  INFO [Bunker-Microservice-2,,] 100812 --- [restartedMain] .s.c.n.e.s.EurekaAutoServiceRegistration : Updating port to 45181
2020-12-29 01:08:24.264  INFO [Bunker-Microservice-2,,] 100812 --- [restartedMain] o.s.c.n.eureka.InstanceInfoFactory       : Setting initial instance status as: STARTING
2020-12-29 01:08:24.267  INFO [Bunker-Microservice-2,,] 100812 --- [restartedMain] com.netflix.discovery.DiscoveryClient    : Initializing Eureka in region us-east-1
2020-12-29 01:08:24.267  INFO [Bunker-Microservice-2,,] 100812 --- [restartedMain] c.n.d.s.r.aws.ConfigClusterResolver      : Resolving eureka endpoints via configuration
2020-12-29 01:08:24.267  INFO [Bunker-Microservice-2,,] 100812 --- [restartedMain] com.netflix.discovery.DiscoveryClient    : Disable delta property : false
2020-12-29 01:08:24.267  INFO [Bunker-Microservice-2,,] 100812 --- [restartedMain] com.netflix.discovery.DiscoveryClient    : Single vip registry refresh property : null
2020-12-29 01:08:24.267  INFO [Bunker-Microservice-2,,] 100812 --- [restartedMain] com.netflix.discovery.DiscoveryClient    : Force full registry fetch : false
2020-12-29 01:08:24.267  INFO [Bunker-Microservice-2,,] 100812 --- [restartedMain] com.netflix.discovery.DiscoveryClient    : Application is null : false
2020-12-29 01:08:24.267  INFO [Bunker-Microservice-2,,] 100812 --- [restartedMain] com.netflix.discovery.DiscoveryClient    : Registered Applications size is zero : true
2020-12-29 01:08:24.267  INFO [Bunker-Microservice-2,,] 100812 --- [restartedMain] com.netflix.discovery.DiscoveryClient    : Application version is -1: true
2020-12-29 01:08:24.267  INFO [Bunker-Microservice-2,,] 100812 --- [restartedMain] com.netflix.discovery.DiscoveryClient    : Getting all instance registry info from the eureka server
2020-12-29 01:08:24.273  INFO [Bunker-Microservice-2,,] 100812 --- [restartedMain] com.netflix.discovery.DiscoveryClient    : The response status is 200
2020-12-29 01:08:24.274  INFO [Bunker-Microservice-2,,] 100812 --- [restartedMain] com.netflix.discovery.DiscoveryClient    : Starting heartbeat executor: renew interval is: 5
2020-12-29 01:08:24.274  INFO [Bunker-Microservice-2,,] 100812 --- [restartedMain] c.n.discovery.InstanceInfoReplicator     : InstanceInfoReplicator onDemand update allowed rate per min is 4
2020-12-29 01:08:24.274  INFO [Bunker-Microservice-2,,] 100812 --- [restartedMain] com.netflix.discovery.DiscoveryClient    : Discovery Client initialized at timestamp 1609200504274 with initial instances count: 5
2020-12-29 01:08:24.275  INFO [Bunker-Microservice-2,,] 100812 --- [DiscoveryClient-InstanceInfoReplicator-0] com.netflix.discovery.DiscoveryClient    : Saw local status change event StatusChangeEvent [timestamp=1609200504275, current=UP, previous=STARTING]
2020-12-29 01:08:24.276  INFO [Bunker-Microservice-2,,] 100812 --- [DiscoveryClient-InstanceInfoReplicator-0] com.netflix.discovery.DiscoveryClient    : DiscoveryClient_BUNKER-MICROSERVICE-2/192.168.1.103:Bunker-Microservice-2:0: registering service...
2020-12-29 01:08:24.279  INFO [Bunker-Microservice-2,,] 100812 --- [restartedMain] o.s.c.n.e.s.EurekaServiceRegistry        : Registering application BUNKER-MICROSERVICE-2 with eureka with status UP
2020-12-29 01:08:24.280  WARN [Bunker-Microservice-2,,] 100812 --- [restartedMain] c.n.discovery.InstanceInfoReplicator     : Ignoring onDemand update due to rate limiter
2020-12-29 01:08:24.281  INFO [Bunker-Microservice-2,,] 100812 --- [DiscoveryClient-InstanceInfoReplicator-0] com.netflix.discovery.DiscoveryClient    : DiscoveryClient_BUNKER-MICROSERVICE-2/192.168.1.103:Bunker-Microservice-2:0 - registration status: 204
2020-12-29 01:08:24.414  INFO [Bunker-Microservice-2,,] 100812 --- [restartedMain] c.b.m.Microservice2Application           : Started Microservice2Application in 1.336 seconds (JVM running for 11722.309)
2020-12-29 01:08:24.416  INFO [Bunker-Microservice-2,,] 100812 --- [restartedMain] .ConditionEvaluationDeltaLoggingListener : Condition evaluation unchanged
2020-12-29 01:08:33.143  INFO [Bunker-Microservice-2,,] 100812 --- [http-nio-auto-3-exec-1] o.a.c.c.C.[Tomcat].[localhost].[/]       : Initializing Spring DispatcherServlet 'dispatcherServlet'
2020-12-29 01:08:33.143  INFO [Bunker-Microservice-2,,] 100812 --- [http-nio-auto-3-exec-1] o.s.web.servlet.DispatcherServlet        : Initializing Servlet 'dispatcherServlet'
2020-12-29 01:08:33.145  INFO [Bunker-Microservice-2,,] 100812 --- [http-nio-auto-3-exec-1] o.s.web.servlet.DispatcherServlet        : Completed initialization in 1 ms
2020-12-29 01:10:05.969  INFO [Bunker-Microservice-2,,] 100812 --- [Thread-16] o.s.c.n.e.s.EurekaServiceRegistry        : Unregistering application BUNKER-MICROSERVICE-2 with eureka with status DOWN
2020-12-29 01:10:05.969  INFO [Bunker-Microservice-2,,] 100812 --- [Thread-16] com.netflix.discovery.DiscoveryClient    : Saw local status change event StatusChangeEvent [timestamp=1609200605969, current=DOWN, previous=UP]
2020-12-29 01:10:05.969  INFO [Bunker-Microservice-2,,] 100812 --- [DiscoveryClient-InstanceInfoReplicator-0] com.netflix.discovery.DiscoveryClient    : Saw local status change event StatusChangeEvent [timestamp=1609200605969, current=UP, previous=DOWN]
2020-12-29 01:10:05.969  INFO [Bunker-Microservice-2,,] 100812 --- [DiscoveryClient-InstanceInfoReplicator-0] com.netflix.discovery.DiscoveryClient    : DiscoveryClient_BUNKER-MICROSERVICE-2/192.168.1.103:Bunker-Microservice-2:0: registering service...
2020-12-29 01:10:05.972  INFO [Bunker-Microservice-2,,] 100812 --- [DiscoveryClient-InstanceInfoReplicator-0] com.netflix.discovery.DiscoveryClient    : DiscoveryClient_BUNKER-MICROSERVICE-2/192.168.1.103:Bunker-Microservice-2:0 - registration status: 204
2020-12-29 01:10:05.980  INFO [Bunker-Microservice-2,,] 100812 --- [Thread-16] o.s.s.concurrent.ThreadPoolTaskExecutor  : Shutting down ExecutorService 'applicationTaskExecutor'
2020-12-29 01:10:06.985  INFO [Bunker-Microservice-2,,] 100812 --- [Thread-16] com.netflix.discovery.DiscoveryClient    : Shutting down DiscoveryClient ...
2020-12-29 01:10:09.987  INFO [Bunker-Microservice-2,,] 100812 --- [Thread-16] com.netflix.discovery.DiscoveryClient    : Unregistering ...
2020-12-29 01:10:09.989  INFO [Bunker-Microservice-2,,] 100812 --- [Thread-16] com.netflix.discovery.DiscoveryClient    : DiscoveryClient_BUNKER-MICROSERVICE-2/192.168.1.103:Bunker-Microservice-2:0 - deregister  status: 200
2020-12-29 01:10:09.994  INFO [Bunker-Microservice-2,,] 100812 --- [Thread-16] com.netflix.discovery.DiscoveryClient    : Completed shut down of DiscoveryClient
[2m2020-12-29 01:10:10.282[0;39m [32m INFO[0;39m [35m100812[0;39m [2m---[0;39m [2m[  restartedMain][0;39m [36mc.b.m.Microservice2Application          [0;39m [2m:[0;39m Starting Microservice2Application using Java 1.8.0_241 on ubuntu-server-01 with PID 100812 (/home/lukasz/Documents/workspace/bunker-system/microservice2/target/classes started by lukasz in /home/lukasz/Documents/workspace/bunker-system/microservice2)
[2m2020-12-29 01:10:10.282[0;39m [32m INFO[0;39m [35m100812[0;39m [2m---[0;39m [2m[  restartedMain][0;39m [36mc.b.m.Microservice2Application          [0;39m [2m:[0;39m No active profile set, falling back to default profiles: default
[2m2020-12-29 01:10:10.500[0;39m [32m INFO[0;39m [35m100812[0;39m [2m---[0;39m [2m[  restartedMain][0;39m [36mo.s.cloud.context.scope.GenericScope    [0;39m [2m:[0;39m BeanFactory id=7e2bab2a-1bdb-3c56-9fa8-99720926e1ef
[2m2020-12-29 01:10:10.571[0;39m [32m INFO[0;39m [35m100812[0;39m [2m---[0;39m [2m[  restartedMain][0;39m [36mo.s.b.w.embedded.tomcat.TomcatWebServer [0;39m [2m:[0;39m Tomcat initialized with port(s): 0 (http)
[2m2020-12-29 01:10:10.571[0;39m [32m INFO[0;39m [35m100812[0;39m [2m---[0;39m [2m[  restartedMain][0;39m [36mo.apache.catalina.core.StandardService  [0;39m [2m:[0;39m Starting service [Tomcat]
[2m2020-12-29 01:10:10.571[0;39m [32m INFO[0;39m [35m100812[0;39m [2m---[0;39m [2m[  restartedMain][0;39m [36morg.apache.catalina.core.StandardEngine [0;39m [2m:[0;39m Starting Servlet engine: [Apache Tomcat/9.0.41]
[2m2020-12-29 01:10:10.574[0;39m [32m INFO[0;39m [35m100812[0;39m [2m---[0;39m [2m[  restartedMain][0;39m [36mo.a.c.c.C.[Tomcat].[localhost].[/]      [0;39m [2m:[0;39m Initializing Spring embedded WebApplicationContext
[2m2020-12-29 01:10:10.574[0;39m [32m INFO[0;39m [35m100812[0;39m [2m---[0;39m [2m[  restartedMain][0;39m [36mw.s.c.ServletWebServerApplicationContext[0;39m [2m:[0;39m Root WebApplicationContext: initialization completed in 289 ms
[2m2020-12-29 01:10:10.979[0;39m [32m INFO[0;39m [35m100812[0;39m [2m---[0;39m [2m[  restartedMain][0;39m [36m.s.s.UserDetailsServiceAutoConfiguration[0;39m [2m:[0;39m 

Using generated security password: 877d1127-5ca7-4a6f-b7fc-f714ac1e125e

[2m2020-12-29 01:10:10.995[0;39m [32m INFO[0;39m [35m100812[0;39m [2m---[0;39m [2m[  restartedMain][0;39m [36mo.s.s.web.DefaultSecurityFilterChain    [0;39m [2m:[0;39m Will secure any request with [org.springframework.security.web.context.request.async.WebAsyncManagerIntegrationFilter@198a0859, org.springframework.security.web.context.SecurityContextPersistenceFilter@4371afc2, org.springframework.security.web.header.HeaderWriterFilter@1e479f98, org.springframework.security.web.csrf.CsrfFilter@3a4845f3, org.springframework.security.web.authentication.logout.LogoutFilter@5f237dae, org.springframework.security.web.savedrequest.RequestCacheAwareFilter@3ceb1ac8, org.springframework.security.web.servletapi.SecurityContextHolderAwareRequestFilter@78641df6, org.springframework.security.web.authentication.AnonymousAuthenticationFilter@44b5a06f, org.springframework.security.web.session.SessionManagementFilter@f887f7c, org.springframework.security.web.access.ExceptionTranslationFilter@4710d145, org.springframework.security.web.access.intercept.FilterSecurityInterceptor@6699bc34]
[2m2020-12-29 01:10:11.064[0;39m [32m INFO[0;39m [35m100812[0;39m [2m---[0;39m [2m[  restartedMain][0;39m [36mo.s.s.concurrent.ThreadPoolTaskExecutor [0;39m [2m:[0;39m Initializing ExecutorService 'applicationTaskExecutor'
[2m2020-12-29 01:10:11.166[0;39m [33m WARN[0;39m [35m100812[0;39m [2m---[0;39m [2m[  restartedMain][0;39m [36mo.s.b.d.a.OptionalLiveReloadServer      [0;39m [2m:[0;39m Unable to start LiveReload server
[2m2020-12-29 01:10:11.263[0;39m [32m INFO[0;39m [35m100812[0;39m [2m---[0;39m [2m[  restartedMain][0;39m [36mDiscoveryClientOptionalArgsConfiguration[0;39m [2m:[0;39m Eureka HTTP Client uses RestTemplate.
[2m2020-12-29 01:10:11.317[0;39m [33m WARN[0;39m [35m100812[0;39m [2m---[0;39m [2m[  restartedMain][0;39m [36miguration$LoadBalancerCaffeineWarnLogger[0;39m [2m:[0;39m Spring Cloud LoadBalancer is currently working with the default cache. You can switch to using Caffeine cache, by adding it to the classpath.
[2m2020-12-29 01:10:11.338[0;39m [32m INFO[0;39m [35m100812[0;39m [2m---[0;39m [2m[  restartedMain][0;39m [36mo.s.b.a.e.web.EndpointLinksResolver     [0;39m [2m:[0;39m Exposing 17 endpoint(s) beneath base path '/actuator'
[2m2020-12-29 01:10:11.357[0;39m [32m INFO[0;39m [35m100812[0;39m [2m---[0;39m [2m[  restartedMain][0;39m [36mo.s.b.w.embedded.tomcat.TomcatWebServer [0;39m [2m:[0;39m Tomcat started on port(s): 46043 (http) with context path ''
[2m2020-12-29 01:10:11.357[0;39m [32m INFO[0;39m [35m100812[0;39m [2m---[0;39m [2m[  restartedMain][0;39m [36m.s.c.n.e.s.EurekaAutoServiceRegistration[0;39m [2m:[0;39m Updating port to 46043
[2m2020-12-29 01:10:11.358[0;39m [32m INFO[0;39m [35m100812[0;39m [2m---[0;39m [2m[  restartedMain][0;39m [36mo.s.c.n.eureka.InstanceInfoFactory      [0;39m [2m:[0;39m Setting initial instance status as: STARTING
[2m2020-12-29 01:10:11.361[0;39m [32m INFO[0;39m [35m100812[0;39m [2m---[0;39m [2m[  restartedMain][0;39m [36mcom.netflix.discovery.DiscoveryClient   [0;39m [2m:[0;39m Initializing Eureka in region us-east-1
[2m2020-12-29 01:10:11.361[0;39m [32m INFO[0;39m [35m100812[0;39m [2m---[0;39m [2m[  restartedMain][0;39m [36mc.n.d.s.r.aws.ConfigClusterResolver     [0;39m [2m:[0;39m Resolving eureka endpoints via configuration
[2m2020-12-29 01:10:11.362[0;39m [32m INFO[0;39m [35m100812[0;39m [2m---[0;39m [2m[  restartedMain][0;39m [36mcom.netflix.discovery.DiscoveryClient   [0;39m [2m:[0;39m Disable delta property : false
[2m2020-12-29 01:10:11.362[0;39m [32m INFO[0;39m [35m100812[0;39m [2m---[0;39m [2m[  restartedMain][0;39m [36mcom.netflix.discovery.DiscoveryClient   [0;39m [2m:[0;39m Single vip registry refresh property : null
[2m2020-12-29 01:10:11.362[0;39m [32m INFO[0;39m [35m100812[0;39m [2m---[0;39m [2m[  restartedMain][0;39m [36mcom.netflix.discovery.DiscoveryClient   [0;39m [2m:[0;39m Force full registry fetch : false
[2m2020-12-29 01:10:11.362[0;39m [32m INFO[0;39m [35m100812[0;39m [2m---[0;39m [2m[  restartedMain][0;39m [36mcom.netflix.discovery.DiscoveryClient   [0;39m [2m:[0;39m Application is null : false
[2m2020-12-29 01:10:11.362[0;39m [32m INFO[0;39m [35m100812[0;39m [2m---[0;39m [2m[  restartedMain][0;39m [36mcom.netflix.discovery.DiscoveryClient   [0;39m [2m:[0;39m Registered Applications size is zero : true
[2m2020-12-29 01:10:11.362[0;39m [32m INFO[0;39m [35m100812[0;39m [2m---[0;39m [2m[  restartedMain][0;39m [36mcom.netflix.discovery.DiscoveryClient   [0;39m [2m:[0;39m Application version is -1: true
[2m2020-12-29 01:10:11.362[0;39m [32m INFO[0;39m [35m100812[0;39m [2m---[0;39m [2m[  restartedMain][0;39m [36mcom.netflix.discovery.DiscoveryClient   [0;39m [2m:[0;39m Getting all instance registry info from the eureka server
[2m2020-12-29 01:10:11.368[0;39m [32m INFO[0;39m [35m100812[0;39m [2m---[0;39m [2m[  restartedMain][0;39m [36mcom.netflix.discovery.DiscoveryClient   [0;39m [2m:[0;39m The response status is 200
[2m2020-12-29 01:10:11.368[0;39m [32m INFO[0;39m [35m100812[0;39m [2m---[0;39m [2m[  restartedMain][0;39m [36mcom.netflix.discovery.DiscoveryClient   [0;39m [2m:[0;39m Starting heartbeat executor: renew interval is: 5
[2m2020-12-29 01:10:11.369[0;39m [32m INFO[0;39m [35m100812[0;39m [2m---[0;39m [2m[  restartedMain][0;39m [36mc.n.discovery.InstanceInfoReplicator    [0;39m [2m:[0;39m InstanceInfoReplicator onDemand update allowed rate per min is 4
[2m2020-12-29 01:10:11.369[0;39m [32m INFO[0;39m [35m100812[0;39m [2m---[0;39m [2m[  restartedMain][0;39m [36mcom.netflix.discovery.DiscoveryClient   [0;39m [2m:[0;39m Discovery Client initialized at timestamp 1609200611369 with initial instances count: 5
[2m2020-12-29 01:10:11.370[0;39m [32m INFO[0;39m [35m100812[0;39m [2m---[0;39m [2m[nfoReplicator-0][0;39m [36mcom.netflix.discovery.DiscoveryClient   [0;39m [2m:[0;39m Saw local status change event StatusChangeEvent [timestamp=1609200611370, current=UP, previous=STARTING]
[2m2020-12-29 01:10:11.371[0;39m [32m INFO[0;39m [35m100812[0;39m [2m---[0;39m [2m[nfoReplicator-0][0;39m [36mcom.netflix.discovery.DiscoveryClient   [0;39m [2m:[0;39m DiscoveryClient_BUNKER-MICROSERVICE-2/192.168.1.103:Bunker-Microservice-2:0: registering service...
[2m2020-12-29 01:10:11.374[0;39m [32m INFO[0;39m [35m100812[0;39m [2m---[0;39m [2m[  restartedMain][0;39m [36mo.s.c.n.e.s.EurekaServiceRegistry       [0;39m [2m:[0;39m Registering application BUNKER-MICROSERVICE-2 with eureka with status UP
[2m2020-12-29 01:10:11.375[0;39m [33m WARN[0;39m [35m100812[0;39m [2m---[0;39m [2m[  restartedMain][0;39m [36mc.n.discovery.InstanceInfoReplicator    [0;39m [2m:[0;39m Ignoring onDemand update due to rate limiter
[2m2020-12-29 01:10:11.377[0;39m [32m INFO[0;39m [35m100812[0;39m [2m---[0;39m [2m[nfoReplicator-0][0;39m [36mcom.netflix.discovery.DiscoveryClient   [0;39m [2m:[0;39m DiscoveryClient_BUNKER-MICROSERVICE-2/192.168.1.103:Bunker-Microservice-2:0 - registration status: 204
[2m2020-12-29 01:10:11.478[0;39m [32m INFO[0;39m [35m100812[0;39m [2m---[0;39m [2m[  restartedMain][0;39m [36mc.b.m.Microservice2Application          [0;39m [2m:[0;39m Started Microservice2Application in 1.321 seconds (JVM running for 11829.373)
[2m2020-12-29 01:10:11.481[0;39m [32m INFO[0;39m [35m100812[0;39m [2m---[0;39m [2m[  restartedMain][0;39m [36m.ConditionEvaluationDeltaLoggingListener[0;39m [2m:[0;39m Condition evaluation unchanged
[2m2020-12-29 01:10:33.255[0;39m [32m INFO[0;39m [35m100812[0;39m [2m---[0;39m [2m[o-auto-4-exec-1][0;39m [36mo.a.c.c.C.[Tomcat].[localhost].[/]      [0;39m [2m:[0;39m Initializing Spring DispatcherServlet 'dispatcherServlet'
[2m2020-12-29 01:10:33.256[0;39m [32m INFO[0;39m [35m100812[0;39m [2m---[0;39m [2m[o-auto-4-exec-1][0;39m [36mo.s.web.servlet.DispatcherServlet       [0;39m [2m:[0;39m Initializing Servlet 'dispatcherServlet'
[2m2020-12-29 01:10:33.262[0;39m [32m INFO[0;39m [35m100812[0;39m [2m---[0;39m [2m[o-auto-4-exec-1][0;39m [36mo.s.web.servlet.DispatcherServlet       [0;39m [2m:[0;39m Completed initialization in 6 ms
[2m2020-12-29 01:11:02.187[0;39m [32m INFO[0;39m [35m100812[0;39m [2m---[0;39m [2m[extShutdownHook][0;39m [36mo.s.c.n.e.s.EurekaServiceRegistry       [0;39m [2m:[0;39m Unregistering application BUNKER-MICROSERVICE-2 with eureka with status DOWN
[2m2020-12-29 01:11:02.187[0;39m [32m INFO[0;39m [35m100812[0;39m [2m---[0;39m [2m[extShutdownHook][0;39m [36mcom.netflix.discovery.DiscoveryClient   [0;39m [2m:[0;39m Saw local status change event StatusChangeEvent [timestamp=1609200662187, current=DOWN, previous=UP]
[2m2020-12-29 01:11:02.188[0;39m [32m INFO[0;39m [35m100812[0;39m [2m---[0;39m [2m[nfoReplicator-0][0;39m [36mcom.netflix.discovery.DiscoveryClient   [0;39m [2m:[0;39m Saw local status change event StatusChangeEvent [timestamp=1609200662188, current=UP, previous=DOWN]
[2m2020-12-29 01:11:02.188[0;39m [32m INFO[0;39m [35m100812[0;39m [2m---[0;39m [2m[nfoReplicator-0][0;39m [36mcom.netflix.discovery.DiscoveryClient   [0;39m [2m:[0;39m DiscoveryClient_BUNKER-MICROSERVICE-2/192.168.1.103:Bunker-Microservice-2:0: registering service...
[2m2020-12-29 01:11:02.194[0;39m [32m INFO[0;39m [35m100812[0;39m [2m---[0;39m [2m[nfoReplicator-0][0;39m [36mcom.netflix.discovery.DiscoveryClient   [0;39m [2m:[0;39m DiscoveryClient_BUNKER-MICROSERVICE-2/192.168.1.103:Bunker-Microservice-2:0 - registration status: 204
[2m2020-12-29 01:11:02.220[0;39m [32m INFO[0;39m [35m100812[0;39m [2m---[0;39m [2m[extShutdownHook][0;39m [36mo.s.s.concurrent.ThreadPoolTaskExecutor [0;39m [2m:[0;39m Shutting down ExecutorService 'applicationTaskExecutor'
[2m2020-12-29 01:11:03.227[0;39m [32m INFO[0;39m [35m100812[0;39m [2m---[0;39m [2m[extShutdownHook][0;39m [36mcom.netflix.discovery.DiscoveryClient   [0;39m [2m:[0;39m Shutting down DiscoveryClient ...
[2m2020-12-29 01:11:06.230[0;39m [32m INFO[0;39m [35m100812[0;39m [2m---[0;39m [2m[extShutdownHook][0;39m [36mcom.netflix.discovery.DiscoveryClient   [0;39m [2m:[0;39m Unregistering ...
[2m2020-12-29 01:11:06.232[0;39m [32m INFO[0;39m [35m100812[0;39m [2m---[0;39m [2m[extShutdownHook][0;39m [36mcom.netflix.discovery.DiscoveryClient   [0;39m [2m:[0;39m DiscoveryClient_BUNKER-MICROSERVICE-2/192.168.1.103:Bunker-Microservice-2:0 - deregister  status: 200
[2m2020-12-29 01:11:06.239[0;39m [32m INFO[0;39m [35m100812[0;39m [2m---[0;39m [2m[extShutdownHook][0;39m [36mcom.netflix.discovery.DiscoveryClient   [0;39m [2m:[0;39m Completed shut down of DiscoveryClient
2020-12-29 01:11:45.805  INFO 114068 --- [           main] c.b.m.Microservice2ApplicationTest       : Starting Microservice2ApplicationTest using Java 1.8.0_241 on ubuntu-server-01 with PID 114068 (started by lukasz in /home/lukasz/Documents/workspace/bunker-system/microservice2)
2020-12-29 01:11:45.813  INFO 114068 --- [           main] c.b.m.Microservice2ApplicationTest       : No active profile set, falling back to default profiles: default
2020-12-29 01:11:46.782  INFO 114068 --- [           main] o.s.cloud.context.scope.GenericScope     : BeanFactory id=7ab4a9f5-aab1-3d4b-b4c8-62d03ae77138
2020-12-29 01:11:47.410  INFO 114068 --- [           main] .s.s.UserDetailsServiceAutoConfiguration : 

Using generated security password: a35671f5-de02-4a9a-a90a-29f367703e81

2020-12-29 01:11:47.560  INFO 114068 --- [           main] o.s.s.web.DefaultSecurityFilterChain     : Will secure any request with [org.springframework.security.web.context.request.async.WebAsyncManagerIntegrationFilter@4130a648, org.springframework.security.web.context.SecurityContextPersistenceFilter@60743cdb, org.springframework.security.web.header.HeaderWriterFilter@6ac4c3f7, org.springframework.security.web.csrf.CsrfFilter@4a50d04a, org.springframework.security.web.authentication.logout.LogoutFilter@73afe2b7, org.springframework.security.web.savedrequest.RequestCacheAwareFilter@4a9860, org.springframework.security.web.servletapi.SecurityContextHolderAwareRequestFilter@627ff1b8, org.springframework.security.web.authentication.AnonymousAuthenticationFilter@61ff6a49, org.springframework.security.web.session.SessionManagementFilter@2a2dc0a, org.springframework.security.web.access.ExceptionTranslationFilter@373e6b9d, org.springframework.security.web.access.intercept.FilterSecurityInterceptor@42507640]
2020-12-29 01:11:47.987  INFO 114068 --- [           main] o.s.s.concurrent.ThreadPoolTaskExecutor  : Initializing ExecutorService 'applicationTaskExecutor'
2020-12-29 01:11:48.900  INFO 114068 --- [           main] DiscoveryClientOptionalArgsConfiguration : Eureka HTTP Client uses RestTemplate.
2020-12-29 01:11:49.289  WARN 114068 --- [           main] iguration$LoadBalancerCaffeineWarnLogger : Spring Cloud LoadBalancer is currently working with the default cache. You can switch to using Caffeine cache, by adding it to the classpath.
2020-12-29 01:11:49.351  INFO 114068 --- [           main] o.s.b.a.e.web.EndpointLinksResolver      : Exposing 17 endpoint(s) beneath base path '/actuator'
2020-12-29 01:11:49.447  INFO 114068 --- [           main] c.b.m.Microservice2ApplicationTest       : Started Microservice2ApplicationTest in 3.929 seconds (JVM running for 4.584)
2020-12-29 01:11:49.591  INFO 114068 --- [extShutdownHook] o.s.c.n.eureka.InstanceInfoFactory       : Setting initial instance status as: STARTING
2020-12-29 01:11:49.594  INFO 114068 --- [extShutdownHook] o.s.c.n.e.s.EurekaServiceRegistry        : Unregistering application BUNKER-MICROSERVICE-2 with eureka with status DOWN
2020-12-29 01:11:50.606  INFO 114068 --- [extShutdownHook] o.s.s.concurrent.ThreadPoolTaskExecutor  : Shutting down ExecutorService 'applicationTaskExecutor'
[2m2020-12-29 01:14:19.715[0;39m [32m INFO[0;39m [35m115018[0;39m [2m---[0;39m [2m[  restartedMain][0;39m [36mc.b.m.Microservice2Application          [0;39m [2m:[0;39m Starting Microservice2Application using Java 1.8.0_241 on ubuntu-server-01 with PID 115018 (/home/lukasz/Documents/workspace/bunker-system/microservice2/target/classes started by lukasz in /home/lukasz/Documents/workspace/bunker-system/microservice2)
[2m2020-12-29 01:14:19.716[0;39m [32m INFO[0;39m [35m115018[0;39m [2m---[0;39m [2m[  restartedMain][0;39m [36mc.b.m.Microservice2Application          [0;39m [2m:[0;39m No active profile set, falling back to default profiles: default
[2m2020-12-29 01:14:19.750[0;39m [32m INFO[0;39m [35m115018[0;39m [2m---[0;39m [2m[  restartedMain][0;39m [36m.e.DevToolsPropertyDefaultsPostProcessor[0;39m [2m:[0;39m Devtools property defaults active! Set 'spring.devtools.add-properties' to 'false' to disable
[2m2020-12-29 01:14:19.750[0;39m [32m INFO[0;39m [35m115018[0;39m [2m---[0;39m [2m[  restartedMain][0;39m [36m.e.DevToolsPropertyDefaultsPostProcessor[0;39m [2m:[0;39m For additional web related logging consider setting the 'logging.level.web' property to 'DEBUG'
[2m2020-12-29 01:14:20.431[0;39m [32m INFO[0;39m [35m115018[0;39m [2m---[0;39m [2m[  restartedMain][0;39m [36mo.s.cloud.context.scope.GenericScope    [0;39m [2m:[0;39m BeanFactory id=7e2bab2a-1bdb-3c56-9fa8-99720926e1ef
[2m2020-12-29 01:14:20.880[0;39m [32m INFO[0;39m [35m115018[0;39m [2m---[0;39m [2m[  restartedMain][0;39m [36mo.s.b.w.embedded.tomcat.TomcatWebServer [0;39m [2m:[0;39m Tomcat initialized with port(s): 0 (http)
[2m2020-12-29 01:14:20.885[0;39m [32m INFO[0;39m [35m115018[0;39m [2m---[0;39m [2m[  restartedMain][0;39m [36mo.apache.catalina.core.StandardService  [0;39m [2m:[0;39m Starting service [Tomcat]
[2m2020-12-29 01:14:20.886[0;39m [32m INFO[0;39m [35m115018[0;39m [2m---[0;39m [2m[  restartedMain][0;39m [36morg.apache.catalina.core.StandardEngine [0;39m [2m:[0;39m Starting Servlet engine: [Apache Tomcat/9.0.41]
[2m2020-12-29 01:14:20.920[0;39m [32m INFO[0;39m [35m115018[0;39m [2m---[0;39m [2m[  restartedMain][0;39m [36mo.a.c.c.C.[Tomcat].[localhost].[/]      [0;39m [2m:[0;39m Initializing Spring embedded WebApplicationContext
[2m2020-12-29 01:14:20.920[0;39m [32m INFO[0;39m [35m115018[0;39m [2m---[0;39m [2m[  restartedMain][0;39m [36mw.s.c.ServletWebServerApplicationContext[0;39m [2m:[0;39m Root WebApplicationContext: initialization completed in 1169 ms
[2m2020-12-29 01:14:21.630[0;39m [32m INFO[0;39m [35m115018[0;39m [2m---[0;39m [2m[  restartedMain][0;39m [36m.s.s.UserDetailsServiceAutoConfiguration[0;39m [2m:[0;39m 

Using generated security password: 31131233-9242-4fc0-95aa-18500e9a7d17

[2m2020-12-29 01:14:21.687[0;39m [32m INFO[0;39m [35m115018[0;39m [2m---[0;39m [2m[  restartedMain][0;39m [36mo.s.s.web.DefaultSecurityFilterChain    [0;39m [2m:[0;39m Will secure any request with [org.springframework.security.web.context.request.async.WebAsyncManagerIntegrationFilter@44165e59, org.springframework.security.web.context.SecurityContextPersistenceFilter@32fad44e, org.springframework.security.web.header.HeaderWriterFilter@70ca5847, org.springframework.security.web.csrf.CsrfFilter@7969dfef, org.springframework.security.web.authentication.logout.LogoutFilter@7fdfd46b, org.springframework.security.web.savedrequest.RequestCacheAwareFilter@928438, org.springframework.security.web.servletapi.SecurityContextHolderAwareRequestFilter@16da373f, org.springframework.security.web.authentication.AnonymousAuthenticationFilter@79da92db, org.springframework.security.web.session.SessionManagementFilter@1aea9d9c, org.springframework.security.web.access.ExceptionTranslationFilter@3cbba42e, org.springframework.security.web.access.intercept.FilterSecurityInterceptor@28317a39]
[2m2020-12-29 01:14:21.798[0;39m [32m INFO[0;39m [35m115018[0;39m [2m---[0;39m [2m[  restartedMain][0;39m [36mo.s.s.concurrent.ThreadPoolTaskExecutor [0;39m [2m:[0;39m Initializing ExecutorService 'applicationTaskExecutor'
[2m2020-12-29 01:14:21.985[0;39m [33m WARN[0;39m [35m115018[0;39m [2m---[0;39m [2m[  restartedMain][0;39m [36mo.s.b.d.a.OptionalLiveReloadServer      [0;39m [2m:[0;39m Unable to start LiveReload server
[2m2020-12-29 01:14:22.130[0;39m [32m INFO[0;39m [35m115018[0;39m [2m---[0;39m [2m[  restartedMain][0;39m [36mDiscoveryClientOptionalArgsConfiguration[0;39m [2m:[0;39m Eureka HTTP Client uses RestTemplate.
[2m2020-12-29 01:14:22.227[0;39m [33m WARN[0;39m [35m115018[0;39m [2m---[0;39m [2m[  restartedMain][0;39m [36miguration$LoadBalancerCaffeineWarnLogger[0;39m [2m:[0;39m Spring Cloud LoadBalancer is currently working with the default cache. You can switch to using Caffeine cache, by adding it to the classpath.
[2m2020-12-29 01:14:22.260[0;39m [32m INFO[0;39m [35m115018[0;39m [2m---[0;39m [2m[  restartedMain][0;39m [36mo.s.b.a.e.web.EndpointLinksResolver     [0;39m [2m:[0;39m Exposing 17 endpoint(s) beneath base path '/actuator'
[2m2020-12-29 01:14:22.301[0;39m [32m INFO[0;39m [35m115018[0;39m [2m---[0;39m [2m[  restartedMain][0;39m [36mo.s.b.w.embedded.tomcat.TomcatWebServer [0;39m [2m:[0;39m Tomcat started on port(s): 43205 (http) with context path ''
[2m2020-12-29 01:14:22.302[0;39m [32m INFO[0;39m [35m115018[0;39m [2m---[0;39m [2m[  restartedMain][0;39m [36m.s.c.n.e.s.EurekaAutoServiceRegistration[0;39m [2m:[0;39m Updating port to 43205
[2m2020-12-29 01:14:22.305[0;39m [32m INFO[0;39m [35m115018[0;39m [2m---[0;39m [2m[  restartedMain][0;39m [36mo.s.c.n.eureka.InstanceInfoFactory      [0;39m [2m:[0;39m Setting initial instance status as: STARTING
[2m2020-12-29 01:14:22.339[0;39m [32m INFO[0;39m [35m115018[0;39m [2m---[0;39m [2m[  restartedMain][0;39m [36mcom.netflix.discovery.DiscoveryClient   [0;39m [2m:[0;39m Initializing Eureka in region us-east-1
[2m2020-12-29 01:14:22.342[0;39m [32m INFO[0;39m [35m115018[0;39m [2m---[0;39m [2m[  restartedMain][0;39m [36mc.n.d.s.r.aws.ConfigClusterResolver     [0;39m [2m:[0;39m Resolving eureka endpoints via configuration
[2m2020-12-29 01:14:22.352[0;39m [32m INFO[0;39m [35m115018[0;39m [2m---[0;39m [2m[  restartedMain][0;39m [36mcom.netflix.discovery.DiscoveryClient   [0;39m [2m:[0;39m Disable delta property : false
[2m2020-12-29 01:14:22.353[0;39m [32m INFO[0;39m [35m115018[0;39m [2m---[0;39m [2m[  restartedMain][0;39m [36mcom.netflix.discovery.DiscoveryClient   [0;39m [2m:[0;39m Single vip registry refresh property : null
[2m2020-12-29 01:14:22.353[0;39m [32m INFO[0;39m [35m115018[0;39m [2m---[0;39m [2m[  restartedMain][0;39m [36mcom.netflix.discovery.DiscoveryClient   [0;39m [2m:[0;39m Force full registry fetch : false
[2m2020-12-29 01:14:22.353[0;39m [32m INFO[0;39m [35m115018[0;39m [2m---[0;39m [2m[  restartedMain][0;39m [36mcom.netflix.discovery.DiscoveryClient   [0;39m [2m:[0;39m Application is null : false
[2m2020-12-29 01:14:22.353[0;39m [32m INFO[0;39m [35m115018[0;39m [2m---[0;39m [2m[  restartedMain][0;39m [36mcom.netflix.discovery.DiscoveryClient   [0;39m [2m:[0;39m Registered Applications size is zero : true
[2m2020-12-29 01:14:22.353[0;39m [32m INFO[0;39m [35m115018[0;39m [2m---[0;39m [2m[  restartedMain][0;39m [36mcom.netflix.discovery.DiscoveryClient   [0;39m [2m:[0;39m Application version is -1: true
[2m2020-12-29 01:14:22.353[0;39m [32m INFO[0;39m [35m115018[0;39m [2m---[0;39m [2m[  restartedMain][0;39m [36mcom.netflix.discovery.DiscoveryClient   [0;39m [2m:[0;39m Getting all instance registry info from the eureka server
[2m2020-12-29 01:14:22.429[0;39m [32m INFO[0;39m [35m115018[0;39m [2m---[0;39m [2m[  restartedMain][0;39m [36mcom.netflix.discovery.DiscoveryClient   [0;39m [2m:[0;39m The response status is 200
[2m2020-12-29 01:14:22.430[0;39m [32m INFO[0;39m [35m115018[0;39m [2m---[0;39m [2m[  restartedMain][0;39m [36mcom.netflix.discovery.DiscoveryClient   [0;39m [2m:[0;39m Starting heartbeat executor: renew interval is: 5
[2m2020-12-29 01:14:22.432[0;39m [32m INFO[0;39m [35m115018[0;39m [2m---[0;39m [2m[  restartedMain][0;39m [36mc.n.discovery.InstanceInfoReplicator    [0;39m [2m:[0;39m InstanceInfoReplicator onDemand update allowed rate per min is 4
[2m2020-12-29 01:14:22.435[0;39m [32m INFO[0;39m [35m115018[0;39m [2m---[0;39m [2m[  restartedMain][0;39m [36mcom.netflix.discovery.DiscoveryClient   [0;39m [2m:[0;39m Discovery Client initialized at timestamp 1609200862434 with initial instances count: 1
[2m2020-12-29 01:14:22.438[0;39m [32m INFO[0;39m [35m115018[0;39m [2m---[0;39m [2m[nfoReplicator-0][0;39m [36mcom.netflix.discovery.DiscoveryClient   [0;39m [2m:[0;39m Saw local status change event StatusChangeEvent [timestamp=1609200862437, current=UP, previous=STARTING]
[2m2020-12-29 01:14:22.438[0;39m [32m INFO[0;39m [35m115018[0;39m [2m---[0;39m [2m[nfoReplicator-0][0;39m [36mcom.netflix.discovery.DiscoveryClient   [0;39m [2m:[0;39m DiscoveryClient_BUNKER-MICROSERVICE-2/192.168.1.103:Bunker-Microservice-2:0: registering service...
[2m2020-12-29 01:14:22.441[0;39m [32m INFO[0;39m [35m115018[0;39m [2m---[0;39m [2m[  restartedMain][0;39m [36mo.s.c.n.e.s.EurekaServiceRegistry       [0;39m [2m:[0;39m Registering application BUNKER-MICROSERVICE-2 with eureka with status UP
[2m2020-12-29 01:14:22.441[0;39m [33m WARN[0;39m [35m115018[0;39m [2m---[0;39m [2m[  restartedMain][0;39m [36mc.n.discovery.InstanceInfoReplicator    [0;39m [2m:[0;39m Ignoring onDemand update due to rate limiter
[2m2020-12-29 01:14:22.462[0;39m [32m INFO[0;39m [35m115018[0;39m [2m---[0;39m [2m[nfoReplicator-0][0;39m [36mcom.netflix.discovery.DiscoveryClient   [0;39m [2m:[0;39m DiscoveryClient_BUNKER-MICROSERVICE-2/192.168.1.103:Bunker-Microservice-2:0 - registration status: 204
[2m2020-12-29 01:14:22.577[0;39m [32m INFO[0;39m [35m115018[0;39m [2m---[0;39m [2m[  restartedMain][0;39m [36mc.b.m.Microservice2Application          [0;39m [2m:[0;39m Started Microservice2Application in 3.186 seconds (JVM running for 3.476)
[2m2020-12-29 01:14:34.182[0;39m [32m INFO[0;39m [35m115018[0;39m [2m---[0;39m [2m[o-auto-1-exec-1][0;39m [36mo.a.c.c.C.[Tomcat].[localhost].[/]      [0;39m [2m:[0;39m Initializing Spring DispatcherServlet 'dispatcherServlet'
[2m2020-12-29 01:14:34.182[0;39m [32m INFO[0;39m [35m115018[0;39m [2m---[0;39m [2m[o-auto-1-exec-1][0;39m [36mo.s.web.servlet.DispatcherServlet       [0;39m [2m:[0;39m Initializing Servlet 'dispatcherServlet'
[2m2020-12-29 01:14:34.183[0;39m [32m INFO[0;39m [35m115018[0;39m [2m---[0;39m [2m[o-auto-1-exec-1][0;39m [36mo.s.web.servlet.DispatcherServlet       [0;39m [2m:[0;39m Completed initialization in 1 ms
[2m2020-12-29 01:16:00.179[0;39m [33m WARN[0;39m [35m115018[0;39m [2m---[0;39m [2m[o-auto-1-exec-1][0;39m [36mo.s.c.s.a.i.r.SleuthReactorProperties   [0;39m [2m:[0;39m You're using the deprecated [spring.sleuth.reactor.decorate-on-each] property. Please use the [spring.sleuth.reactor.instrumentation-type]
[2m2020-12-29 01:16:00.179[0;39m [33m WARN[0;39m [35m115018[0;39m [2m---[0;39m [2m[o-auto-1-exec-1][0;39m [36mo.s.c.s.a.i.r.SleuthReactorProperties   [0;39m [2m:[0;39m You're using the deprecated [spring.sleuth.reactor.decorate-on-each] property. Please use the [spring.sleuth.reactor.instrumentation-type]
[2m2020-12-29 01:19:22.355[0;39m [32m INFO[0;39m [35m115018[0;39m [2m---[0;39m [2m[trap-executor-0][0;39m [36mc.n.d.s.r.aws.ConfigClusterResolver     [0;39m [2m:[0;39m Resolving eureka endpoints via configuration
[2m2020-12-29 01:24:22.356[0;39m [32m INFO[0;39m [35m115018[0;39m [2m---[0;39m [2m[trap-executor-0][0;39m [36mc.n.d.s.r.aws.ConfigClusterResolver     [0;39m [2m:[0;39m Resolving eureka endpoints via configuration
[2m2020-12-29 01:29:22.357[0;39m [32m INFO[0;39m [35m115018[0;39m [2m---[0;39m [2m[trap-executor-0][0;39m [36mc.n.d.s.r.aws.ConfigClusterResolver     [0;39m [2m:[0;39m Resolving eureka endpoints via configuration
[2m2020-12-29 01:34:22.357[0;39m [32m INFO[0;39m [35m115018[0;39m [2m---[0;39m [2m[trap-executor-0][0;39m [36mc.n.d.s.r.aws.ConfigClusterResolver     [0;39m [2m:[0;39m Resolving eureka endpoints via configuration
[2m2020-12-29 01:39:22.358[0;39m [32m INFO[0;39m [35m115018[0;39m [2m---[0;39m [2m[trap-executor-0][0;39m [36mc.n.d.s.r.aws.ConfigClusterResolver     [0;39m [2m:[0;39m Resolving eureka endpoints via configuration
[2m2020-12-29 01:44:22.359[0;39m [32m INFO[0;39m [35m115018[0;39m [2m---[0;39m [2m[trap-executor-0][0;39m [36mc.n.d.s.r.aws.ConfigClusterResolver     [0;39m [2m:[0;39m Resolving eureka endpoints via configuration
[2m2020-12-29 01:44:30.071[0;39m [32m INFO[0;39m [35m115018[0;39m [2m---[0;39m [2m[o-auto-1-exec-1][0;39m [36mc.b.m.c.r.Microservice2RestController   [0;39m [2m:[0;39m calling Microservice 1...
[2m2020-12-29 01:44:31.172[0;39m [33m WARN[0;39m [35m115018[0;39m [2m---[0;39m [2m[/api/v2/spans}}][0;39m [36mz.r.AsyncReporter$BoundedAsyncReporter  [0;39m [2m:[0;39m Spans were dropped due to exceptions. All subsequent errors will be logged at FINE level.
[2m2020-12-29 01:44:31.179[0;39m [33m WARN[0;39m [35m115018[0;39m [2m---[0;39m [2m[/api/v2/spans}}][0;39m [36mz.r.AsyncReporter$BoundedAsyncReporter  [0;39m [2m:[0;39m Dropped 2 spans due to ResourceAccessException(I/O error on POST request for "http://localhost:9411/api/v2/spans": Połączenie odrzucone (Connection refused); nested exception is java.net.ConnectException: Połączenie odrzucone (Connection refused))

org.springframework.web.client.ResourceAccessException: I/O error on POST request for "http://localhost:9411/api/v2/spans": Połączenie odrzucone (Connection refused); nested exception is java.net.ConnectException: Połączenie odrzucone (Connection refused)
	at org.springframework.web.client.RestTemplate.doExecute(RestTemplate.java:784) ~[spring-web-5.3.2.jar:5.3.2]
	at org.springframework.cloud.sleuth.zipkin2.ZipkinRestTemplateWrapper.doExecute(ZipkinRestTemplateWrapper.java:69) ~[spring-cloud-sleuth-zipkin-3.0.0.jar:3.0.0]
	at org.springframework.web.client.RestTemplate.exchange(RestTemplate.java:659) ~[spring-web-5.3.2.jar:5.3.2]
	at org.springframework.cloud.sleuth.zipkin2.RestTemplateSender.post(RestTemplateSender.java:132) ~[spring-cloud-sleuth-zipkin-3.0.0.jar:3.0.0]
	at org.springframework.cloud.sleuth.zipkin2.RestTemplateSender$HttpPostCall.doExecute(RestTemplateSender.java:150) ~[spring-cloud-sleuth-zipkin-3.0.0.jar:3.0.0]
	at org.springframework.cloud.sleuth.zipkin2.RestTemplateSender$HttpPostCall.doExecute(RestTemplateSender.java:140) ~[spring-cloud-sleuth-zipkin-3.0.0.jar:3.0.0]
	at zipkin2.Call$Base.execute(Call.java:391) ~[zipkin-2.23.0.jar:na]
	at zipkin2.reporter.AsyncReporter$BoundedAsyncReporter.flush(AsyncReporter.java:299) ~[zipkin-reporter-2.16.1.jar:na]
	at zipkin2.reporter.AsyncReporter$Flusher.run(AsyncReporter.java:378) [zipkin-reporter-2.16.1.jar:na]
	at java.lang.Thread.run(Thread.java:748) [na:1.8.0_241]
Caused by: java.net.ConnectException: Połączenie odrzucone (Connection refused)
	at java.net.PlainSocketImpl.socketConnect(Native Method) ~[na:1.8.0_241]
	at java.net.AbstractPlainSocketImpl.doConnect(AbstractPlainSocketImpl.java:350) ~[na:1.8.0_241]
	at java.net.AbstractPlainSocketImpl.connectToAddress(AbstractPlainSocketImpl.java:206) ~[na:1.8.0_241]
	at java.net.AbstractPlainSocketImpl.connect(AbstractPlainSocketImpl.java:188) ~[na:1.8.0_241]
	at java.net.SocksSocketImpl.connect(SocksSocketImpl.java:392) ~[na:1.8.0_241]
	at java.net.Socket.connect(Socket.java:606) ~[na:1.8.0_241]
	at sun.net.NetworkClient.doConnect(NetworkClient.java:175) ~[na:1.8.0_241]
	at sun.net.www.http.HttpClient.openServer(HttpClient.java:463) ~[na:1.8.0_241]
	at sun.net.www.http.HttpClient.openServer(HttpClient.java:558) ~[na:1.8.0_241]
	at sun.net.www.http.HttpClient.<init>(HttpClient.java:242) ~[na:1.8.0_241]
	at sun.net.www.http.HttpClient.New(HttpClient.java:339) ~[na:1.8.0_241]
	at sun.net.www.http.HttpClient.New(HttpClient.java:357) ~[na:1.8.0_241]
	at sun.net.www.protocol.http.HttpURLConnection.getNewHttpClient(HttpURLConnection.java:1226) ~[na:1.8.0_241]
	at sun.net.www.protocol.http.HttpURLConnection.plainConnect0(HttpURLConnection.java:1162) ~[na:1.8.0_241]
	at sun.net.www.protocol.http.HttpURLConnection.plainConnect(HttpURLConnection.java:1056) ~[na:1.8.0_241]
	at sun.net.www.protocol.http.HttpURLConnection.connect(HttpURLConnection.java:990) ~[na:1.8.0_241]
	at org.springframework.http.client.SimpleBufferingClientHttpRequest.executeInternal(SimpleBufferingClientHttpRequest.java:76) ~[spring-web-5.3.2.jar:5.3.2]
	at org.springframework.http.client.AbstractBufferingClientHttpRequest.executeInternal(AbstractBufferingClientHttpRequest.java:48) ~[spring-web-5.3.2.jar:5.3.2]
	at org.springframework.http.client.AbstractClientHttpRequest.execute(AbstractClientHttpRequest.java:66) ~[spring-web-5.3.2.jar:5.3.2]
	at org.springframework.web.client.RestTemplate.doExecute(RestTemplate.java:775) ~[spring-web-5.3.2.jar:5.3.2]
	... 9 common frames omitted

[2m2020-12-29 01:49:22.361[0;39m [32m INFO[0;39m [35m115018[0;39m [2m---[0;39m [2m[trap-executor-0][0;39m [36mc.n.d.s.r.aws.ConfigClusterResolver     [0;39m [2m:[0;39m Resolving eureka endpoints via configuration
[2m2020-12-29 01:54:22.361[0;39m [32m INFO[0;39m [35m115018[0;39m [2m---[0;39m [2m[trap-executor-0][0;39m [36mc.n.d.s.r.aws.ConfigClusterResolver     [0;39m [2m:[0;39m Resolving eureka endpoints via configuration
[2m2020-12-29 01:54:51.595[0;39m [32m INFO[0;39m [35m115018[0;39m [2m---[0;39m [2m[       Thread-1][0;39m [36mo.s.c.n.e.s.EurekaServiceRegistry       [0;39m [2m:[0;39m Unregistering application BUNKER-MICROSERVICE-2 with eureka with status DOWN
[2m2020-12-29 01:54:51.595[0;39m [32m INFO[0;39m [35m115018[0;39m [2m---[0;39m [2m[       Thread-1][0;39m [36mcom.netflix.discovery.DiscoveryClient   [0;39m [2m:[0;39m Saw local status change event StatusChangeEvent [timestamp=1609203291595, current=DOWN, previous=UP]
[2m2020-12-29 01:54:51.596[0;39m [32m INFO[0;39m [35m115018[0;39m [2m---[0;39m [2m[nfoReplicator-0][0;39m [36mcom.netflix.discovery.DiscoveryClient   [0;39m [2m:[0;39m Saw local status change event StatusChangeEvent [timestamp=1609203291596, current=UP, previous=DOWN]
[2m2020-12-29 01:54:51.596[0;39m [32m INFO[0;39m [35m115018[0;39m [2m---[0;39m [2m[nfoReplicator-0][0;39m [36mcom.netflix.discovery.DiscoveryClient   [0;39m [2m:[0;39m DiscoveryClient_BUNKER-MICROSERVICE-2/192.168.1.103:Bunker-Microservice-2:0: registering service...
[2m2020-12-29 01:54:51.603[0;39m [32m INFO[0;39m [35m115018[0;39m [2m---[0;39m [2m[nfoReplicator-0][0;39m [36mcom.netflix.discovery.DiscoveryClient   [0;39m [2m:[0;39m DiscoveryClient_BUNKER-MICROSERVICE-2/192.168.1.103:Bunker-Microservice-2:0 - registration status: 204
[2m2020-12-29 01:54:51.617[0;39m [32m INFO[0;39m [35m115018[0;39m [2m---[0;39m [2m[       Thread-1][0;39m [36mo.s.s.concurrent.ThreadPoolTaskExecutor [0;39m [2m:[0;39m Shutting down ExecutorService 'applicationTaskExecutor'
[2m2020-12-29 01:54:52.275[0;39m [32m INFO[0;39m [35m115018[0;39m [2m---[0;39m [2m[       Thread-1][0;39m [36mcom.netflix.discovery.DiscoveryClient   [0;39m [2m:[0;39m Shutting down DiscoveryClient ...
[2m2020-12-29 01:54:55.276[0;39m [33m WARN[0;39m [35m115018[0;39m [2m---[0;39m [2m[scoveryClient-0][0;39m [36mc.netflix.discovery.TimedSupervisorTask [0;39m [2m:[0;39m task supervisor shutting down, can't accept the task
[2m2020-12-29 01:54:55.277[0;39m [32m INFO[0;39m [35m115018[0;39m [2m---[0;39m [2m[       Thread-1][0;39m [36mcom.netflix.discovery.DiscoveryClient   [0;39m [2m:[0;39m Unregistering ...
[2m2020-12-29 01:54:55.279[0;39m [32m INFO[0;39m [35m115018[0;39m [2m---[0;39m [2m[       Thread-1][0;39m [36mcom.netflix.discovery.DiscoveryClient   [0;39m [2m:[0;39m DiscoveryClient_BUNKER-MICROSERVICE-2/192.168.1.103:Bunker-Microservice-2:0 - deregister  status: 200
[2m2020-12-29 01:54:55.285[0;39m [32m INFO[0;39m [35m115018[0;39m [2m---[0;39m [2m[       Thread-1][0;39m [36mcom.netflix.discovery.DiscoveryClient   [0;39m [2m:[0;39m Completed shut down of DiscoveryClient
[2m2020-12-29 01:54:55.683[0;39m [32m INFO[0;39m [35m115018[0;39m [2m---[0;39m [2m[  restartedMain][0;39m [36mc.b.m.Microservice2Application          [0;39m [2m:[0;39m Starting Microservice2Application using Java 1.8.0_241 on ubuntu-server-01 with PID 115018 (/home/lukasz/Documents/workspace/bunker-system/microservice2/target/classes started by lukasz in /home/lukasz/Documents/workspace/bunker-system/microservice2)
[2m2020-12-29 01:54:55.683[0;39m [32m INFO[0;39m [35m115018[0;39m [2m---[0;39m [2m[  restartedMain][0;39m [36mc.b.m.Microservice2Application          [0;39m [2m:[0;39m No active profile set, falling back to default profiles: default
[2m2020-12-29 01:54:55.927[0;39m [32m INFO[0;39m [35m115018[0;39m [2m---[0;39m [2m[  restartedMain][0;39m [36mo.s.cloud.context.scope.GenericScope    [0;39m [2m:[0;39m BeanFactory id=7e2bab2a-1bdb-3c56-9fa8-99720926e1ef
[2m2020-12-29 01:54:56.005[0;39m [32m INFO[0;39m [35m115018[0;39m [2m---[0;39m [2m[  restartedMain][0;39m [36mo.s.b.w.embedded.tomcat.TomcatWebServer [0;39m [2m:[0;39m Tomcat initialized with port(s): 0 (http)
[2m2020-12-29 01:54:56.006[0;39m [32m INFO[0;39m [35m115018[0;39m [2m---[0;39m [2m[  restartedMain][0;39m [36mo.apache.catalina.core.StandardService  [0;39m [2m:[0;39m Starting service [Tomcat]
[2m2020-12-29 01:54:56.006[0;39m [32m INFO[0;39m [35m115018[0;39m [2m---[0;39m [2m[  restartedMain][0;39m [36morg.apache.catalina.core.StandardEngine [0;39m [2m:[0;39m Starting Servlet engine: [Apache Tomcat/9.0.41]
[2m2020-12-29 01:54:56.009[0;39m [32m INFO[0;39m [35m115018[0;39m [2m---[0;39m [2m[  restartedMain][0;39m [36mo.a.c.c.C.[Tomcat].[localhost].[/]      [0;39m [2m:[0;39m Initializing Spring embedded WebApplicationContext
[2m2020-12-29 01:54:56.009[0;39m [32m INFO[0;39m [35m115018[0;39m [2m---[0;39m [2m[  restartedMain][0;39m [36mw.s.c.ServletWebServerApplicationContext[0;39m [2m:[0;39m Root WebApplicationContext: initialization completed in 324 ms
[2m2020-12-29 01:54:56.134[0;39m [33m WARN[0;39m [35m115018[0;39m [2m---[0;39m [2m[  restartedMain][0;39m [36mo.s.c.s.a.z.ZipkinAutoConfiguration     [0;39m [2m:[0;39m Check result of the [RestTemplateSender{http://localhost:9411/api/v2/spans}] contains an error [CheckResult{ok=false, error=org.springframework.web.client.ResourceAccessException: I/O error on POST request for "http://localhost:9411/api/v2/spans": Połączenie odrzucone (Connection refused); nested exception is java.net.ConnectException: Połączenie odrzucone (Connection refused)}]
[2m2020-12-29 01:54:56.455[0;39m [32m INFO[0;39m [35m115018[0;39m [2m---[0;39m [2m[  restartedMain][0;39m [36m.s.s.UserDetailsServiceAutoConfiguration[0;39m [2m:[0;39m 

Using generated security password: 4a37a548-33f3-491b-8c62-4afeb86c1da5

[2m2020-12-29 01:54:56.473[0;39m [32m INFO[0;39m [35m115018[0;39m [2m---[0;39m [2m[  restartedMain][0;39m [36mo.s.s.web.DefaultSecurityFilterChain    [0;39m [2m:[0;39m Will secure any request with [org.springframework.security.web.context.request.async.WebAsyncManagerIntegrationFilter@151462b9, org.springframework.security.web.context.SecurityContextPersistenceFilter@5b4bc9f0, org.springframework.security.web.header.HeaderWriterFilter@2ed762bb, org.springframework.security.web.csrf.CsrfFilter@6600b18e, org.springframework.security.web.authentication.logout.LogoutFilter@4e8259a2, org.springframework.security.web.savedrequest.RequestCacheAwareFilter@47e073f9, org.springframework.security.web.servletapi.SecurityContextHolderAwareRequestFilter@47e09216, org.springframework.security.web.authentication.AnonymousAuthenticationFilter@2810c1d9, org.springframework.security.web.session.SessionManagementFilter@4401b9f1, org.springframework.security.web.access.ExceptionTranslationFilter@2a92f5e, org.springframework.security.web.access.intercept.FilterSecurityInterceptor@4ca63273]
[2m2020-12-29 01:54:56.552[0;39m [32m INFO[0;39m [35m115018[0;39m [2m---[0;39m [2m[  restartedMain][0;39m [36mo.s.s.concurrent.ThreadPoolTaskExecutor [0;39m [2m:[0;39m Initializing ExecutorService 'applicationTaskExecutor'
[2m2020-12-29 01:54:56.678[0;39m [33m WARN[0;39m [35m115018[0;39m [2m---[0;39m [2m[  restartedMain][0;39m [36mo.s.b.d.a.OptionalLiveReloadServer      [0;39m [2m:[0;39m Unable to start LiveReload server
[2m2020-12-29 01:54:56.802[0;39m [32m INFO[0;39m [35m115018[0;39m [2m---[0;39m [2m[  restartedMain][0;39m [36mDiscoveryClientOptionalArgsConfiguration[0;39m [2m:[0;39m Eureka HTTP Client uses RestTemplate.
[2m2020-12-29 01:54:56.863[0;39m [33m WARN[0;39m [35m115018[0;39m [2m---[0;39m [2m[  restartedMain][0;39m [36miguration$LoadBalancerCaffeineWarnLogger[0;39m [2m:[0;39m Spring Cloud LoadBalancer is currently working with the default cache. You can switch to using Caffeine cache, by adding it to the classpath.
[2m2020-12-29 01:54:56.887[0;39m [32m INFO[0;39m [35m115018[0;39m [2m---[0;39m [2m[  restartedMain][0;39m [36mo.s.b.a.e.web.EndpointLinksResolver     [0;39m [2m:[0;39m Exposing 17 endpoint(s) beneath base path '/actuator'
[2m2020-12-29 01:54:56.909[0;39m [32m INFO[0;39m [35m115018[0;39m [2m---[0;39m [2m[  restartedMain][0;39m [36mo.s.b.w.embedded.tomcat.TomcatWebServer [0;39m [2m:[0;39m Tomcat started on port(s): 33831 (http) with context path ''
[2m2020-12-29 01:54:56.910[0;39m [32m INFO[0;39m [35m115018[0;39m [2m---[0;39m [2m[  restartedMain][0;39m [36m.s.c.n.e.s.EurekaAutoServiceRegistration[0;39m [2m:[0;39m Updating port to 33831
[2m2020-12-29 01:54:56.910[0;39m [32m INFO[0;39m [35m115018[0;39m [2m---[0;39m [2m[  restartedMain][0;39m [36mo.s.c.n.eureka.InstanceInfoFactory      [0;39m [2m:[0;39m Setting initial instance status as: STARTING
[2m2020-12-29 01:54:56.914[0;39m [32m INFO[0;39m [35m115018[0;39m [2m---[0;39m [2m[  restartedMain][0;39m [36mcom.netflix.discovery.DiscoveryClient   [0;39m [2m:[0;39m Initializing Eureka in region us-east-1
[2m2020-12-29 01:54:56.914[0;39m [32m INFO[0;39m [35m115018[0;39m [2m---[0;39m [2m[  restartedMain][0;39m [36mc.n.d.s.r.aws.ConfigClusterResolver     [0;39m [2m:[0;39m Resolving eureka endpoints via configuration
[2m2020-12-29 01:54:56.918[0;39m [32m INFO[0;39m [35m115018[0;39m [2m---[0;39m [2m[  restartedMain][0;39m [36mcom.netflix.discovery.DiscoveryClient   [0;39m [2m:[0;39m Disable delta property : false
[2m2020-12-29 01:54:56.918[0;39m [32m INFO[0;39m [35m115018[0;39m [2m---[0;39m [2m[  restartedMain][0;39m [36mcom.netflix.discovery.DiscoveryClient   [0;39m [2m:[0;39m Single vip registry refresh property : null
[2m2020-12-29 01:54:56.918[0;39m [32m INFO[0;39m [35m115018[0;39m [2m---[0;39m [2m[  restartedMain][0;39m [36mcom.netflix.discovery.DiscoveryClient   [0;39m [2m:[0;39m Force full registry fetch : false
[2m2020-12-29 01:54:56.918[0;39m [32m INFO[0;39m [35m115018[0;39m [2m---[0;39m [2m[  restartedMain][0;39m [36mcom.netflix.discovery.DiscoveryClient   [0;39m [2m:[0;39m Application is null : false
[2m2020-12-29 01:54:56.918[0;39m [32m INFO[0;39m [35m115018[0;39m [2m---[0;39m [2m[  restartedMain][0;39m [36mcom.netflix.discovery.DiscoveryClient   [0;39m [2m:[0;39m Registered Applications size is zero : true
[2m2020-12-29 01:54:56.918[0;39m [32m INFO[0;39m [35m115018[0;39m [2m---[0;39m [2m[  restartedMain][0;39m [36mcom.netflix.discovery.DiscoveryClient   [0;39m [2m:[0;39m Application version is -1: true
[2m2020-12-29 01:54:56.918[0;39m [32m INFO[0;39m [35m115018[0;39m [2m---[0;39m [2m[  restartedMain][0;39m [36mcom.netflix.discovery.DiscoveryClient   [0;39m [2m:[0;39m Getting all instance registry info from the eureka server
[2m2020-12-29 01:54:56.928[0;39m [32m INFO[0;39m [35m115018[0;39m [2m---[0;39m [2m[  restartedMain][0;39m [36mcom.netflix.discovery.DiscoveryClient   [0;39m [2m:[0;39m The response status is 200
[2m2020-12-29 01:54:56.929[0;39m [32m INFO[0;39m [35m115018[0;39m [2m---[0;39m [2m[  restartedMain][0;39m [36mcom.netflix.discovery.DiscoveryClient   [0;39m [2m:[0;39m Starting heartbeat executor: renew interval is: 5
[2m2020-12-29 01:54:56.929[0;39m [32m INFO[0;39m [35m115018[0;39m [2m---[0;39m [2m[  restartedMain][0;39m [36mc.n.discovery.InstanceInfoReplicator    [0;39m [2m:[0;39m InstanceInfoReplicator onDemand update allowed rate per min is 4
[2m2020-12-29 01:54:56.930[0;39m [32m INFO[0;39m [35m115018[0;39m [2m---[0;39m [2m[  restartedMain][0;39m [36mcom.netflix.discovery.DiscoveryClient   [0;39m [2m:[0;39m Discovery Client initialized at timestamp 1609203296930 with initial instances count: 5
[2m2020-12-29 01:54:56.931[0;39m [32m INFO[0;39m [35m115018[0;39m [2m---[0;39m [2m[nfoReplicator-0][0;39m [36mcom.netflix.discovery.DiscoveryClient   [0;39m [2m:[0;39m Saw local status change event StatusChangeEvent [timestamp=1609203296931, current=UP, previous=STARTING]
[2m2020-12-29 01:54:56.932[0;39m [32m INFO[0;39m [35m115018[0;39m [2m---[0;39m [2m[nfoReplicator-0][0;39m [36mcom.netflix.discovery.DiscoveryClient   [0;39m [2m:[0;39m DiscoveryClient_BUNKER-MICROSERVICE-2/192.168.1.103:Bunker-Microservice-2:0: registering service...
[2m2020-12-29 01:54:56.937[0;39m [32m INFO[0;39m [35m115018[0;39m [2m---[0;39m [2m[  restartedMain][0;39m [36mo.s.c.n.e.s.EurekaServiceRegistry       [0;39m [2m:[0;39m Registering application BUNKER-MICROSERVICE-2 with eureka with status UP
[2m2020-12-29 01:54:56.937[0;39m [33m WARN[0;39m [35m115018[0;39m [2m---[0;39m [2m[  restartedMain][0;39m [36mc.n.discovery.InstanceInfoReplicator    [0;39m [2m:[0;39m Ignoring onDemand update due to rate limiter
[2m2020-12-29 01:54:56.938[0;39m [32m INFO[0;39m [35m115018[0;39m [2m---[0;39m [2m[nfoReplicator-0][0;39m [36mcom.netflix.discovery.DiscoveryClient   [0;39m [2m:[0;39m DiscoveryClient_BUNKER-MICROSERVICE-2/192.168.1.103:Bunker-Microservice-2:0 - registration status: 204
[2m2020-12-29 01:54:57.078[0;39m [32m INFO[0;39m [35m115018[0;39m [2m---[0;39m [2m[  restartedMain][0;39m [36mc.b.m.Microservice2Application          [0;39m [2m:[0;39m Started Microservice2Application in 1.688 seconds (JVM running for 2437.977)
[2m2020-12-29 01:54:57.083[0;39m [32m INFO[0;39m [35m115018[0;39m [2m---[0;39m [2m[  restartedMain][0;39m [36m.ConditionEvaluationDeltaLoggingListener[0;39m [2m:[0;39m Condition evaluation unchanged
[2m2020-12-29 01:55:01.188[0;39m [32m INFO[0;39m [35m115018[0;39m [2m---[0;39m [2m[o-auto-2-exec-1][0;39m [36mo.a.c.c.C.[Tomcat].[localhost].[/]      [0;39m [2m:[0;39m Initializing Spring DispatcherServlet 'dispatcherServlet'
[2m2020-12-29 01:55:01.188[0;39m [32m INFO[0;39m [35m115018[0;39m [2m---[0;39m [2m[o-auto-2-exec-1][0;39m [36mo.s.web.servlet.DispatcherServlet       [0;39m [2m:[0;39m Initializing Servlet 'dispatcherServlet'
[2m2020-12-29 01:55:01.190[0;39m [32m INFO[0;39m [35m115018[0;39m [2m---[0;39m [2m[o-auto-2-exec-1][0;39m [36mo.s.web.servlet.DispatcherServlet       [0;39m [2m:[0;39m Completed initialization in 2 ms
[2m2020-12-29 01:55:08.086[0;39m [32m INFO[0;39m [35m115018[0;39m [2m---[0;39m [2m[       Thread-9][0;39m [36mo.s.c.n.e.s.EurekaServiceRegistry       [0;39m [2m:[0;39m Unregistering application BUNKER-MICROSERVICE-2 with eureka with status DOWN
[2m2020-12-29 01:55:08.086[0;39m [32m INFO[0;39m [35m115018[0;39m [2m---[0;39m [2m[       Thread-9][0;39m [36mcom.netflix.discovery.DiscoveryClient   [0;39m [2m:[0;39m Saw local status change event StatusChangeEvent [timestamp=1609203308086, current=DOWN, previous=UP]
[2m2020-12-29 01:55:08.087[0;39m [33m WARN[0;39m [35m115018[0;39m [2m---[0;39m [2m[       Thread-9][0;39m [36mc.n.discovery.InstanceInfoReplicator    [0;39m [2m:[0;39m Ignoring onDemand update due to rate limiter
[2m2020-12-29 01:55:08.099[0;39m [32m INFO[0;39m [35m115018[0;39m [2m---[0;39m [2m[       Thread-9][0;39m [36mo.s.s.concurrent.ThreadPoolTaskExecutor [0;39m [2m:[0;39m Shutting down ExecutorService 'applicationTaskExecutor'
[2m2020-12-29 01:55:09.103[0;39m [32m INFO[0;39m [35m115018[0;39m [2m---[0;39m [2m[       Thread-9][0;39m [36mcom.netflix.discovery.DiscoveryClient   [0;39m [2m:[0;39m Shutting down DiscoveryClient ...
[2m2020-12-29 01:55:11.949[0;39m [32m INFO[0;39m [35m115018[0;39m [2m---[0;39m [2m[tbeatExecutor-0][0;39m [36mcom.netflix.discovery.DiscoveryClient   [0;39m [2m:[0;39m DiscoveryClient_BUNKER-MICROSERVICE-2/192.168.1.103:Bunker-Microservice-2:0 - Re-registering apps/BUNKER-MICROSERVICE-2
[2m2020-12-29 01:55:11.949[0;39m [32m INFO[0;39m [35m115018[0;39m [2m---[0;39m [2m[tbeatExecutor-0][0;39m [36mcom.netflix.discovery.DiscoveryClient   [0;39m [2m:[0;39m DiscoveryClient_BUNKER-MICROSERVICE-2/192.168.1.103:Bunker-Microservice-2:0: registering service...
[2m2020-12-29 01:55:11.952[0;39m [32m INFO[0;39m [35m115018[0;39m [2m---[0;39m [2m[tbeatExecutor-0][0;39m [36mcom.netflix.discovery.DiscoveryClient   [0;39m [2m:[0;39m DiscoveryClient_BUNKER-MICROSERVICE-2/192.168.1.103:Bunker-Microservice-2:0 - registration status: 204
[2m2020-12-29 01:55:12.104[0;39m [32m INFO[0;39m [35m115018[0;39m [2m---[0;39m [2m[       Thread-9][0;39m [36mcom.netflix.discovery.DiscoveryClient   [0;39m [2m:[0;39m Unregistering ...
[2m2020-12-29 01:55:12.105[0;39m [32m INFO[0;39m [35m115018[0;39m [2m---[0;39m [2m[       Thread-9][0;39m [36mcom.netflix.discovery.DiscoveryClient   [0;39m [2m:[0;39m DiscoveryClient_BUNKER-MICROSERVICE-2/192.168.1.103:Bunker-Microservice-2:0 - deregister  status: 200
[2m2020-12-29 01:55:12.108[0;39m [32m INFO[0;39m [35m115018[0;39m [2m---[0;39m [2m[       Thread-9][0;39m [36mcom.netflix.discovery.DiscoveryClient   [0;39m [2m:[0;39m Completed shut down of DiscoveryClient
[2m2020-12-29 01:55:12.608[0;39m [32m INFO[0;39m [35m115018[0;39m [2m---[0;39m [2m[  restartedMain][0;39m [36mc.b.m.Microservice2Application          [0;39m [2m:[0;39m Starting Microservice2Application using Java 1.8.0_241 on ubuntu-server-01 with PID 115018 (/home/lukasz/Documents/workspace/bunker-system/microservice2/target/classes started by lukasz in /home/lukasz/Documents/workspace/bunker-system/microservice2)
[2m2020-12-29 01:55:12.608[0;39m [32m INFO[0;39m [35m115018[0;39m [2m---[0;39m [2m[  restartedMain][0;39m [36mc.b.m.Microservice2Application          [0;39m [2m:[0;39m No active profile set, falling back to default profiles: default
[2m2020-12-29 01:55:12.836[0;39m [32m INFO[0;39m [35m115018[0;39m [2m---[0;39m [2m[  restartedMain][0;39m [36mo.s.cloud.context.scope.GenericScope    [0;39m [2m:[0;39m BeanFactory id=31977824-7bdb-3f88-af58-9dcff3c26335
[2m2020-12-29 01:55:12.911[0;39m [32m INFO[0;39m [35m115018[0;39m [2m---[0;39m [2m[  restartedMain][0;39m [36mo.s.b.w.embedded.tomcat.TomcatWebServer [0;39m [2m:[0;39m Tomcat initialized with port(s): 0 (http)
[2m2020-12-29 01:55:12.911[0;39m [32m INFO[0;39m [35m115018[0;39m [2m---[0;39m [2m[  restartedMain][0;39m [36mo.apache.catalina.core.StandardService  [0;39m [2m:[0;39m Starting service [Tomcat]
[2m2020-12-29 01:55:12.911[0;39m [32m INFO[0;39m [35m115018[0;39m [2m---[0;39m [2m[  restartedMain][0;39m [36morg.apache.catalina.core.StandardEngine [0;39m [2m:[0;39m Starting Servlet engine: [Apache Tomcat/9.0.41]
[2m2020-12-29 01:55:12.914[0;39m [32m INFO[0;39m [35m115018[0;39m [2m---[0;39m [2m[  restartedMain][0;39m [36mo.a.c.c.C.[Tomcat].[localhost].[/]      [0;39m [2m:[0;39m Initializing Spring embedded WebApplicationContext
[2m2020-12-29 01:55:12.914[0;39m [32m INFO[0;39m [35m115018[0;39m [2m---[0;39m [2m[  restartedMain][0;39m [36mw.s.c.ServletWebServerApplicationContext[0;39m [2m:[0;39m Root WebApplicationContext: initialization completed in 304 ms
[2m2020-12-29 01:55:13.060[0;39m [33m WARN[0;39m [35m115018[0;39m [2m---[0;39m [2m[  restartedMain][0;39m [36mo.s.c.s.a.z.ZipkinAutoConfiguration     [0;39m [2m:[0;39m Check result of the [RestTemplateSender{http://localhost:9411/api/v2/spans}] contains an error [CheckResult{ok=false, error=org.springframework.web.client.ResourceAccessException: I/O error on POST request for "http://localhost:9411/api/v2/spans": Połączenie odrzucone (Connection refused); nested exception is java.net.ConnectException: Połączenie odrzucone (Connection refused)}]
[2m2020-12-29 01:55:13.331[0;39m [32m INFO[0;39m [35m115018[0;39m [2m---[0;39m [2m[  restartedMain][0;39m [36m.s.s.UserDetailsServiceAutoConfiguration[0;39m [2m:[0;39m 

Using generated security password: 520f2a47-2ee3-4ad7-a8d2-4a9e617795a5

[2m2020-12-29 01:55:13.347[0;39m [32m INFO[0;39m [35m115018[0;39m [2m---[0;39m [2m[  restartedMain][0;39m [36mo.s.s.web.DefaultSecurityFilterChain    [0;39m [2m:[0;39m Will secure any request with [org.springframework.security.web.context.request.async.WebAsyncManagerIntegrationFilter@4081e3f2, org.springframework.security.web.context.SecurityContextPersistenceFilter@3a2337db, org.springframework.security.web.header.HeaderWriterFilter@1bfef14e, org.springframework.security.web.csrf.CsrfFilter@2af8f22b, org.springframework.security.web.authentication.logout.LogoutFilter@f9d42c2, org.springframework.security.web.savedrequest.RequestCacheAwareFilter@1f8ff958, org.springframework.security.web.servletapi.SecurityContextHolderAwareRequestFilter@43b1bb73, org.springframework.security.web.authentication.AnonymousAuthenticationFilter@61c696e9, org.springframework.security.web.session.SessionManagementFilter@5464ab50, org.springframework.security.web.access.ExceptionTranslationFilter@117e5bb5, org.springframework.security.web.access.intercept.FilterSecurityInterceptor@70f880d7]
[2m2020-12-29 01:55:13.420[0;39m [32m INFO[0;39m [35m115018[0;39m [2m---[0;39m [2m[  restartedMain][0;39m [36mo.s.s.concurrent.ThreadPoolTaskExecutor [0;39m [2m:[0;39m Initializing ExecutorService 'applicationTaskExecutor'
[2m2020-12-29 01:55:13.532[0;39m [33m WARN[0;39m [35m115018[0;39m [2m---[0;39m [2m[  restartedMain][0;39m [36mo.s.b.d.a.OptionalLiveReloadServer      [0;39m [2m:[0;39m Unable to start LiveReload server
[2m2020-12-29 01:55:13.624[0;39m [32m INFO[0;39m [35m115018[0;39m [2m---[0;39m [2m[  restartedMain][0;39m [36mDiscoveryClientOptionalArgsConfiguration[0;39m [2m:[0;39m Eureka HTTP Client uses RestTemplate.
[2m2020-12-29 01:55:13.685[0;39m [33m WARN[0;39m [35m115018[0;39m [2m---[0;39m [2m[  restartedMain][0;39m [36miguration$LoadBalancerCaffeineWarnLogger[0;39m [2m:[0;39m Spring Cloud LoadBalancer is currently working with the default cache. You can switch to using Caffeine cache, by adding it to the classpath.
[2m2020-12-29 01:55:13.709[0;39m [32m INFO[0;39m [35m115018[0;39m [2m---[0;39m [2m[  restartedMain][0;39m [36mo.s.b.a.e.web.EndpointLinksResolver     [0;39m [2m:[0;39m Exposing 17 endpoint(s) beneath base path '/actuator'
[2m2020-12-29 01:55:13.730[0;39m [32m INFO[0;39m [35m115018[0;39m [2m---[0;39m [2m[  restartedMain][0;39m [36mo.s.b.w.embedded.tomcat.TomcatWebServer [0;39m [2m:[0;39m Tomcat started on port(s): 34047 (http) with context path ''
[2m2020-12-29 01:55:13.731[0;39m [32m INFO[0;39m [35m115018[0;39m [2m---[0;39m [2m[  restartedMain][0;39m [36m.s.c.n.e.s.EurekaAutoServiceRegistration[0;39m [2m:[0;39m Updating port to 34047
[2m2020-12-29 01:55:13.731[0;39m [32m INFO[0;39m [35m115018[0;39m [2m---[0;39m [2m[  restartedMain][0;39m [36mo.s.c.n.eureka.InstanceInfoFactory      [0;39m [2m:[0;39m Setting initial instance status as: STARTING
[2m2020-12-29 01:55:13.734[0;39m [32m INFO[0;39m [35m115018[0;39m [2m---[0;39m [2m[  restartedMain][0;39m [36mcom.netflix.discovery.DiscoveryClient   [0;39m [2m:[0;39m Initializing Eureka in region us-east-1
[2m2020-12-29 01:55:13.734[0;39m [32m INFO[0;39m [35m115018[0;39m [2m---[0;39m [2m[  restartedMain][0;39m [36mc.n.d.s.r.aws.ConfigClusterResolver     [0;39m [2m:[0;39m Resolving eureka endpoints via configuration
[2m2020-12-29 01:55:13.735[0;39m [32m INFO[0;39m [35m115018[0;39m [2m---[0;39m [2m[  restartedMain][0;39m [36mcom.netflix.discovery.DiscoveryClient   [0;39m [2m:[0;39m Disable delta property : false
[2m2020-12-29 01:55:13.735[0;39m [32m INFO[0;39m [35m115018[0;39m [2m---[0;39m [2m[  restartedMain][0;39m [36mcom.netflix.discovery.DiscoveryClient   [0;39m [2m:[0;39m Single vip registry refresh property : null
[2m2020-12-29 01:55:13.735[0;39m [32m INFO[0;39m [35m115018[0;39m [2m---[0;39m [2m[  restartedMain][0;39m [36mcom.netflix.discovery.DiscoveryClient   [0;39m [2m:[0;39m Force full registry fetch : false
[2m2020-12-29 01:55:13.735[0;39m [32m INFO[0;39m [35m115018[0;39m [2m---[0;39m [2m[  restartedMain][0;39m [36mcom.netflix.discovery.DiscoveryClient   [0;39m [2m:[0;39m Application is null : false
[2m2020-12-29 01:55:13.735[0;39m [32m INFO[0;39m [35m115018[0;39m [2m---[0;39m [2m[  restartedMain][0;39m [36mcom.netflix.discovery.DiscoveryClient   [0;39m [2m:[0;39m Registered Applications size is zero : true
[2m2020-12-29 01:55:13.735[0;39m [32m INFO[0;39m [35m115018[0;39m [2m---[0;39m [2m[  restartedMain][0;39m [36mcom.netflix.discovery.DiscoveryClient   [0;39m [2m:[0;39m Application version is -1: true
[2m2020-12-29 01:55:13.735[0;39m [32m INFO[0;39m [35m115018[0;39m [2m---[0;39m [2m[  restartedMain][0;39m [36mcom.netflix.discovery.DiscoveryClient   [0;39m [2m:[0;39m Getting all instance registry info from the eureka server
[2m2020-12-29 01:55:13.744[0;39m [32m INFO[0;39m [35m115018[0;39m [2m---[0;39m [2m[  restartedMain][0;39m [36mcom.netflix.discovery.DiscoveryClient   [0;39m [2m:[0;39m The response status is 200
[2m2020-12-29 01:55:13.745[0;39m [32m INFO[0;39m [35m115018[0;39m [2m---[0;39m [2m[  restartedMain][0;39m [36mcom.netflix.discovery.DiscoveryClient   [0;39m [2m:[0;39m Starting heartbeat executor: renew interval is: 5
[2m2020-12-29 01:55:13.745[0;39m [32m INFO[0;39m [35m115018[0;39m [2m---[0;39m [2m[  restartedMain][0;39m [36mc.n.discovery.InstanceInfoReplicator    [0;39m [2m:[0;39m InstanceInfoReplicator onDemand update allowed rate per min is 4
[2m2020-12-29 01:55:13.745[0;39m [32m INFO[0;39m [35m115018[0;39m [2m---[0;39m [2m[  restartedMain][0;39m [36mcom.netflix.discovery.DiscoveryClient   [0;39m [2m:[0;39m Discovery Client initialized at timestamp 1609203313745 with initial instances count: 5
[2m2020-12-29 01:55:13.746[0;39m [32m INFO[0;39m [35m115018[0;39m [2m---[0;39m [2m[nfoReplicator-0][0;39m [36mcom.netflix.discovery.DiscoveryClient   [0;39m [2m:[0;39m Saw local status change event StatusChangeEvent [timestamp=1609203313746, current=UP, previous=STARTING]
[2m2020-12-29 01:55:13.747[0;39m [32m INFO[0;39m [35m115018[0;39m [2m---[0;39m [2m[nfoReplicator-0][0;39m [36mcom.netflix.discovery.DiscoveryClient   [0;39m [2m:[0;39m DiscoveryClient_BUNKER-MICROSERVICE-2/192.168.1.103:Bunker-Microservice-2:0: registering service...
[2m2020-12-29 01:55:13.751[0;39m [32m INFO[0;39m [35m115018[0;39m [2m---[0;39m [2m[  restartedMain][0;39m [36mo.s.c.n.e.s.EurekaServiceRegistry       [0;39m [2m:[0;39m Registering application BUNKER-MICROSERVICE-2 with eureka with status UP
[2m2020-12-29 01:55:13.752[0;39m [33m WARN[0;39m [35m115018[0;39m [2m---[0;39m [2m[  restartedMain][0;39m [36mc.n.discovery.InstanceInfoReplicator    [0;39m [2m:[0;39m Ignoring onDemand update due to rate limiter
[2m2020-12-29 01:55:13.753[0;39m [32m INFO[0;39m [35m115018[0;39m [2m---[0;39m [2m[nfoReplicator-0][0;39m [36mcom.netflix.discovery.DiscoveryClient   [0;39m [2m:[0;39m DiscoveryClient_BUNKER-MICROSERVICE-2/192.168.1.103:Bunker-Microservice-2:0 - registration status: 204
[2m2020-12-29 01:55:13.860[0;39m [32m INFO[0;39m [35m115018[0;39m [2m---[0;39m [2m[  restartedMain][0;39m [36mc.b.m.Microservice2Application          [0;39m [2m:[0;39m Started Microservice2Application in 1.574 seconds (JVM running for 2454.758)
[2m2020-12-29 01:55:13.862[0;39m [32m INFO[0;39m [35m115018[0;39m [2m---[0;39m [2m[  restartedMain][0;39m [36m.ConditionEvaluationDeltaLoggingListener[0;39m [2m:[0;39m Condition evaluation unchanged
[2m2020-12-29 01:55:31.208[0;39m [32m INFO[0;39m [35m115018[0;39m [2m---[0;39m [2m[o-auto-3-exec-1][0;39m [36mo.a.c.c.C.[Tomcat].[localhost].[/]      [0;39m [2m:[0;39m Initializing Spring DispatcherServlet 'dispatcherServlet'
[2m2020-12-29 01:55:31.209[0;39m [32m INFO[0;39m [35m115018[0;39m [2m---[0;39m [2m[o-auto-3-exec-1][0;39m [36mo.s.web.servlet.DispatcherServlet       [0;39m [2m:[0;39m Initializing Servlet 'dispatcherServlet'
[2m2020-12-29 01:55:31.211[0;39m [32m INFO[0;39m [35m115018[0;39m [2m---[0;39m [2m[o-auto-3-exec-1][0;39m [36mo.s.web.servlet.DispatcherServlet       [0;39m [2m:[0;39m Completed initialization in 2 ms
[2m2020-12-29 01:55:54.653[0;39m [32m INFO[0;39m [35m115018[0;39m [2m---[0;39m [2m[extShutdownHook][0;39m [36mo.s.c.n.e.s.EurekaServiceRegistry       [0;39m [2m:[0;39m Unregistering application BUNKER-MICROSERVICE-2 with eureka with status DOWN
[2m2020-12-29 01:55:54.654[0;39m [32m INFO[0;39m [35m115018[0;39m [2m---[0;39m [2m[extShutdownHook][0;39m [36mcom.netflix.discovery.DiscoveryClient   [0;39m [2m:[0;39m Saw local status change event StatusChangeEvent [timestamp=1609203354654, current=DOWN, previous=UP]
[2m2020-12-29 01:55:54.654[0;39m [32m INFO[0;39m [35m115018[0;39m [2m---[0;39m [2m[nfoReplicator-0][0;39m [36mcom.netflix.discovery.DiscoveryClient   [0;39m [2m:[0;39m Saw local status change event StatusChangeEvent [timestamp=1609203354654, current=UP, previous=DOWN]
[2m2020-12-29 01:55:54.655[0;39m [32m INFO[0;39m [35m115018[0;39m [2m---[0;39m [2m[nfoReplicator-0][0;39m [36mcom.netflix.discovery.DiscoveryClient   [0;39m [2m:[0;39m DiscoveryClient_BUNKER-MICROSERVICE-2/192.168.1.103:Bunker-Microservice-2:0: registering service...
[2m2020-12-29 01:55:54.659[0;39m [32m INFO[0;39m [35m115018[0;39m [2m---[0;39m [2m[nfoReplicator-0][0;39m [36mcom.netflix.discovery.DiscoveryClient   [0;39m [2m:[0;39m DiscoveryClient_BUNKER-MICROSERVICE-2/192.168.1.103:Bunker-Microservice-2:0 - registration status: 204
[2m2020-12-29 01:55:54.672[0;39m [32m INFO[0;39m [35m115018[0;39m [2m---[0;39m [2m[extShutdownHook][0;39m [36mo.s.s.concurrent.ThreadPoolTaskExecutor [0;39m [2m:[0;39m Shutting down ExecutorService 'applicationTaskExecutor'
[2m2020-12-29 01:55:55.676[0;39m [32m INFO[0;39m [35m115018[0;39m [2m---[0;39m [2m[extShutdownHook][0;39m [36mcom.netflix.discovery.DiscoveryClient   [0;39m [2m:[0;39m Shutting down DiscoveryClient ...
[2m2020-12-29 01:55:58.677[0;39m [32m INFO[0;39m [35m115018[0;39m [2m---[0;39m [2m[extShutdownHook][0;39m [36mcom.netflix.discovery.DiscoveryClient   [0;39m [2m:[0;39m Unregistering ...
[2m2020-12-29 01:55:58.679[0;39m [32m INFO[0;39m [35m115018[0;39m [2m---[0;39m [2m[extShutdownHook][0;39m [36mcom.netflix.discovery.DiscoveryClient   [0;39m [2m:[0;39m DiscoveryClient_BUNKER-MICROSERVICE-2/192.168.1.103:Bunker-Microservice-2:0 - deregister  status: 200
[2m2020-12-29 01:55:58.683[0;39m [32m INFO[0;39m [35m115018[0;39m [2m---[0;39m [2m[extShutdownHook][0;39m [36mcom.netflix.discovery.DiscoveryClient   [0;39m [2m:[0;39m Completed shut down of DiscoveryClient
2020-12-29 01:56:42.525  INFO 117546 --- [           main] c.b.m.Microservice2ApplicationTest       : Starting Microservice2ApplicationTest using Java 1.8.0_241 on ubuntu-server-01 with PID 117546 (started by lukasz in /home/lukasz/Documents/workspace/bunker-system/microservice2)
2020-12-29 01:56:42.526  INFO 117546 --- [           main] c.b.m.Microservice2ApplicationTest       : No active profile set, falling back to default profiles: default
2020-12-29 01:56:43.492  INFO 117546 --- [           main] o.s.cloud.context.scope.GenericScope     : BeanFactory id=892319ad-9445-32b1-8b4f-98571d73b2fb
2020-12-29 01:56:44.138  INFO 117546 --- [           main] .s.s.UserDetailsServiceAutoConfiguration : 

Using generated security password: c91ba889-519b-46e9-870d-6c629218661c

2020-12-29 01:56:44.289  INFO 117546 --- [           main] o.s.s.web.DefaultSecurityFilterChain     : Will secure any request with [org.springframework.security.web.context.request.async.WebAsyncManagerIntegrationFilter@24043ec5, org.springframework.security.web.context.SecurityContextPersistenceFilter@526e8108, org.springframework.security.web.header.HeaderWriterFilter@70029d2d, org.springframework.security.web.csrf.CsrfFilter@4f486211, org.springframework.security.web.authentication.logout.LogoutFilter@6babffb5, org.springframework.security.web.savedrequest.RequestCacheAwareFilter@1e957e2f, org.springframework.security.web.servletapi.SecurityContextHolderAwareRequestFilter@134f8ef6, org.springframework.security.web.authentication.AnonymousAuthenticationFilter@3e33b52e, org.springframework.security.web.session.SessionManagementFilter@5f366587, org.springframework.security.web.access.ExceptionTranslationFilter@10244722, org.springframework.security.web.access.intercept.FilterSecurityInterceptor@4c302f38]
2020-12-29 01:56:44.695  INFO 117546 --- [           main] o.s.s.concurrent.ThreadPoolTaskExecutor  : Initializing ExecutorService 'applicationTaskExecutor'
2020-12-29 01:56:45.646  INFO 117546 --- [           main] DiscoveryClientOptionalArgsConfiguration : Eureka HTTP Client uses RestTemplate.
2020-12-29 01:56:45.791  WARN 117546 --- [           main] o.s.c.s.a.z.ZipkinAutoConfiguration      : Check result of the [RestTemplateSender{http://localhost:9411/api/v2/spans}] contains an error [CheckResult{ok=false, error=org.springframework.web.client.ResourceAccessException: I/O error on POST request for "http://localhost:9411/api/v2/spans": Połączenie odrzucone (Connection refused); nested exception is java.net.ConnectException: Połączenie odrzucone (Connection refused)}]
2020-12-29 01:56:46.108  WARN 117546 --- [           main] iguration$LoadBalancerCaffeineWarnLogger : Spring Cloud LoadBalancer is currently working with the default cache. You can switch to using Caffeine cache, by adding it to the classpath.
2020-12-29 01:56:46.183  INFO 117546 --- [           main] o.s.b.a.e.web.EndpointLinksResolver      : Exposing 17 endpoint(s) beneath base path '/actuator'
2020-12-29 01:56:46.261  INFO 117546 --- [           main] c.b.m.Microservice2ApplicationTest       : Started Microservice2ApplicationTest in 4.047 seconds (JVM running for 4.726)
2020-12-29 01:56:46.425  INFO 117546 --- [extShutdownHook] o.s.c.n.eureka.InstanceInfoFactory       : Setting initial instance status as: STARTING
2020-12-29 01:56:46.428  INFO 117546 --- [extShutdownHook] o.s.c.n.e.s.EurekaServiceRegistry        : Unregistering application BUNKER-MICROSERVICE-2 with eureka with status DOWN
2020-12-29 01:56:47.435  INFO 117546 --- [extShutdownHook] o.s.s.concurrent.ThreadPoolTaskExecutor  : Shutting down ExecutorService 'applicationTaskExecutor'
